[0.228s] [34mcolcon[0m [1;30mDEBUG[0m [32mCommand line arguments: ['/usr/bin/colcon', 'build', '--packages-select', 'qbo_driver', 'qbo_msgs', '--cmake-clean-cache'][0m
[0.228s] [34mcolcon[0m [1;30mDEBUG[0m [32mParsed command line arguments: Namespace(log_base=None, log_level=None, verb_name='build', build_base='build', install_base='install', merge_install=False, symlink_install=False, test_result_base=None, continue_on_error=False, executor='parallel', parallel_workers=8, event_handlers=None, ignore_user_meta=False, metas=['./colcon.meta'], base_paths=['.'], packages_ignore=None, packages_ignore_regex=None, paths=None, packages_up_to=None, packages_up_to_regex=None, packages_above=None, packages_above_and_dependencies=None, packages_above_depth=None, packages_select_by_dep=None, packages_skip_by_dep=None, packages_skip_up_to=None, packages_select_build_failed=False, packages_skip_build_finished=False, packages_select_test_failures=False, packages_skip_test_passed=False, packages_select=['qbo_driver', 'qbo_msgs'], packages_skip=None, packages_select_regex=None, packages_skip_regex=None, packages_start=None, packages_end=None, allow_overriding=[], cmake_args=None, cmake_target=None, cmake_target_skip_unavailable=False, cmake_clean_cache=True, cmake_clean_first=False, cmake_force_configure=False, ament_cmake_args=None, catkin_cmake_args=None, catkin_skip_building_tests=False, mixin_files=None, mixin=None, verb_parser=<colcon_mixin.mixin.mixin_argument.MixinArgumentDecorator object at 0xffffb8727af0>, verb_extension=<colcon_core.verb.build.BuildVerb object at 0xffffb8727460>, main=<bound method BuildVerb.main of <colcon_core.verb.build.BuildVerb object at 0xffffb8727460>>, mixin_verb=('build',))[0m
[0.311s] [34mcolcon.colcon_core.package_discovery[0m [1;30mLevel 1[0m discover_packages(colcon_meta) check parameters
[0.311s] [34mcolcon.colcon_core.package_discovery[0m [1;30mLevel 1[0m discover_packages(recursive) check parameters
[0.311s] [34mcolcon.colcon_core.package_discovery[0m [1;30mLevel 1[0m discover_packages(ignore) check parameters
[0.311s] [34mcolcon.colcon_core.package_discovery[0m [1;30mLevel 1[0m discover_packages(path) check parameters
[0.311s] [34mcolcon.colcon_core.package_discovery[0m [1;30mLevel 1[0m discover_packages(colcon_meta) discover
[0.311s] [34mcolcon.colcon_core.package_discovery[0m [1;30mLevel 1[0m discover_packages(recursive) discover
[0.311s] [34mcolcon.colcon_core.package_discovery[0m [1;30mINFO[0m Crawling recursively for packages in '/home/qbo-v2/qbo_ws/src'
[0.312s] [34mcolcon.colcon_core.package_identification[0m [1;30mLevel 1[0m _identify(.) by extensions ['ignore', 'ignore_ament_install']
[0.312s] [34mcolcon.colcon_core.package_identification[0m [1;30mLevel 1[0m _identify(.) by extension 'ignore'
[0.312s] [34mcolcon.colcon_core.package_identification[0m [1;30mLevel 1[0m _identify(.) by extension 'ignore_ament_install'
[0.312s] [34mcolcon.colcon_core.package_identification[0m [1;30mLevel 1[0m _identify(.) by extensions ['colcon_pkg']
[0.312s] [34mcolcon.colcon_core.package_identification[0m [1;30mLevel 1[0m _identify(.) by extension 'colcon_pkg'
[0.312s] [34mcolcon.colcon_core.package_identification[0m [1;30mLevel 1[0m _identify(.) by extensions ['colcon_meta']
[0.312s] [34mcolcon.colcon_core.package_identification[0m [1;30mLevel 1[0m _identify(.) by extension 'colcon_meta'
[0.312s] [34mcolcon.colcon_core.package_identification[0m [1;30mLevel 1[0m _identify(.) by extensions ['ros']
[0.312s] [34mcolcon.colcon_core.package_identification[0m [1;30mLevel 1[0m _identify(.) by extension 'ros'
[0.335s] [34mcolcon.colcon_core.package_identification[0m [1;30mLevel 1[0m _identify(.) by extensions ['cmake', 'python']
[0.335s] [34mcolcon.colcon_core.package_identification[0m [1;30mLevel 1[0m _identify(.) by extension 'cmake'
[0.335s] [34mcolcon.colcon_core.package_identification[0m [1;30mLevel 1[0m _identify(.) by extension 'python'
[0.335s] [34mcolcon.colcon_core.package_identification[0m [1;30mLevel 1[0m _identify(.) by extensions ['python_setup_py']
[0.335s] [34mcolcon.colcon_core.package_identification[0m [1;30mLevel 1[0m _identify(.) by extension 'python_setup_py'
[0.335s] [34mcolcon.colcon_core.package_identification[0m [1;30mLevel 1[0m _identify(build) by extensions ['ignore', 'ignore_ament_install']
[0.335s] [34mcolcon.colcon_core.package_identification[0m [1;30mLevel 1[0m _identify(build) by extension 'ignore'
[0.336s] [34mcolcon.colcon_core.package_identification[0m [1;30mLevel 1[0m _identify(build) ignored
[0.336s] [34mcolcon.colcon_core.package_identification[0m [1;30mLevel 1[0m _identify(install) by extensions ['ignore', 'ignore_ament_install']
[0.336s] [34mcolcon.colcon_core.package_identification[0m [1;30mLevel 1[0m _identify(install) by extension 'ignore'
[0.336s] [34mcolcon.colcon_core.package_identification[0m [1;30mLevel 1[0m _identify(install) ignored
[0.336s] [34mcolcon.colcon_core.package_identification[0m [1;30mLevel 1[0m _identify(log) by extensions ['ignore', 'ignore_ament_install']
[0.336s] [34mcolcon.colcon_core.package_identification[0m [1;30mLevel 1[0m _identify(log) by extension 'ignore'
[0.336s] [34mcolcon.colcon_core.package_identification[0m [1;30mLevel 1[0m _identify(log) ignored
[0.337s] [34mcolcon.colcon_core.package_identification[0m [1;30mLevel 1[0m _identify(qbo_driver) by extensions ['ignore', 'ignore_ament_install']
[0.337s] [34mcolcon.colcon_core.package_identification[0m [1;30mLevel 1[0m _identify(qbo_driver) by extension 'ignore'
[0.337s] [34mcolcon.colcon_core.package_identification[0m [1;30mLevel 1[0m _identify(qbo_driver) by extension 'ignore_ament_install'
[0.337s] [34mcolcon.colcon_core.package_identification[0m [1;30mLevel 1[0m _identify(qbo_driver) by extensions ['colcon_pkg']
[0.337s] [34mcolcon.colcon_core.package_identification[0m [1;30mLevel 1[0m _identify(qbo_driver) by extension 'colcon_pkg'
[0.337s] [34mcolcon.colcon_core.package_identification[0m [1;30mLevel 1[0m _identify(qbo_driver) by extensions ['colcon_meta']
[0.337s] [34mcolcon.colcon_core.package_identification[0m [1;30mLevel 1[0m _identify(qbo_driver) by extension 'colcon_meta'
[0.337s] [34mcolcon.colcon_core.package_identification[0m [1;30mLevel 1[0m _identify(qbo_driver) by extensions ['ros']
[0.337s] [34mcolcon.colcon_core.package_identification[0m [1;30mLevel 1[0m _identify(qbo_driver) by extension 'ros'
[0.342s] [34mcolcon.colcon_core.package_identification[0m [1;30mDEBUG[0m [32mPackage 'qbo_driver' with type 'ros.ament_python' and name 'qbo_driver'[0m
[0.342s] [34mcolcon.colcon_core.package_identification[0m [1;30mLevel 1[0m _identify(qbo_msgs) by extensions ['ignore', 'ignore_ament_install']
[0.342s] [34mcolcon.colcon_core.package_identification[0m [1;30mLevel 1[0m _identify(qbo_msgs) by extension 'ignore'
[0.342s] [34mcolcon.colcon_core.package_identification[0m [1;30mLevel 1[0m _identify(qbo_msgs) by extension 'ignore_ament_install'
[0.343s] [34mcolcon.colcon_core.package_identification[0m [1;30mLevel 1[0m _identify(qbo_msgs) by extensions ['colcon_pkg']
[0.343s] [34mcolcon.colcon_core.package_identification[0m [1;30mLevel 1[0m _identify(qbo_msgs) by extension 'colcon_pkg'
[0.343s] [34mcolcon.colcon_core.package_identification[0m [1;30mLevel 1[0m _identify(qbo_msgs) by extensions ['colcon_meta']
[0.343s] [34mcolcon.colcon_core.package_identification[0m [1;30mLevel 1[0m _identify(qbo_msgs) by extension 'colcon_meta'
[0.343s] [34mcolcon.colcon_core.package_identification[0m [1;30mLevel 1[0m _identify(qbo_msgs) by extensions ['ros']
[0.343s] [34mcolcon.colcon_core.package_identification[0m [1;30mLevel 1[0m _identify(qbo_msgs) by extension 'ros'
[0.344s] [34mcolcon.colcon_core.package_identification[0m [1;30mDEBUG[0m [32mPackage 'qbo_msgs' with type 'ros.ament_cmake' and name 'qbo_msgs'[0m
[0.344s] [34mcolcon.colcon_core.package_discovery[0m [1;30mLevel 1[0m discover_packages(recursive) using defaults
[0.344s] [34mcolcon.colcon_core.package_discovery[0m [1;30mLevel 1[0m discover_packages(ignore) discover
[0.344s] [34mcolcon.colcon_core.package_discovery[0m [1;30mLevel 1[0m discover_packages(ignore) using defaults
[0.344s] [34mcolcon.colcon_core.package_discovery[0m [1;30mLevel 1[0m discover_packages(path) discover
[0.345s] [34mcolcon.colcon_core.package_discovery[0m [1;30mLevel 1[0m discover_packages(path) using defaults
[0.373s] [34mcolcon.colcon_core.package_discovery[0m [1;30mLevel 1[0m discover_packages(prefix_path) check parameters
[0.373s] [34mcolcon.colcon_core.package_discovery[0m [1;30mLevel 1[0m discover_packages(prefix_path) discover
[0.377s] [34mcolcon.colcon_installed_package_information.package_discovery[0m [1;30mDEBUG[0m [32mFound 2 installed packages in /home/qbo-v2/qbo_ws/install[0m
[0.379s] [34mcolcon.colcon_installed_package_information.package_discovery[0m [1;30mDEBUG[0m [32mFound 182 installed packages in /opt/ros/humble[0m
[0.380s] [34mcolcon.colcon_core.package_discovery[0m [1;30mLevel 1[0m discover_packages(prefix_path) using defaults
[0.417s] [34mcolcon.colcon_core.verb[0m [1;30mLevel 5[0m set package 'qbo_msgs' build argument 'cmake_args' from command line to 'None'
[0.417s] [34mcolcon.colcon_core.verb[0m [1;30mLevel 5[0m set package 'qbo_msgs' build argument 'cmake_target' from command line to 'None'
[0.417s] [34mcolcon.colcon_core.verb[0m [1;30mLevel 5[0m set package 'qbo_msgs' build argument 'cmake_target_skip_unavailable' from command line to 'False'
[0.417s] [34mcolcon.colcon_core.verb[0m [1;30mLevel 5[0m set package 'qbo_msgs' build argument 'cmake_clean_cache' from command line to 'True'
[0.417s] [34mcolcon.colcon_core.verb[0m [1;30mLevel 5[0m set package 'qbo_msgs' build argument 'cmake_clean_first' from command line to 'False'
[0.417s] [34mcolcon.colcon_core.verb[0m [1;30mLevel 5[0m set package 'qbo_msgs' build argument 'cmake_force_configure' from command line to 'False'
[0.417s] [34mcolcon.colcon_core.verb[0m [1;30mLevel 5[0m set package 'qbo_msgs' build argument 'ament_cmake_args' from command line to 'None'
[0.417s] [34mcolcon.colcon_core.verb[0m [1;30mLevel 5[0m set package 'qbo_msgs' build argument 'catkin_cmake_args' from command line to 'None'
[0.417s] [34mcolcon.colcon_core.verb[0m [1;30mLevel 5[0m set package 'qbo_msgs' build argument 'catkin_skip_building_tests' from command line to 'False'
[0.418s] [34mcolcon.colcon_core.verb[0m [1;30mDEBUG[0m [32mBuilding package 'qbo_msgs' with the following arguments: {'ament_cmake_args': None, 'build_base': '/home/qbo-v2/qbo_ws/src/build/qbo_msgs', 'catkin_cmake_args': None, 'catkin_skip_building_tests': False, 'cmake_args': None, 'cmake_clean_cache': True, 'cmake_clean_first': False, 'cmake_force_configure': False, 'cmake_target': None, 'cmake_target_skip_unavailable': False, 'install_base': '/home/qbo-v2/qbo_ws/src/install/qbo_msgs', 'merge_install': False, 'path': '/home/qbo-v2/qbo_ws/src/qbo_msgs', 'symlink_install': False, 'test_result_base': None}[0m
[0.418s] [34mcolcon.colcon_core.verb[0m [1;30mLevel 5[0m set package 'qbo_driver' build argument 'cmake_args' from command line to 'None'
[0.418s] [34mcolcon.colcon_core.verb[0m [1;30mLevel 5[0m set package 'qbo_driver' build argument 'cmake_target' from command line to 'None'
[0.418s] [34mcolcon.colcon_core.verb[0m [1;30mLevel 5[0m set package 'qbo_driver' build argument 'cmake_target_skip_unavailable' from command line to 'False'
[0.418s] [34mcolcon.colcon_core.verb[0m [1;30mLevel 5[0m set package 'qbo_driver' build argument 'cmake_clean_cache' from command line to 'True'
[0.418s] [34mcolcon.colcon_core.verb[0m [1;30mLevel 5[0m set package 'qbo_driver' build argument 'cmake_clean_first' from command line to 'False'
[0.418s] [34mcolcon.colcon_core.verb[0m [1;30mLevel 5[0m set package 'qbo_driver' build argument 'cmake_force_configure' from command line to 'False'
[0.418s] [34mcolcon.colcon_core.verb[0m [1;30mLevel 5[0m set package 'qbo_driver' build argument 'ament_cmake_args' from command line to 'None'
[0.418s] [34mcolcon.colcon_core.verb[0m [1;30mLevel 5[0m set package 'qbo_driver' build argument 'catkin_cmake_args' from command line to 'None'
[0.418s] [34mcolcon.colcon_core.verb[0m [1;30mLevel 5[0m set package 'qbo_driver' build argument 'catkin_skip_building_tests' from command line to 'False'
[0.418s] [34mcolcon.colcon_core.verb[0m [1;30mDEBUG[0m [32mBuilding package 'qbo_driver' with the following arguments: {'ament_cmake_args': None, 'build_base': '/home/qbo-v2/qbo_ws/src/build/qbo_driver', 'catkin_cmake_args': None, 'catkin_skip_building_tests': False, 'cmake_args': None, 'cmake_clean_cache': True, 'cmake_clean_first': False, 'cmake_force_configure': False, 'cmake_target': None, 'cmake_target_skip_unavailable': False, 'install_base': '/home/qbo-v2/qbo_ws/src/install/qbo_driver', 'merge_install': False, 'path': '/home/qbo-v2/qbo_ws/src/qbo_driver', 'symlink_install': False, 'test_result_base': None}[0m
[0.419s] [34mcolcon.colcon_core.executor[0m [1;30mINFO[0m Executing jobs using 'parallel' executor
[0.421s] [34mcolcon.colcon_parallel_executor.executor.parallel[0m [1;30mDEBUG[0m [32mrun_until_complete[0m
[0.421s] [34mcolcon.colcon_ros.task.ament_cmake.build[0m [1;30mINFO[0m Building ROS package in '/home/qbo-v2/qbo_ws/src/qbo_msgs' with build type 'ament_cmake'
[0.422s] [34mcolcon.colcon_cmake.task.cmake.build[0m [1;30mINFO[0m Building CMake package in '/home/qbo-v2/qbo_ws/src/qbo_msgs'
[0.428s] [34mcolcon.colcon_core.plugin_system[0m [1;30mINFO[0m Skipping extension 'colcon_core.shell.bat': Not used on non-Windows systems
[0.428s] [34mcolcon.colcon_core.shell[0m [1;30mINFO[0m Skip shell extension 'powershell' for command environment: Not usable outside of PowerShell
[0.428s] [34mcolcon.colcon_core.shell[0m [1;30mDEBUG[0m [32mSkip shell extension 'dsv' for command environment[0m
[0.440s] [34mcolcon.colcon_core.event_handler.log_command[0m [1;30mDEBUG[0m [32mInvoking command in '/home/qbo-v2/qbo_ws/src/build/qbo_msgs': CMAKE_PREFIX_PATH=${CMAKE_PREFIX_PATH}:/home/qbo-v2/qbo_ws/install/qbo_driver:/opt/ros/humble /usr/bin/cmake /home/qbo-v2/qbo_ws/src/qbo_msgs -DCMAKE_INSTALL_PREFIX=/home/qbo-v2/qbo_ws/src/install/qbo_msgs[0m
[3.709s] [34mcolcon.colcon_core.event_handler.log_command[0m [1;30mDEBUG[0m [32mInvoked command in '/home/qbo-v2/qbo_ws/src/build/qbo_msgs' returned '0': CMAKE_PREFIX_PATH=${CMAKE_PREFIX_PATH}:/home/qbo-v2/qbo_ws/install/qbo_driver:/opt/ros/humble /usr/bin/cmake /home/qbo-v2/qbo_ws/src/qbo_msgs -DCMAKE_INSTALL_PREFIX=/home/qbo-v2/qbo_ws/src/install/qbo_msgs[0m
[3.714s] [34mcolcon.colcon_core.event_handler.log_command[0m [1;30mDEBUG[0m [32mInvoking command in '/home/qbo-v2/qbo_ws/src/build/qbo_msgs': CMAKE_PREFIX_PATH=${CMAKE_PREFIX_PATH}:/home/qbo-v2/qbo_ws/install/qbo_driver:/opt/ros/humble /usr/bin/cmake --build /home/qbo-v2/qbo_ws/src/build/qbo_msgs -- -j8 -l8[0m
[4.346s] [34mcolcon.colcon_core.event_handler.log_command[0m [1;30mDEBUG[0m [32mInvoked command in '/home/qbo-v2/qbo_ws/src/build/qbo_msgs' returned '0': CMAKE_PREFIX_PATH=${CMAKE_PREFIX_PATH}:/home/qbo-v2/qbo_ws/install/qbo_driver:/opt/ros/humble /usr/bin/cmake --build /home/qbo-v2/qbo_ws/src/build/qbo_msgs -- -j8 -l8[0m
[4.365s] [34mcolcon.colcon_core.event_handler.log_command[0m [1;30mDEBUG[0m [32mInvoking command in '/home/qbo-v2/qbo_ws/src/build/qbo_msgs': CMAKE_PREFIX_PATH=${CMAKE_PREFIX_PATH}:/home/qbo-v2/qbo_ws/install/qbo_driver:/opt/ros/humble /usr/bin/cmake --install /home/qbo-v2/qbo_ws/src/build/qbo_msgs[0m
[4.493s] [34mcolcon.colcon_core.environment[0m [1;30mLevel 1[0m create_environment_scripts_only(qbo_msgs)
[4.494s] [34mcolcon.colcon_core.event_handler.log_command[0m [1;30mDEBUG[0m [32mInvoked command in '/home/qbo-v2/qbo_ws/src/build/qbo_msgs' returned '0': CMAKE_PREFIX_PATH=${CMAKE_PREFIX_PATH}:/home/qbo-v2/qbo_ws/install/qbo_driver:/opt/ros/humble /usr/bin/cmake --install /home/qbo-v2/qbo_ws/src/build/qbo_msgs[0m
[4.503s] [34mcolcon.colcon_core.environment[0m [1;30mLevel 1[0m checking '/home/qbo-v2/qbo_ws/src/install/qbo_msgs' for CMake module files
[4.504s] [34mcolcon.colcon_core.environment[0m [1;30mLevel 1[0m checking '/home/qbo-v2/qbo_ws/src/install/qbo_msgs' for CMake config files
[4.506s] [34mcolcon.colcon_core.shell[0m [1;30mLevel 1[0m create_environment_hook('qbo_msgs', 'cmake_prefix_path')
[4.506s] [34mcolcon.colcon_core.shell[0m [1;30mINFO[0m Creating environment hook '/home/qbo-v2/qbo_ws/src/install/qbo_msgs/share/qbo_msgs/hook/cmake_prefix_path.ps1'
[4.508s] [34mcolcon.colcon_core.shell[0m [1;30mINFO[0m Creating environment descriptor '/home/qbo-v2/qbo_ws/src/install/qbo_msgs/share/qbo_msgs/hook/cmake_prefix_path.dsv'
[4.509s] [34mcolcon.colcon_core.shell[0m [1;30mINFO[0m Creating environment hook '/home/qbo-v2/qbo_ws/src/install/qbo_msgs/share/qbo_msgs/hook/cmake_prefix_path.sh'
[4.511s] [34mcolcon.colcon_core.environment[0m [1;30mLevel 1[0m checking '/home/qbo-v2/qbo_ws/src/install/qbo_msgs/lib'
[4.511s] [34mcolcon.colcon_core.shell[0m [1;30mLevel 1[0m create_environment_hook('qbo_msgs', 'ld_library_path_lib')
[4.512s] [34mcolcon.colcon_core.shell[0m [1;30mINFO[0m Creating environment hook '/home/qbo-v2/qbo_ws/src/install/qbo_msgs/share/qbo_msgs/hook/ld_library_path_lib.ps1'
[4.512s] [34mcolcon.colcon_core.shell[0m [1;30mINFO[0m Creating environment descriptor '/home/qbo-v2/qbo_ws/src/install/qbo_msgs/share/qbo_msgs/hook/ld_library_path_lib.dsv'
[4.513s] [34mcolcon.colcon_core.shell[0m [1;30mINFO[0m Creating environment hook '/home/qbo-v2/qbo_ws/src/install/qbo_msgs/share/qbo_msgs/hook/ld_library_path_lib.sh'
[4.514s] [34mcolcon.colcon_core.environment[0m [1;30mLevel 1[0m checking '/home/qbo-v2/qbo_ws/src/install/qbo_msgs/bin'
[4.514s] [34mcolcon.colcon_core.environment[0m [1;30mLevel 1[0m checking '/home/qbo-v2/qbo_ws/src/install/qbo_msgs/lib/pkgconfig/qbo_msgs.pc'
[4.514s] [34mcolcon.colcon_core.environment[0m [1;30mLevel 1[0m checking '/home/qbo-v2/qbo_ws/src/install/qbo_msgs/lib/python3.10/site-packages'
[4.515s] [34mcolcon.colcon_core.environment[0m [1;30mLevel 1[0m checking '/home/qbo-v2/qbo_ws/src/install/qbo_msgs/bin'
[4.515s] [34mcolcon.colcon_core.shell[0m [1;30mINFO[0m Creating package script '/home/qbo-v2/qbo_ws/src/install/qbo_msgs/share/qbo_msgs/package.ps1'
[4.518s] [34mcolcon.colcon_core.shell[0m [1;30mINFO[0m Creating package descriptor '/home/qbo-v2/qbo_ws/src/install/qbo_msgs/share/qbo_msgs/package.dsv'
[4.520s] [34mcolcon.colcon_core.shell[0m [1;30mINFO[0m Creating package script '/home/qbo-v2/qbo_ws/src/install/qbo_msgs/share/qbo_msgs/package.sh'
[4.522s] [34mcolcon.colcon_core.shell[0m [1;30mINFO[0m Creating package script '/home/qbo-v2/qbo_ws/src/install/qbo_msgs/share/qbo_msgs/package.bash'
[4.523s] [34mcolcon.colcon_core.shell[0m [1;30mINFO[0m Creating package script '/home/qbo-v2/qbo_ws/src/install/qbo_msgs/share/qbo_msgs/package.zsh'
[4.524s] [34mcolcon.colcon_core.environment[0m [1;30mLevel 1[0m create_file_with_runtime_dependencies(/home/qbo-v2/qbo_ws/src/install/qbo_msgs/share/colcon-core/packages/qbo_msgs)
[4.525s] [34mcolcon.colcon_core.environment[0m [1;30mLevel 1[0m create_environment_scripts_only(qbo_msgs)
[4.526s] [34mcolcon.colcon_core.environment[0m [1;30mLevel 1[0m checking '/home/qbo-v2/qbo_ws/src/install/qbo_msgs' for CMake module files
[4.527s] [34mcolcon.colcon_core.environment[0m [1;30mLevel 1[0m checking '/home/qbo-v2/qbo_ws/src/install/qbo_msgs' for CMake config files
[4.528s] [34mcolcon.colcon_core.shell[0m [1;30mLevel 1[0m create_environment_hook('qbo_msgs', 'cmake_prefix_path')
[4.529s] [34mcolcon.colcon_core.shell[0m [1;30mINFO[0m Creating environment hook '/home/qbo-v2/qbo_ws/src/install/qbo_msgs/share/qbo_msgs/hook/cmake_prefix_path.ps1'
[4.530s] [34mcolcon.colcon_core.shell[0m [1;30mINFO[0m Creating environment descriptor '/home/qbo-v2/qbo_ws/src/install/qbo_msgs/share/qbo_msgs/hook/cmake_prefix_path.dsv'
[4.531s] [34mcolcon.colcon_core.shell[0m [1;30mINFO[0m Creating environment hook '/home/qbo-v2/qbo_ws/src/install/qbo_msgs/share/qbo_msgs/hook/cmake_prefix_path.sh'
[4.532s] [34mcolcon.colcon_core.environment[0m [1;30mLevel 1[0m checking '/home/qbo-v2/qbo_ws/src/install/qbo_msgs/lib'
[4.533s] [34mcolcon.colcon_core.shell[0m [1;30mLevel 1[0m create_environment_hook('qbo_msgs', 'ld_library_path_lib')
[4.533s] [34mcolcon.colcon_core.shell[0m [1;30mINFO[0m Creating environment hook '/home/qbo-v2/qbo_ws/src/install/qbo_msgs/share/qbo_msgs/hook/ld_library_path_lib.ps1'
[4.535s] [34mcolcon.colcon_core.shell[0m [1;30mINFO[0m Creating environment descriptor '/home/qbo-v2/qbo_ws/src/install/qbo_msgs/share/qbo_msgs/hook/ld_library_path_lib.dsv'
[4.536s] [34mcolcon.colcon_core.shell[0m [1;30mINFO[0m Creating environment hook '/home/qbo-v2/qbo_ws/src/install/qbo_msgs/share/qbo_msgs/hook/ld_library_path_lib.sh'
[4.537s] [34mcolcon.colcon_core.environment[0m [1;30mLevel 1[0m checking '/home/qbo-v2/qbo_ws/src/install/qbo_msgs/bin'
[4.537s] [34mcolcon.colcon_core.environment[0m [1;30mLevel 1[0m checking '/home/qbo-v2/qbo_ws/src/install/qbo_msgs/lib/pkgconfig/qbo_msgs.pc'
[4.537s] [34mcolcon.colcon_core.environment[0m [1;30mLevel 1[0m checking '/home/qbo-v2/qbo_ws/src/install/qbo_msgs/lib/python3.10/site-packages'
[4.538s] [34mcolcon.colcon_core.environment[0m [1;30mLevel 1[0m checking '/home/qbo-v2/qbo_ws/src/install/qbo_msgs/bin'
[4.539s] [34mcolcon.colcon_core.shell[0m [1;30mINFO[0m Creating package script '/home/qbo-v2/qbo_ws/src/install/qbo_msgs/share/qbo_msgs/package.ps1'
[4.540s] [34mcolcon.colcon_core.shell[0m [1;30mINFO[0m Creating package descriptor '/home/qbo-v2/qbo_ws/src/install/qbo_msgs/share/qbo_msgs/package.dsv'
[4.542s] [34mcolcon.colcon_core.shell[0m [1;30mINFO[0m Creating package script '/home/qbo-v2/qbo_ws/src/install/qbo_msgs/share/qbo_msgs/package.sh'
[4.543s] [34mcolcon.colcon_core.shell[0m [1;30mINFO[0m Creating package script '/home/qbo-v2/qbo_ws/src/install/qbo_msgs/share/qbo_msgs/package.bash'
[4.544s] [34mcolcon.colcon_core.shell[0m [1;30mINFO[0m Creating package script '/home/qbo-v2/qbo_ws/src/install/qbo_msgs/share/qbo_msgs/package.zsh'
[4.545s] [34mcolcon.colcon_core.environment[0m [1;30mLevel 1[0m create_file_with_runtime_dependencies(/home/qbo-v2/qbo_ws/src/install/qbo_msgs/share/colcon-core/packages/qbo_msgs)
[4.546s] [34mcolcon.colcon_ros.task.ament_python.build[0m [1;30mINFO[0m Building ROS package in '/home/qbo-v2/qbo_ws/src/qbo_driver' with build type 'ament_python'
[4.547s] [34mcolcon.colcon_core.shell[0m [1;30mLevel 1[0m create_environment_hook('qbo_driver', 'ament_prefix_path')
[4.547s] [34mcolcon.colcon_core.shell[0m [1;30mINFO[0m Creating environment hook '/home/qbo-v2/qbo_ws/src/install/qbo_driver/share/qbo_driver/hook/ament_prefix_path.ps1'
[4.549s] [34mcolcon.colcon_core.shell[0m [1;30mINFO[0m Creating environment descriptor '/home/qbo-v2/qbo_ws/src/install/qbo_driver/share/qbo_driver/hook/ament_prefix_path.dsv'
[4.550s] [34mcolcon.colcon_core.shell[0m [1;30mINFO[0m Creating environment hook '/home/qbo-v2/qbo_ws/src/install/qbo_driver/share/qbo_driver/hook/ament_prefix_path.sh'
[4.552s] [34mcolcon.colcon_core.shell[0m [1;30mINFO[0m Skip shell extension 'powershell' for command environment: Not usable outside of PowerShell
[4.552s] [34mcolcon.colcon_core.shell[0m [1;30mDEBUG[0m [32mSkip shell extension 'dsv' for command environment[0m
[4.901s] [34mcolcon.colcon_core.task.python.build[0m [1;30mINFO[0m Building Python package in '/home/qbo-v2/qbo_ws/src/qbo_driver'
[4.902s] [34mcolcon.colcon_core.shell[0m [1;30mINFO[0m Skip shell extension 'powershell' for command environment: Not usable outside of PowerShell
[4.902s] [34mcolcon.colcon_core.shell[0m [1;30mDEBUG[0m [32mSkip shell extension 'dsv' for command environment[0m
[5.619s] [34mcolcon.colcon_core.event_handler.log_command[0m [1;30mDEBUG[0m [32mInvoking command in '/home/qbo-v2/qbo_ws/src/qbo_driver': AMENT_PREFIX_PATH=/home/qbo-v2/qbo_ws/src/install/qbo_msgs:${AMENT_PREFIX_PATH} CMAKE_PREFIX_PATH=/home/qbo-v2/qbo_ws/src/install/qbo_msgs:${CMAKE_PREFIX_PATH} LD_LIBRARY_PATH=/home/qbo-v2/qbo_ws/src/install/qbo_msgs/lib:${LD_LIBRARY_PATH} PYTHONPATH=/home/qbo-v2/qbo_ws/src/build/qbo_driver/prefix_override:/usr/lib/python3/dist-packages/colcon_core/task/python/colcon_distutils_commands:/home/qbo-v2/qbo_ws/src/install/qbo_driver/lib/python3.10/site-packages:/home/qbo-v2/qbo_ws/src/install/qbo_msgs/local/lib/python3.10/dist-packages:${PYTHONPATH} /usr/bin/python3 -W ignore:setup.py install is deprecated -W ignore:easy_install command is deprecated setup.py egg_info --egg-base ../build/qbo_driver build --build-base /home/qbo-v2/qbo_ws/src/build/qbo_driver/build install --record /home/qbo-v2/qbo_ws/src/build/qbo_driver/install.log --single-version-externally-managed install_data[0m
[6.420s] [34mcolcon.colcon_core.environment[0m [1;30mLevel 1[0m checking '/home/qbo-v2/qbo_ws/src/install/qbo_driver' for CMake module files
[6.421s] [34mcolcon.colcon_core.event_handler.log_command[0m [1;30mDEBUG[0m [32mInvoked command in '/home/qbo-v2/qbo_ws/src/qbo_driver' returned '0': AMENT_PREFIX_PATH=/home/qbo-v2/qbo_ws/src/install/qbo_msgs:${AMENT_PREFIX_PATH} CMAKE_PREFIX_PATH=/home/qbo-v2/qbo_ws/src/install/qbo_msgs:${CMAKE_PREFIX_PATH} LD_LIBRARY_PATH=/home/qbo-v2/qbo_ws/src/install/qbo_msgs/lib:${LD_LIBRARY_PATH} PYTHONPATH=/home/qbo-v2/qbo_ws/src/build/qbo_driver/prefix_override:/usr/lib/python3/dist-packages/colcon_core/task/python/colcon_distutils_commands:/home/qbo-v2/qbo_ws/src/install/qbo_driver/lib/python3.10/site-packages:/home/qbo-v2/qbo_ws/src/install/qbo_msgs/local/lib/python3.10/dist-packages:${PYTHONPATH} /usr/bin/python3 -W ignore:setup.py install is deprecated -W ignore:easy_install command is deprecated setup.py egg_info --egg-base ../build/qbo_driver build --build-base /home/qbo-v2/qbo_ws/src/build/qbo_driver/build install --record /home/qbo-v2/qbo_ws/src/build/qbo_driver/install.log --single-version-externally-managed install_data[0m
[6.423s] [34mcolcon.colcon_core.environment[0m [1;30mLevel 1[0m checking '/home/qbo-v2/qbo_ws/src/install/qbo_driver' for CMake config files
[6.427s] [34mcolcon.colcon_core.environment[0m [1;30mLevel 1[0m checking '/home/qbo-v2/qbo_ws/src/install/qbo_driver/lib'
[6.427s] [34mcolcon.colcon_core.environment[0m [1;30mLevel 1[0m checking '/home/qbo-v2/qbo_ws/src/install/qbo_driver/bin'
[6.427s] [34mcolcon.colcon_core.environment[0m [1;30mLevel 1[0m checking '/home/qbo-v2/qbo_ws/src/install/qbo_driver/lib/pkgconfig/qbo_driver.pc'
[6.428s] [34mcolcon.colcon_core.environment[0m [1;30mLevel 1[0m checking '/home/qbo-v2/qbo_ws/src/install/qbo_driver/lib/python3.10/site-packages'
[6.428s] [34mcolcon.colcon_core.shell[0m [1;30mLevel 1[0m create_environment_hook('qbo_driver', 'pythonpath')
[6.429s] [34mcolcon.colcon_core.shell[0m [1;30mINFO[0m Creating environment hook '/home/qbo-v2/qbo_ws/src/install/qbo_driver/share/qbo_driver/hook/pythonpath.ps1'
[6.431s] [34mcolcon.colcon_core.shell[0m [1;30mINFO[0m Creating environment descriptor '/home/qbo-v2/qbo_ws/src/install/qbo_driver/share/qbo_driver/hook/pythonpath.dsv'
[6.432s] [34mcolcon.colcon_core.shell[0m [1;30mINFO[0m Creating environment hook '/home/qbo-v2/qbo_ws/src/install/qbo_driver/share/qbo_driver/hook/pythonpath.sh'
[6.434s] [34mcolcon.colcon_core.environment[0m [1;30mLevel 1[0m checking '/home/qbo-v2/qbo_ws/src/install/qbo_driver/bin'
[6.434s] [34mcolcon.colcon_core.environment[0m [1;30mLevel 1[0m create_environment_scripts_only(qbo_driver)
[6.436s] [34mcolcon.colcon_core.shell[0m [1;30mINFO[0m Creating package script '/home/qbo-v2/qbo_ws/src/install/qbo_driver/share/qbo_driver/package.ps1'
[6.437s] [34mcolcon.colcon_core.shell[0m [1;30mINFO[0m Creating package descriptor '/home/qbo-v2/qbo_ws/src/install/qbo_driver/share/qbo_driver/package.dsv'
[6.439s] [34mcolcon.colcon_core.shell[0m [1;30mINFO[0m Creating package script '/home/qbo-v2/qbo_ws/src/install/qbo_driver/share/qbo_driver/package.sh'
[6.440s] [34mcolcon.colcon_core.shell[0m [1;30mINFO[0m Creating package script '/home/qbo-v2/qbo_ws/src/install/qbo_driver/share/qbo_driver/package.bash'
[6.442s] [34mcolcon.colcon_core.shell[0m [1;30mINFO[0m Creating package script '/home/qbo-v2/qbo_ws/src/install/qbo_driver/share/qbo_driver/package.zsh'
[6.443s] [34mcolcon.colcon_core.environment[0m [1;30mLevel 1[0m create_file_with_runtime_dependencies(/home/qbo-v2/qbo_ws/src/install/qbo_driver/share/colcon-core/packages/qbo_driver)
[6.444s] [34mcolcon.colcon_parallel_executor.executor.parallel[0m [1;30mDEBUG[0m [32mclosing loop[0m
[6.445s] [34mcolcon.colcon_parallel_executor.executor.parallel[0m [1;30mDEBUG[0m [32mloop closed[0m
[6.446s] [34mcolcon.colcon_parallel_executor.executor.parallel[0m [1;30mDEBUG[0m [32mrun_until_complete finished with '0'[0m
[6.446s] [34mcolcon.colcon_core.event_reactor[0m [1;30mDEBUG[0m [32mjoining thread[0m
[6.465s] [34mcolcon.colcon_core.plugin_system[0m [1;30mINFO[0m Skipping extension 'colcon_notification.desktop_notification.terminal_notifier': Not used on non-Darwin systems
[6.465s] [34mcolcon.colcon_core.plugin_system[0m [1;30mINFO[0m Skipping extension 'colcon_notification.desktop_notification.win32': Not used on non-Windows systems
[6.465s] [34mcolcon.colcon_notification.desktop_notification[0m [1;30mINFO[0m Sending desktop notification using 'notify2'
[6.506s] [34mcolcon.colcon_core.event_reactor[0m [1;30mDEBUG[0m [32mjoined thread[0m
[6.507s] [34mcolcon.colcon_core.shell[0m [1;30mINFO[0m Creating prefix script '/home/qbo-v2/qbo_ws/src/install/local_setup.ps1'
[6.512s] [34mcolcon.colcon_core.shell[0m [1;30mINFO[0m Creating prefix util module '/home/qbo-v2/qbo_ws/src/install/_local_setup_util_ps1.py'
[6.518s] [34mcolcon.colcon_core.shell[0m [1;30mINFO[0m Creating prefix chain script '/home/qbo-v2/qbo_ws/src/install/setup.ps1'
[6.522s] [34mcolcon.colcon_core.shell[0m [1;30mINFO[0m Creating prefix script '/home/qbo-v2/qbo_ws/src/install/local_setup.sh'
[6.524s] [34mcolcon.colcon_core.shell[0m [1;30mINFO[0m Creating prefix util module '/home/qbo-v2/qbo_ws/src/install/_local_setup_util_sh.py'
[6.526s] [34mcolcon.colcon_core.shell[0m [1;30mINFO[0m Creating prefix chain script '/home/qbo-v2/qbo_ws/src/install/setup.sh'
[6.531s] [34mcolcon.colcon_core.shell[0m [1;30mINFO[0m Creating prefix script '/home/qbo-v2/qbo_ws/src/install/local_setup.bash'
[6.533s] [34mcolcon.colcon_core.shell[0m [1;30mINFO[0m Creating prefix chain script '/home/qbo-v2/qbo_ws/src/install/setup.bash'
[6.537s] [34mcolcon.colcon_core.shell[0m [1;30mINFO[0m Creating prefix script '/home/qbo-v2/qbo_ws/src/install/local_setup.zsh'
[6.539s] [34mcolcon.colcon_core.shell[0m [1;30mINFO[0m Creating prefix chain script '/home/qbo-v2/qbo_ws/src/install/setup.zsh'
