[0.183s] [34mcolcon[0m [1;30mDEBUG[0m [32mCommand line arguments: ['/usr/bin/colcon', 'build', '--packages-select', 'qbo_driver', '--cmake-clean-cache'][0m
[0.183s] [34mcolcon[0m [1;30mDEBUG[0m [32mParsed command line arguments: Namespace(log_base=None, log_level=None, verb_name='build', build_base='build', install_base='install', merge_install=False, symlink_install=False, test_result_base=None, continue_on_error=False, executor='parallel', parallel_workers=8, event_handlers=None, ignore_user_meta=False, metas=['./colcon.meta'], base_paths=['.'], packages_ignore=None, packages_ignore_regex=None, paths=None, packages_up_to=None, packages_up_to_regex=None, packages_above=None, packages_above_and_dependencies=None, packages_above_depth=None, packages_select_by_dep=None, packages_skip_by_dep=None, packages_skip_up_to=None, packages_select_build_failed=False, packages_skip_build_finished=False, packages_select_test_failures=False, packages_skip_test_passed=False, packages_select=['qbo_driver'], packages_skip=None, packages_select_regex=None, packages_skip_regex=None, packages_start=None, packages_end=None, allow_overriding=[], cmake_args=None, cmake_target=None, cmake_target_skip_unavailable=False, cmake_clean_cache=True, cmake_clean_first=False, cmake_force_configure=False, ament_cmake_args=None, catkin_cmake_args=None, catkin_skip_building_tests=False, mixin_files=None, mixin=None, verb_parser=<colcon_mixin.mixin.mixin_argument.MixinArgumentDecorator object at 0xffffb14efbe0>, verb_extension=<colcon_core.verb.build.BuildVerb object at 0xffffb14ef550>, main=<bound method BuildVerb.main of <colcon_core.verb.build.BuildVerb object at 0xffffb14ef550>>, mixin_verb=('build',))[0m
[0.246s] [34mcolcon.colcon_core.package_discovery[0m [1;30mLevel 1[0m discover_packages(colcon_meta) check parameters
[0.246s] [34mcolcon.colcon_core.package_discovery[0m [1;30mLevel 1[0m discover_packages(recursive) check parameters
[0.247s] [34mcolcon.colcon_core.package_discovery[0m [1;30mLevel 1[0m discover_packages(ignore) check parameters
[0.247s] [34mcolcon.colcon_core.package_discovery[0m [1;30mLevel 1[0m discover_packages(path) check parameters
[0.247s] [34mcolcon.colcon_core.package_discovery[0m [1;30mLevel 1[0m discover_packages(colcon_meta) discover
[0.247s] [34mcolcon.colcon_core.package_discovery[0m [1;30mLevel 1[0m discover_packages(recursive) discover
[0.247s] [34mcolcon.colcon_core.package_discovery[0m [1;30mINFO[0m Crawling recursively for packages in '/home/qbo-v2/qbo_ws/src'
[0.247s] [34mcolcon.colcon_core.package_identification[0m [1;30mLevel 1[0m _identify(.) by extensions ['ignore', 'ignore_ament_install']
[0.247s] [34mcolcon.colcon_core.package_identification[0m [1;30mLevel 1[0m _identify(.) by extension 'ignore'
[0.247s] [34mcolcon.colcon_core.package_identification[0m [1;30mLevel 1[0m _identify(.) by extension 'ignore_ament_install'
[0.247s] [34mcolcon.colcon_core.package_identification[0m [1;30mLevel 1[0m _identify(.) by extensions ['colcon_pkg']
[0.247s] [34mcolcon.colcon_core.package_identification[0m [1;30mLevel 1[0m _identify(.) by extension 'colcon_pkg'
[0.248s] [34mcolcon.colcon_core.package_identification[0m [1;30mLevel 1[0m _identify(.) by extensions ['colcon_meta']
[0.248s] [34mcolcon.colcon_core.package_identification[0m [1;30mLevel 1[0m _identify(.) by extension 'colcon_meta'
[0.248s] [34mcolcon.colcon_core.package_identification[0m [1;30mLevel 1[0m _identify(.) by extensions ['ros']
[0.248s] [34mcolcon.colcon_core.package_identification[0m [1;30mLevel 1[0m _identify(.) by extension 'ros'
[0.270s] [34mcolcon.colcon_core.package_identification[0m [1;30mLevel 1[0m _identify(.) by extensions ['cmake', 'python']
[0.270s] [34mcolcon.colcon_core.package_identification[0m [1;30mLevel 1[0m _identify(.) by extension 'cmake'
[0.270s] [34mcolcon.colcon_core.package_identification[0m [1;30mLevel 1[0m _identify(.) by extension 'python'
[0.270s] [34mcolcon.colcon_core.package_identification[0m [1;30mLevel 1[0m _identify(.) by extensions ['python_setup_py']
[0.270s] [34mcolcon.colcon_core.package_identification[0m [1;30mLevel 1[0m _identify(.) by extension 'python_setup_py'
[0.270s] [34mcolcon.colcon_core.package_identification[0m [1;30mLevel 1[0m _identify(build) by extensions ['ignore', 'ignore_ament_install']
[0.271s] [34mcolcon.colcon_core.package_identification[0m [1;30mLevel 1[0m _identify(build) by extension 'ignore'
[0.271s] [34mcolcon.colcon_core.package_identification[0m [1;30mLevel 1[0m _identify(build) ignored
[0.271s] [34mcolcon.colcon_core.package_identification[0m [1;30mLevel 1[0m _identify(install) by extensions ['ignore', 'ignore_ament_install']
[0.271s] [34mcolcon.colcon_core.package_identification[0m [1;30mLevel 1[0m _identify(install) by extension 'ignore'
[0.271s] [34mcolcon.colcon_core.package_identification[0m [1;30mLevel 1[0m _identify(install) ignored
[0.271s] [34mcolcon.colcon_core.package_identification[0m [1;30mLevel 1[0m _identify(log) by extensions ['ignore', 'ignore_ament_install']
[0.271s] [34mcolcon.colcon_core.package_identification[0m [1;30mLevel 1[0m _identify(log) by extension 'ignore'
[0.271s] [34mcolcon.colcon_core.package_identification[0m [1;30mLevel 1[0m _identify(log) ignored
[0.272s] [34mcolcon.colcon_core.package_identification[0m [1;30mLevel 1[0m _identify(qbo_driver) by extensions ['ignore', 'ignore_ament_install']
[0.272s] [34mcolcon.colcon_core.package_identification[0m [1;30mLevel 1[0m _identify(qbo_driver) by extension 'ignore'
[0.272s] [34mcolcon.colcon_core.package_identification[0m [1;30mLevel 1[0m _identify(qbo_driver) by extension 'ignore_ament_install'
[0.272s] [34mcolcon.colcon_core.package_identification[0m [1;30mLevel 1[0m _identify(qbo_driver) by extensions ['colcon_pkg']
[0.272s] [34mcolcon.colcon_core.package_identification[0m [1;30mLevel 1[0m _identify(qbo_driver) by extension 'colcon_pkg'
[0.272s] [34mcolcon.colcon_core.package_identification[0m [1;30mLevel 1[0m _identify(qbo_driver) by extensions ['colcon_meta']
[0.272s] [34mcolcon.colcon_core.package_identification[0m [1;30mLevel 1[0m _identify(qbo_driver) by extension 'colcon_meta'
[0.272s] [34mcolcon.colcon_core.package_identification[0m [1;30mLevel 1[0m _identify(qbo_driver) by extensions ['ros']
[0.272s] [34mcolcon.colcon_core.package_identification[0m [1;30mLevel 1[0m _identify(qbo_driver) by extension 'ros'
[0.276s] [34mcolcon.colcon_core.package_identification[0m [1;30mDEBUG[0m [32mPackage 'qbo_driver' with type 'ros.ament_python' and name 'qbo_driver'[0m
[0.276s] [34mcolcon.colcon_core.package_identification[0m [1;30mLevel 1[0m _identify(qbo_msgs) by extensions ['ignore', 'ignore_ament_install']
[0.276s] [34mcolcon.colcon_core.package_identification[0m [1;30mLevel 1[0m _identify(qbo_msgs) by extension 'ignore'
[0.276s] [34mcolcon.colcon_core.package_identification[0m [1;30mLevel 1[0m _identify(qbo_msgs) by extension 'ignore_ament_install'
[0.276s] [34mcolcon.colcon_core.package_identification[0m [1;30mLevel 1[0m _identify(qbo_msgs) by extensions ['colcon_pkg']
[0.276s] [34mcolcon.colcon_core.package_identification[0m [1;30mLevel 1[0m _identify(qbo_msgs) by extension 'colcon_pkg'
[0.277s] [34mcolcon.colcon_core.package_identification[0m [1;30mLevel 1[0m _identify(qbo_msgs) by extensions ['colcon_meta']
[0.277s] [34mcolcon.colcon_core.package_identification[0m [1;30mLevel 1[0m _identify(qbo_msgs) by extension 'colcon_meta'
[0.277s] [34mcolcon.colcon_core.package_identification[0m [1;30mLevel 1[0m _identify(qbo_msgs) by extensions ['ros']
[0.277s] [34mcolcon.colcon_core.package_identification[0m [1;30mLevel 1[0m _identify(qbo_msgs) by extension 'ros'
[0.278s] [34mcolcon.colcon_core.package_identification[0m [1;30mDEBUG[0m [32mPackage 'qbo_msgs' with type 'ros.ament_cmake' and name 'qbo_msgs'[0m
[0.278s] [34mcolcon.colcon_core.package_discovery[0m [1;30mLevel 1[0m discover_packages(recursive) using defaults
[0.278s] [34mcolcon.colcon_core.package_discovery[0m [1;30mLevel 1[0m discover_packages(ignore) discover
[0.278s] [34mcolcon.colcon_core.package_discovery[0m [1;30mLevel 1[0m discover_packages(ignore) using defaults
[0.278s] [34mcolcon.colcon_core.package_discovery[0m [1;30mLevel 1[0m discover_packages(path) discover
[0.278s] [34mcolcon.colcon_core.package_discovery[0m [1;30mLevel 1[0m discover_packages(path) using defaults
[0.303s] [34mcolcon.colcon_core.package_selection[0m [1;30mINFO[0m Skipping not selected package 'qbo_msgs' in 'qbo_msgs'
[0.303s] [34mcolcon.colcon_core.package_discovery[0m [1;30mLevel 1[0m discover_packages(prefix_path) check parameters
[0.303s] [34mcolcon.colcon_core.package_discovery[0m [1;30mLevel 1[0m discover_packages(prefix_path) discover
[0.306s] [34mcolcon.colcon_installed_package_information.package_discovery[0m [1;30mDEBUG[0m [32mFound 2 installed packages in /home/qbo-v2/qbo_ws/src/install[0m
[0.307s] [34mcolcon.colcon_installed_package_information.package_discovery[0m [1;30mDEBUG[0m [32mFound 2 installed packages in /home/qbo-v2/qbo_ws/install[0m
[0.308s] [34mcolcon.colcon_installed_package_information.package_discovery[0m [1;30mDEBUG[0m [32mFound 182 installed packages in /opt/ros/humble[0m
[0.310s] [34mcolcon.colcon_core.package_discovery[0m [1;30mLevel 1[0m discover_packages(prefix_path) using defaults
[0.346s] [34mcolcon.colcon_core.verb[0m [1;30mLevel 5[0m set package 'qbo_driver' build argument 'cmake_args' from command line to 'None'
[0.346s] [34mcolcon.colcon_core.verb[0m [1;30mLevel 5[0m set package 'qbo_driver' build argument 'cmake_target' from command line to 'None'
[0.346s] [34mcolcon.colcon_core.verb[0m [1;30mLevel 5[0m set package 'qbo_driver' build argument 'cmake_target_skip_unavailable' from command line to 'False'
[0.346s] [34mcolcon.colcon_core.verb[0m [1;30mLevel 5[0m set package 'qbo_driver' build argument 'cmake_clean_cache' from command line to 'True'
[0.346s] [34mcolcon.colcon_core.verb[0m [1;30mLevel 5[0m set package 'qbo_driver' build argument 'cmake_clean_first' from command line to 'False'
[0.347s] [34mcolcon.colcon_core.verb[0m [1;30mLevel 5[0m set package 'qbo_driver' build argument 'cmake_force_configure' from command line to 'False'
[0.347s] [34mcolcon.colcon_core.verb[0m [1;30mLevel 5[0m set package 'qbo_driver' build argument 'ament_cmake_args' from command line to 'None'
[0.347s] [34mcolcon.colcon_core.verb[0m [1;30mLevel 5[0m set package 'qbo_driver' build argument 'catkin_cmake_args' from command line to 'None'
[0.347s] [34mcolcon.colcon_core.verb[0m [1;30mLevel 5[0m set package 'qbo_driver' build argument 'catkin_skip_building_tests' from command line to 'False'
[0.347s] [34mcolcon.colcon_core.verb[0m [1;30mDEBUG[0m [32mBuilding package 'qbo_driver' with the following arguments: {'ament_cmake_args': None, 'build_base': '/home/qbo-v2/qbo_ws/src/build/qbo_driver', 'catkin_cmake_args': None, 'catkin_skip_building_tests': False, 'cmake_args': None, 'cmake_clean_cache': True, 'cmake_clean_first': False, 'cmake_force_configure': False, 'cmake_target': None, 'cmake_target_skip_unavailable': False, 'install_base': '/home/qbo-v2/qbo_ws/src/install/qbo_driver', 'merge_install': False, 'path': '/home/qbo-v2/qbo_ws/src/qbo_driver', 'symlink_install': False, 'test_result_base': None}[0m
[0.347s] [34mcolcon.colcon_core.executor[0m [1;30mINFO[0m Executing jobs using 'parallel' executor
[0.349s] [34mcolcon.colcon_parallel_executor.executor.parallel[0m [1;30mDEBUG[0m [32mrun_until_complete[0m
[0.349s] [34mcolcon.colcon_ros.task.ament_python.build[0m [1;30mINFO[0m Building ROS package in '/home/qbo-v2/qbo_ws/src/qbo_driver' with build type 'ament_python'
[0.350s] [34mcolcon.colcon_core.shell[0m [1;30mLevel 1[0m create_environment_hook('qbo_driver', 'ament_prefix_path')
[0.353s] [34mcolcon.colcon_core.plugin_system[0m [1;30mINFO[0m Skipping extension 'colcon_core.shell.bat': Not used on non-Windows systems
[0.353s] [34mcolcon.colcon_core.shell[0m [1;30mINFO[0m Creating environment hook '/home/qbo-v2/qbo_ws/src/install/qbo_driver/share/qbo_driver/hook/ament_prefix_path.ps1'
[0.354s] [34mcolcon.colcon_core.shell[0m [1;30mINFO[0m Creating environment descriptor '/home/qbo-v2/qbo_ws/src/install/qbo_driver/share/qbo_driver/hook/ament_prefix_path.dsv'
[0.355s] [34mcolcon.colcon_core.shell[0m [1;30mINFO[0m Creating environment hook '/home/qbo-v2/qbo_ws/src/install/qbo_driver/share/qbo_driver/hook/ament_prefix_path.sh'
[0.356s] [34mcolcon.colcon_core.shell[0m [1;30mINFO[0m Skip shell extension 'powershell' for command environment: Not usable outside of PowerShell
[0.356s] [34mcolcon.colcon_core.shell[0m [1;30mDEBUG[0m [32mSkip shell extension 'dsv' for command environment[0m
[0.702s] [34mcolcon.colcon_core.task.python.build[0m [1;30mINFO[0m Building Python package in '/home/qbo-v2/qbo_ws/src/qbo_driver'
[0.702s] [34mcolcon.colcon_core.shell[0m [1;30mINFO[0m Skip shell extension 'powershell' for command environment: Not usable outside of PowerShell
[0.702s] [34mcolcon.colcon_core.shell[0m [1;30mDEBUG[0m [32mSkip shell extension 'dsv' for command environment[0m
[1.353s] [34mcolcon.colcon_core.event_handler.log_command[0m [1;30mDEBUG[0m [32mInvoking command in '/home/qbo-v2/qbo_ws/src/qbo_driver': PYTHONPATH=/home/qbo-v2/qbo_ws/src/build/qbo_driver/prefix_override:/usr/lib/python3/dist-packages/colcon_core/task/python/colcon_distutils_commands:/home/qbo-v2/qbo_ws/src/install/qbo_driver/lib/python3.10/site-packages:${PYTHONPATH} /usr/bin/python3 -W ignore:setup.py install is deprecated -W ignore:easy_install command is deprecated setup.py egg_info --egg-base ../build/qbo_driver build --build-base /home/qbo-v2/qbo_ws/src/build/qbo_driver/build install --record /home/qbo-v2/qbo_ws/src/build/qbo_driver/install.log --single-version-externally-managed install_data[0m
[2.091s] [34mcolcon.colcon_core.event_handler.log_command[0m [1;30mDEBUG[0m [32mInvoked command in '/home/qbo-v2/qbo_ws/src/qbo_driver' returned '0': PYTHONPATH=/home/qbo-v2/qbo_ws/src/build/qbo_driver/prefix_override:/usr/lib/python3/dist-packages/colcon_core/task/python/colcon_distutils_commands:/home/qbo-v2/qbo_ws/src/install/qbo_driver/lib/python3.10/site-packages:${PYTHONPATH} /usr/bin/python3 -W ignore:setup.py install is deprecated -W ignore:easy_install command is deprecated setup.py egg_info --egg-base ../build/qbo_driver build --build-base /home/qbo-v2/qbo_ws/src/build/qbo_driver/build install --record /home/qbo-v2/qbo_ws/src/build/qbo_driver/install.log --single-version-externally-managed install_data[0m
[2.099s] [34mcolcon.colcon_core.environment[0m [1;30mLevel 1[0m checking '/home/qbo-v2/qbo_ws/src/install/qbo_driver' for CMake module files
[2.101s] [34mcolcon.colcon_core.environment[0m [1;30mLevel 1[0m checking '/home/qbo-v2/qbo_ws/src/install/qbo_driver' for CMake config files
[2.103s] [34mcolcon.colcon_core.environment[0m [1;30mLevel 1[0m checking '/home/qbo-v2/qbo_ws/src/install/qbo_driver/lib'
[2.104s] [34mcolcon.colcon_core.environment[0m [1;30mLevel 1[0m checking '/home/qbo-v2/qbo_ws/src/install/qbo_driver/bin'
[2.104s] [34mcolcon.colcon_core.environment[0m [1;30mLevel 1[0m checking '/home/qbo-v2/qbo_ws/src/install/qbo_driver/lib/pkgconfig/qbo_driver.pc'
[2.105s] [34mcolcon.colcon_core.environment[0m [1;30mLevel 1[0m checking '/home/qbo-v2/qbo_ws/src/install/qbo_driver/lib/python3.10/site-packages'
[2.105s] [34mcolcon.colcon_core.shell[0m [1;30mLevel 1[0m create_environment_hook('qbo_driver', 'pythonpath')
[2.106s] [34mcolcon.colcon_core.shell[0m [1;30mINFO[0m Creating environment hook '/home/qbo-v2/qbo_ws/src/install/qbo_driver/share/qbo_driver/hook/pythonpath.ps1'
[2.108s] [34mcolcon.colcon_core.shell[0m [1;30mINFO[0m Creating environment descriptor '/home/qbo-v2/qbo_ws/src/install/qbo_driver/share/qbo_driver/hook/pythonpath.dsv'
[2.109s] [34mcolcon.colcon_core.shell[0m [1;30mINFO[0m Creating environment hook '/home/qbo-v2/qbo_ws/src/install/qbo_driver/share/qbo_driver/hook/pythonpath.sh'
[2.111s] [34mcolcon.colcon_core.environment[0m [1;30mLevel 1[0m checking '/home/qbo-v2/qbo_ws/src/install/qbo_driver/bin'
[2.111s] [34mcolcon.colcon_core.environment[0m [1;30mLevel 1[0m create_environment_scripts_only(qbo_driver)
[2.112s] [34mcolcon.colcon_core.shell[0m [1;30mINFO[0m Creating package script '/home/qbo-v2/qbo_ws/src/install/qbo_driver/share/qbo_driver/package.ps1'
[2.115s] [34mcolcon.colcon_core.shell[0m [1;30mINFO[0m Creating package descriptor '/home/qbo-v2/qbo_ws/src/install/qbo_driver/share/qbo_driver/package.dsv'
[2.117s] [34mcolcon.colcon_core.shell[0m [1;30mINFO[0m Creating package script '/home/qbo-v2/qbo_ws/src/install/qbo_driver/share/qbo_driver/package.sh'
[2.120s] [34mcolcon.colcon_core.shell[0m [1;30mINFO[0m Creating package script '/home/qbo-v2/qbo_ws/src/install/qbo_driver/share/qbo_driver/package.bash'
[2.123s] [34mcolcon.colcon_core.shell[0m [1;30mINFO[0m Creating package script '/home/qbo-v2/qbo_ws/src/install/qbo_driver/share/qbo_driver/package.zsh'
[2.125s] [34mcolcon.colcon_core.environment[0m [1;30mLevel 1[0m create_file_with_runtime_dependencies(/home/qbo-v2/qbo_ws/src/install/qbo_driver/share/colcon-core/packages/qbo_driver)
[2.126s] [34mcolcon.colcon_parallel_executor.executor.parallel[0m [1;30mDEBUG[0m [32mclosing loop[0m
[2.127s] [34mcolcon.colcon_parallel_executor.executor.parallel[0m [1;30mDEBUG[0m [32mloop closed[0m
[2.128s] [34mcolcon.colcon_parallel_executor.executor.parallel[0m [1;30mDEBUG[0m [32mrun_until_complete finished with '0'[0m
[2.128s] [34mcolcon.colcon_core.event_reactor[0m [1;30mDEBUG[0m [32mjoining thread[0m
[2.145s] [34mcolcon.colcon_core.plugin_system[0m [1;30mINFO[0m Skipping extension 'colcon_notification.desktop_notification.terminal_notifier': Not used on non-Darwin systems
[2.145s] [34mcolcon.colcon_core.plugin_system[0m [1;30mINFO[0m Skipping extension 'colcon_notification.desktop_notification.win32': Not used on non-Windows systems
[2.145s] [34mcolcon.colcon_notification.desktop_notification[0m [1;30mINFO[0m Sending desktop notification using 'notify2'
[2.177s] [34mcolcon.colcon_core.event_reactor[0m [1;30mDEBUG[0m [32mjoined thread[0m
[2.178s] [34mcolcon.colcon_core.shell[0m [1;30mINFO[0m Creating prefix script '/home/qbo-v2/qbo_ws/src/install/local_setup.ps1'
[2.181s] [34mcolcon.colcon_core.shell[0m [1;30mINFO[0m Creating prefix util module '/home/qbo-v2/qbo_ws/src/install/_local_setup_util_ps1.py'
[2.187s] [34mcolcon.colcon_core.shell[0m [1;30mINFO[0m Creating prefix chain script '/home/qbo-v2/qbo_ws/src/install/setup.ps1'
[2.191s] [34mcolcon.colcon_core.shell[0m [1;30mINFO[0m Creating prefix script '/home/qbo-v2/qbo_ws/src/install/local_setup.sh'
[2.193s] [34mcolcon.colcon_core.shell[0m [1;30mINFO[0m Creating prefix util module '/home/qbo-v2/qbo_ws/src/install/_local_setup_util_sh.py'
[2.195s] [34mcolcon.colcon_core.shell[0m [1;30mINFO[0m Creating prefix chain script '/home/qbo-v2/qbo_ws/src/install/setup.sh'
[2.199s] [34mcolcon.colcon_core.shell[0m [1;30mINFO[0m Creating prefix script '/home/qbo-v2/qbo_ws/src/install/local_setup.bash'
[2.201s] [34mcolcon.colcon_core.shell[0m [1;30mINFO[0m Creating prefix chain script '/home/qbo-v2/qbo_ws/src/install/setup.bash'
[2.205s] [34mcolcon.colcon_core.shell[0m [1;30mINFO[0m Creating prefix script '/home/qbo-v2/qbo_ws/src/install/local_setup.zsh'
[2.207s] [34mcolcon.colcon_core.shell[0m [1;30mINFO[0m Creating prefix chain script '/home/qbo-v2/qbo_ws/src/install/setup.zsh'
