[1.008s] Invoking command in '/home/qbo-v2/qbo_ws/src/qbo_driver': PYTHONPATH=/home/qbo-v2/qbo_ws/src/build/qbo_driver/prefix_override:/usr/lib/python3/dist-packages/colcon_core/task/python/colcon_distutils_commands:/home/qbo-v2/qbo_ws/src/install/qbo_driver/lib/python3.10/site-packages:${PYTHONPATH} /usr/bin/python3 -W ignore:setup.py install is deprecated -W ignore:easy_install command is deprecated setup.py egg_info --egg-base ../build/qbo_driver build --build-base /home/qbo-v2/qbo_ws/src/build/qbo_driver/build install --record /home/qbo-v2/qbo_ws/src/build/qbo_driver/install.log --single-version-externally-managed install_data
[1.385s] running egg_info
[1.407s] writing ../build/qbo_driver/qbo_driver.egg-info/PKG-INFO
[1.408s] writing dependency_links to ../build/qbo_driver/qbo_driver.egg-info/dependency_links.txt
[1.408s] writing entry points to ../build/qbo_driver/qbo_driver.egg-info/entry_points.txt
[1.409s] writing requirements to ../build/qbo_driver/qbo_driver.egg-info/requires.txt
[1.409s] writing top-level names to ../build/qbo_driver/qbo_driver.egg-info/top_level.txt
[1.456s] reading manifest file '../build/qbo_driver/qbo_driver.egg-info/SOURCES.txt'
[1.458s] writing manifest file '../build/qbo_driver/qbo_driver.egg-info/SOURCES.txt'
[1.458s] running build
[1.459s] running build_py
[1.459s] copying src/listen_whisper.py -> /home/qbo-v2/qbo_ws/src/build/qbo_driver/build/lib/src
[1.459s] copying src/brainRS.py -> /home/qbo-v2/qbo_ws/src/build/qbo_driver/build/lib/src
[1.474s] copying src/__init__.py -> /home/qbo-v2/qbo_ws/src/build/qbo_driver/build/lib/src
[1.474s] copying src/listen_old.py -> /home/qbo-v2/qbo_ws/src/build/qbo_driver/build/lib/src
[1.474s] copying src/diag_node.py -> /home/qbo-v2/qbo_ws/src/build/qbo_driver/build/lib/src
[1.474s] copying src/talk_piper.py -> /home/qbo-v2/qbo_ws/src/build/qbo_driver/build/lib/src
[1.474s] copying src/hardware_info.py -> /home/qbo-v2/qbo_ws/src/build/qbo_driver/build/lib/src
[1.474s] running install
[1.474s] running install_lib
[1.491s] copying /home/qbo-v2/qbo_ws/src/build/qbo_driver/build/lib/src/listen_whisper.py -> /home/qbo-v2/qbo_ws/src/install/qbo_driver/lib/python3.10/site-packages/src
[1.492s] byte-compiling /home/qbo-v2/qbo_ws/src/install/qbo_driver/lib/python3.10/site-packages/src/listen_whisper.py to listen_whisper.cpython-310.pyc
[1.495s] running install_data
[1.495s] copying resource/qbo_driver -> /home/qbo-v2/qbo_ws/src/install/qbo_driver/share/ament_index/resource_index/packages
[1.496s] copying package.xml -> /home/qbo-v2/qbo_ws/src/install/qbo_driver/share/qbo_driver
[1.496s] copying launch/diag_launch.py -> /home/qbo-v2/qbo_ws/src/install/qbo_driver/share/qbo_driver/launch
[1.497s] copying config/thresholds.yaml -> /home/qbo-v2/qbo_ws/src/install/qbo_driver/share/qbo_driver
[1.497s] copying config/diagnostic_aggregator.yaml -> /home/qbo-v2/qbo_ws/src/install/qbo_driver/share/qbo_driver
[1.498s] copying config/RS/qbo.rive -> /home/qbo-v2/qbo_ws/src/install/qbo_driver/share/qbo_driver
[1.498s] running install_egg_info
[1.522s] removing '/home/qbo-v2/qbo_ws/src/install/qbo_driver/lib/python3.10/site-packages/qbo_driver-0.1.1-py3.10.egg-info' (and everything under it)
[1.523s] Copying ../build/qbo_driver/qbo_driver.egg-info to /home/qbo-v2/qbo_ws/src/install/qbo_driver/lib/python3.10/site-packages/qbo_driver-0.1.1-py3.10.egg-info
[1.525s] running install_scripts
[1.703s] Installing diag_node script to /home/qbo-v2/qbo_ws/src/install/qbo_driver/lib/qbo_driver
[1.703s] Installing qbo_brain script to /home/qbo-v2/qbo_ws/src/install/qbo_driver/lib/qbo_driver
[1.703s] Installing qbo_listen script to /home/qbo-v2/qbo_ws/src/install/qbo_driver/lib/qbo_driver
[1.704s] Installing qbo_talk script to /home/qbo-v2/qbo_ws/src/install/qbo_driver/lib/qbo_driver
[1.704s] writing list of installed files to '/home/qbo-v2/qbo_ws/src/build/qbo_driver/install.log'
[1.755s] Invoked command in '/home/qbo-v2/qbo_ws/src/qbo_driver' returned '0': PYTHONPATH=/home/qbo-v2/qbo_ws/src/build/qbo_driver/prefix_override:/usr/lib/python3/dist-packages/colcon_core/task/python/colcon_distutils_commands:/home/qbo-v2/qbo_ws/src/install/qbo_driver/lib/python3.10/site-packages:${PYTHONPATH} /usr/bin/python3 -W ignore:setup.py install is deprecated -W ignore:easy_install command is deprecated setup.py egg_info --egg-base ../build/qbo_driver build --build-base /home/qbo-v2/qbo_ws/src/build/qbo_driver/build install --record /home/qbo-v2/qbo_ws/src/build/qbo_driver/install.log --single-version-externally-managed install_data
