[1.248s] Invoking command in '/home/qbo-v2/qbo_ws/src/qbo_driver': PYTHONPATH=/home/qbo-v2/qbo_ws/src/build/qbo_driver/prefix_override:/usr/lib/python3/dist-packages/colcon_core/task/python/colcon_distutils_commands:/home/qbo-v2/qbo_ws/src/install/qbo_driver/lib/python3.10/site-packages:${PYTHONPATH} /usr/bin/python3 -W ignore:setup.py install is deprecated -W ignore:easy_install command is deprecated setup.py egg_info --egg-base ../build/qbo_driver build --build-base /home/qbo-v2/qbo_ws/src/build/qbo_driver/build install --record /home/qbo-v2/qbo_ws/src/build/qbo_driver/install.log --single-version-externally-managed install_data
[1.732s] running egg_info
[1.761s] creating ../build/qbo_driver/qbo_driver.egg-info
[1.761s] writing ../build/qbo_driver/qbo_driver.egg-info/PKG-INFO
[1.762s] writing dependency_links to ../build/qbo_driver/qbo_driver.egg-info/dependency_links.txt
[1.762s] writing entry points to ../build/qbo_driver/qbo_driver.egg-info/entry_points.txt
[1.763s] writing requirements to ../build/qbo_driver/qbo_driver.egg-info/requires.txt
[1.763s] writing top-level names to ../build/qbo_driver/qbo_driver.egg-info/top_level.txt
[1.764s] writing manifest file '../build/qbo_driver/qbo_driver.egg-info/SOURCES.txt'
[1.824s] reading manifest file '../build/qbo_driver/qbo_driver.egg-info/SOURCES.txt'
[1.826s] writing manifest file '../build/qbo_driver/qbo_driver.egg-info/SOURCES.txt'
[1.826s] running build
[1.826s] running build_py
[1.827s] creating /home/qbo-v2/qbo_ws/src/build/qbo_driver/build/lib/qbo_driver
[1.827s] copying qbo_driver/listen.py -> /home/qbo-v2/qbo_ws/src/build/qbo_driver/build/lib/qbo_driver
[1.828s] copying qbo_driver/__init__.py -> /home/qbo-v2/qbo_ws/src/build/qbo_driver/build/lib/qbo_driver
[1.828s] copying qbo_driver/listen_old.py -> /home/qbo-v2/qbo_ws/src/build/qbo_driver/build/lib/qbo_driver
[1.828s] copying qbo_driver/diag_node.py -> /home/qbo-v2/qbo_ws/src/build/qbo_driver/build/lib/qbo_driver
[1.829s] copying qbo_driver/hardware_info.py -> /home/qbo-v2/qbo_ws/src/build/qbo_driver/build/lib/qbo_driver
[1.829s] running install
[1.838s] running install_lib
[1.867s] creating /home/qbo-v2/qbo_ws/src/install/qbo_driver/lib/python3.10/site-packages/qbo_driver
[1.868s] copying /home/qbo-v2/qbo_ws/src/build/qbo_driver/build/lib/qbo_driver/listen.py -> /home/qbo-v2/qbo_ws/src/install/qbo_driver/lib/python3.10/site-packages/qbo_driver
[1.868s] copying /home/qbo-v2/qbo_ws/src/build/qbo_driver/build/lib/qbo_driver/__init__.py -> /home/qbo-v2/qbo_ws/src/install/qbo_driver/lib/python3.10/site-packages/qbo_driver
[1.868s] copying /home/qbo-v2/qbo_ws/src/build/qbo_driver/build/lib/qbo_driver/listen_old.py -> /home/qbo-v2/qbo_ws/src/install/qbo_driver/lib/python3.10/site-packages/qbo_driver
[1.868s] copying /home/qbo-v2/qbo_ws/src/build/qbo_driver/build/lib/qbo_driver/diag_node.py -> /home/qbo-v2/qbo_ws/src/install/qbo_driver/lib/python3.10/site-packages/qbo_driver
[1.869s] copying /home/qbo-v2/qbo_ws/src/build/qbo_driver/build/lib/qbo_driver/hardware_info.py -> /home/qbo-v2/qbo_ws/src/install/qbo_driver/lib/python3.10/site-packages/qbo_driver
[1.869s] byte-compiling /home/qbo-v2/qbo_ws/src/install/qbo_driver/lib/python3.10/site-packages/qbo_driver/listen.py to listen.cpython-310.pyc
[1.873s] byte-compiling /home/qbo-v2/qbo_ws/src/install/qbo_driver/lib/python3.10/site-packages/qbo_driver/__init__.py to __init__.cpython-310.pyc
[1.873s] byte-compiling /home/qbo-v2/qbo_ws/src/install/qbo_driver/lib/python3.10/site-packages/qbo_driver/listen_old.py to listen_old.cpython-310.pyc
[1.875s] byte-compiling /home/qbo-v2/qbo_ws/src/install/qbo_driver/lib/python3.10/site-packages/qbo_driver/diag_node.py to diag_node.cpython-310.pyc
[1.877s] byte-compiling /home/qbo-v2/qbo_ws/src/install/qbo_driver/lib/python3.10/site-packages/qbo_driver/hardware_info.py to hardware_info.cpython-310.pyc
[1.877s] running install_data
[1.878s] creating /home/qbo-v2/qbo_ws/src/install/qbo_driver/share/ament_index/resource_index/packages
[1.878s] copying resource/qbo_driver -> /home/qbo-v2/qbo_ws/src/install/qbo_driver/share/ament_index/resource_index/packages
[1.879s] copying package.xml -> /home/qbo-v2/qbo_ws/src/install/qbo_driver/share/qbo_driver
[1.879s] creating /home/qbo-v2/qbo_ws/src/install/qbo_driver/share/qbo_driver/launch
[1.879s] copying launch/diag_launch.py -> /home/qbo-v2/qbo_ws/src/install/qbo_driver/share/qbo_driver/launch
[1.880s] copying qbo_driver/thresholds.yaml -> /home/qbo-v2/qbo_ws/src/install/qbo_driver/share/qbo_driver
[1.880s] copying qbo_driver/diagnostic_aggregator.yaml -> /home/qbo-v2/qbo_ws/src/install/qbo_driver/share/qbo_driver
[1.880s] running install_egg_info
[1.913s] Copying ../build/qbo_driver/qbo_driver.egg-info to /home/qbo-v2/qbo_ws/src/install/qbo_driver/lib/python3.10/site-packages/qbo_driver-0.1.1-py3.10.egg-info
[1.915s] running install_scripts
[2.145s] Installing diag_node script to /home/qbo-v2/qbo_ws/src/install/qbo_driver/lib/qbo_driver
[2.145s] Installing qbo_listen script to /home/qbo-v2/qbo_ws/src/install/qbo_driver/lib/qbo_driver
[2.146s] writing list of installed files to '/home/qbo-v2/qbo_ws/src/build/qbo_driver/install.log'
[2.205s] Invoked command in '/home/qbo-v2/qbo_ws/src/qbo_driver' returned '0': PYTHONPATH=/home/qbo-v2/qbo_ws/src/build/qbo_driver/prefix_override:/usr/lib/python3/dist-packages/colcon_core/task/python/colcon_distutils_commands:/home/qbo-v2/qbo_ws/src/install/qbo_driver/lib/python3.10/site-packages:${PYTHONPATH} /usr/bin/python3 -W ignore:setup.py install is deprecated -W ignore:easy_install command is deprecated setup.py egg_info --egg-base ../build/qbo_driver build --build-base /home/qbo-v2/qbo_ws/src/build/qbo_driver/build install --record /home/qbo-v2/qbo_ws/src/build/qbo_driver/install.log --single-version-externally-managed install_data
