[0.991s] Invoking command in '/home/qbo-v2/qbo_ws/src/qbo_driver': PYTHONPATH=/home/qbo-v2/qbo_ws/src/build/qbo_driver/prefix_override:/usr/lib/python3/dist-packages/colcon_core/task/python/colcon_distutils_commands:/home/qbo-v2/qbo_ws/src/install/qbo_driver/lib/python3.10/site-packages:${PYTHONPATH} /usr/bin/python3 -W ignore:setup.py install is deprecated -W ignore:easy_install command is deprecated setup.py egg_info --egg-base ../build/qbo_driver build --build-base /home/qbo-v2/qbo_ws/src/build/qbo_driver/build install --record /home/qbo-v2/qbo_ws/src/build/qbo_driver/install.log --single-version-externally-managed install_data
[1.368s] running egg_info
[1.390s] writing ../build/qbo_driver/qbo_driver.egg-info/PKG-INFO
[1.391s] writing dependency_links to ../build/qbo_driver/qbo_driver.egg-info/dependency_links.txt
[1.391s] writing entry points to ../build/qbo_driver/qbo_driver.egg-info/entry_points.txt
[1.392s] writing requirements to ../build/qbo_driver/qbo_driver.egg-info/requires.txt
[1.392s] writing top-level names to ../build/qbo_driver/qbo_driver.egg-info/top_level.txt
[1.439s] reading manifest file '../build/qbo_driver/qbo_driver.egg-info/SOURCES.txt'
[1.441s] writing manifest file '../build/qbo_driver/qbo_driver.egg-info/SOURCES.txt'
[1.441s] running build
[1.441s] running build_py
[1.441s] copying src/listen_whisper.py -> /home/qbo-v2/qbo_ws/src/build/qbo_driver/build/lib/src
[1.442s] copying src/brainRS.py -> /home/qbo-v2/qbo_ws/src/build/qbo_driver/build/lib/src
[1.442s] copying src/__init__.py -> /home/qbo-v2/qbo_ws/src/build/qbo_driver/build/lib/src
[1.442s] copying src/listen_old.py -> /home/qbo-v2/qbo_ws/src/build/qbo_driver/build/lib/src
[1.443s] copying src/diag_node.py -> /home/qbo-v2/qbo_ws/src/build/qbo_driver/build/lib/src
[1.443s] copying src/talk_piper.py -> /home/qbo-v2/qbo_ws/src/build/qbo_driver/build/lib/src
[1.443s] copying src/hardware_info.py -> /home/qbo-v2/qbo_ws/src/build/qbo_driver/build/lib/src
[1.443s] running install
[1.450s] running install_lib
[1.472s] copying /home/qbo-v2/qbo_ws/src/build/qbo_driver/build/lib/src/brainRS.py -> /home/qbo-v2/qbo_ws/src/install/qbo_driver/lib/python3.10/site-packages/src
[1.473s] byte-compiling /home/qbo-v2/qbo_ws/src/install/qbo_driver/lib/python3.10/site-packages/src/brainRS.py to brainRS.cpython-310.pyc
[1.475s] running install_data
[1.475s] copying resource/qbo_driver -> /home/qbo-v2/qbo_ws/src/install/qbo_driver/share/ament_index/resource_index/packages
[1.476s] copying package.xml -> /home/qbo-v2/qbo_ws/src/install/qbo_driver/share/qbo_driver
[1.476s] copying launch/diag_launch.py -> /home/qbo-v2/qbo_ws/src/install/qbo_driver/share/qbo_driver/launch
[1.476s] copying config/thresholds.yaml -> /home/qbo-v2/qbo_ws/src/install/qbo_driver/share/qbo_driver
[1.477s] copying config/diagnostic_aggregator.yaml -> /home/qbo-v2/qbo_ws/src/install/qbo_driver/share/qbo_driver
[1.477s] copying config/RS/qbo.rive -> /home/qbo-v2/qbo_ws/src/install/qbo_driver/share/qbo_driver
[1.477s] running install_egg_info
[1.501s] removing '/home/qbo-v2/qbo_ws/src/install/qbo_driver/lib/python3.10/site-packages/qbo_driver-0.1.1-py3.10.egg-info' (and everything under it)
[1.501s] Copying ../build/qbo_driver/qbo_driver.egg-info to /home/qbo-v2/qbo_ws/src/install/qbo_driver/lib/python3.10/site-packages/qbo_driver-0.1.1-py3.10.egg-info
[1.503s] running install_scripts
[1.679s] Installing diag_node script to /home/qbo-v2/qbo_ws/src/install/qbo_driver/lib/qbo_driver
[1.679s] Installing qbo_brain script to /home/qbo-v2/qbo_ws/src/install/qbo_driver/lib/qbo_driver
[1.679s] Installing qbo_listen script to /home/qbo-v2/qbo_ws/src/install/qbo_driver/lib/qbo_driver
[1.680s] Installing qbo_talk script to /home/qbo-v2/qbo_ws/src/install/qbo_driver/lib/qbo_driver
[1.680s] writing list of installed files to '/home/qbo-v2/qbo_ws/src/build/qbo_driver/install.log'
[1.731s] Invoked command in '/home/qbo-v2/qbo_ws/src/qbo_driver' returned '0': PYTHONPATH=/home/qbo-v2/qbo_ws/src/build/qbo_driver/prefix_override:/usr/lib/python3/dist-packages/colcon_core/task/python/colcon_distutils_commands:/home/qbo-v2/qbo_ws/src/install/qbo_driver/lib/python3.10/site-packages:${PYTHONPATH} /usr/bin/python3 -W ignore:setup.py install is deprecated -W ignore:easy_install command is deprecated setup.py egg_info --egg-base ../build/qbo_driver build --build-base /home/qbo-v2/qbo_ws/src/build/qbo_driver/build install --record /home/qbo-v2/qbo_ws/src/build/qbo_driver/install.log --single-version-externally-managed install_data
