[0.015s] Invoking command in '/home/qbo-v2/qbo_ws/src/build/qbo_msgs': CMAKE_PREFIX_PATH=${CMAKE_PREFIX_PATH}:/home/qbo-v2/qbo_ws/src/install/qbo_driver:/home/qbo-v2/qbo_ws/install/qbo_driver:/opt/ros/humble /usr/bin/cmake /home/qbo-v2/qbo_ws/src/qbo_msgs -DCMAKE_INSTALL_PREFIX=/home/qbo-v2/qbo_ws/src/install/qbo_msgs
[0.105s] -- The C compiler identification is GNU 11.4.0
[0.204s] -- The CXX compiler identification is GNU 11.4.0
[0.221s] -- Detecting C compiler ABI info
[0.351s] -- Detecting C compiler ABI info - done
[0.376s] -- Check for working C compiler: /usr/bin/cc - skipped
[0.376s] -- Detecting C compile features
[0.378s] -- Detecting C compile features - done
[0.388s] -- Detecting CXX compiler ABI info
[0.527s] -- Detecting CXX compiler ABI info - done
[0.552s] -- Check for working CXX compiler: /usr/bin/c++ - skipped
[0.553s] -- Detecting CXX compile features
[0.555s] -- Detecting CXX compile features - done
[0.562s] -- Found ament_cmake: 1.3.11 (/opt/ros/humble/share/ament_cmake/cmake)
[1.198s] -- Found Python3: /usr/bin/python3 (found version "3.10.12") found components: Interpreter 
[1.381s] -- Found rosidl_default_generators: 1.2.0 (/opt/ros/humble/share/rosidl_default_generators/cmake)
[1.389s] -- Using all available rosidl_typesupport_c: rosidl_typesupport_fastrtps_c;rosidl_typesupport_introspection_c
[1.406s] -- Found rosidl_adapter: 3.1.6 (/opt/ros/humble/share/rosidl_adapter/cmake)
[1.467s] -- Using all available rosidl_typesupport_cpp: rosidl_typesupport_fastrtps_cpp;rosidl_typesupport_introspection_cpp
[1.966s] -- Found ament_cmake_ros: 0.10.0 (/opt/ros/humble/share/ament_cmake_ros/cmake)
[2.339s] -- Using all available rosidl_typesupport_c: rosidl_typesupport_fastrtps_c;rosidl_typesupport_introspection_c
[2.810s] -- Using all available rosidl_typesupport_cpp: rosidl_typesupport_fastrtps_cpp;rosidl_typesupport_introspection_cpp
[2.859s] -- Found PythonInterp: /usr/bin/python3 (found suitable version "3.10.12", minimum required is "3.6") 
[2.862s] -- Found python_cmake_module: 0.10.0 (/opt/ros/humble/share/python_cmake_module/cmake)
[2.918s] -- Found PythonLibs: /usr/lib/aarch64-linux-gnu/libpython3.10.so (found suitable version "3.10.12", minimum required is "3.5") 
[2.918s] -- Using PYTHON_EXECUTABLE: /usr/bin/python3
[2.918s] -- Using PYTHON_INCLUDE_DIRS: /usr/include/python3.10
[2.919s] -- Using PYTHON_LIBRARIES: /usr/lib/aarch64-linux-gnu/libpython3.10.so
[2.959s] -- Found PythonExtra: .so  
[3.048s] -- Configuring done
[3.107s] -- Generating done
[3.123s] -- Build files have been written to: /home/qbo-v2/qbo_ws/src/build/qbo_msgs
[3.134s] Invoked command in '/home/qbo-v2/qbo_ws/src/build/qbo_msgs' returned '0': CMAKE_PREFIX_PATH=${CMAKE_PREFIX_PATH}:/home/qbo-v2/qbo_ws/src/install/qbo_driver:/home/qbo-v2/qbo_ws/install/qbo_driver:/opt/ros/humble /usr/bin/cmake /home/qbo-v2/qbo_ws/src/qbo_msgs -DCMAKE_INSTALL_PREFIX=/home/qbo-v2/qbo_ws/src/install/qbo_msgs
[3.137s] Invoking command in '/home/qbo-v2/qbo_ws/src/build/qbo_msgs': CMAKE_PREFIX_PATH=${CMAKE_PREFIX_PATH}:/home/qbo-v2/qbo_ws/src/install/qbo_driver:/home/qbo-v2/qbo_ws/install/qbo_driver:/opt/ros/humble /usr/bin/cmake --build /home/qbo-v2/qbo_ws/src/build/qbo_msgs -- -j8 -l8
[3.203s] [35m[1mConsolidate compiler generated dependencies of target qbo_msgs__rosidl_generator_c[0m
[3.217s] [  2%] Built target qbo_msgs__cpp
[3.221s] [ 12%] Built target qbo_msgs__rosidl_generator_c
[3.231s] [ 12%] Built target ament_cmake_python_copy_qbo_msgs
[3.231s] [35m[1mConsolidate compiler generated dependencies of target qbo_msgs__rosidl_typesupport_cpp[0m
[3.231s] [35m[1mConsolidate compiler generated dependencies of target qbo_msgs__rosidl_typesupport_fastrtps_cpp[0m
[3.232s] [35m[1mConsolidate compiler generated dependencies of target qbo_msgs__rosidl_typesupport_introspection_cpp[0m
[3.235s] [35m[1mConsolidate compiler generated dependencies of target qbo_msgs__rosidl_typesupport_introspection_c[0m
[3.236s] [35m[1mConsolidate compiler generated dependencies of target qbo_msgs__rosidl_typesupport_c[0m
[3.237s] [35m[1mConsolidate compiler generated dependencies of target qbo_msgs__rosidl_typesupport_fastrtps_c[0m
[3.251s] [ 30%] Built target qbo_msgs__rosidl_typesupport_cpp
[3.251s] [ 43%] Built target qbo_msgs__rosidl_typesupport_fastrtps_cpp
[3.251s] [ 43%] Built target qbo_msgs__rosidl_typesupport_introspection_cpp
[3.252s] [ 61%] Built target qbo_msgs__rosidl_typesupport_introspection_c
[3.252s] [ 64%] Built target qbo_msgs__rosidl_typesupport_c
[3.259s] [ 74%] Built target qbo_msgs__rosidl_typesupport_fastrtps_c
[3.293s] [ 74%] Built target qbo_msgs
[3.326s] [ 76%] Built target qbo_msgs__py
[3.344s] [35m[1mConsolidate compiler generated dependencies of target qbo_msgs__rosidl_generator_py[0m
[3.368s] [ 84%] Built target qbo_msgs__rosidl_generator_py
[3.383s] [35m[1mConsolidate compiler generated dependencies of target qbo_msgs__rosidl_typesupport_introspection_c__pyext[0m
[3.383s] [35m[1mConsolidate compiler generated dependencies of target qbo_msgs__rosidl_typesupport_fastrtps_c__pyext[0m
[3.383s] [35m[1mConsolidate compiler generated dependencies of target qbo_msgs__rosidl_typesupport_c__pyext[0m
[3.402s] [ 89%] Built target qbo_msgs__rosidl_typesupport_c__pyext
[3.403s] [100%] Built target qbo_msgs__rosidl_typesupport_fastrtps_c__pyext
[3.403s] [100%] Built target qbo_msgs__rosidl_typesupport_introspection_c__pyext
[3.567s] running egg_info
[3.591s] writing qbo_msgs.egg-info/PKG-INFO
[3.592s] writing dependency_links to qbo_msgs.egg-info/dependency_links.txt
[3.592s] writing top-level names to qbo_msgs.egg-info/top_level.txt
[3.664s] reading manifest file 'qbo_msgs.egg-info/SOURCES.txt'
[3.666s] writing manifest file 'qbo_msgs.egg-info/SOURCES.txt'
[3.723s] [100%] Built target ament_cmake_python_build_qbo_msgs_egg
[3.746s] Invoked command in '/home/qbo-v2/qbo_ws/src/build/qbo_msgs' returned '0': CMAKE_PREFIX_PATH=${CMAKE_PREFIX_PATH}:/home/qbo-v2/qbo_ws/src/install/qbo_driver:/home/qbo-v2/qbo_ws/install/qbo_driver:/opt/ros/humble /usr/bin/cmake --build /home/qbo-v2/qbo_ws/src/build/qbo_msgs -- -j8 -l8
[3.766s] Invoking command in '/home/qbo-v2/qbo_ws/src/build/qbo_msgs': CMAKE_PREFIX_PATH=${CMAKE_PREFIX_PATH}:/home/qbo-v2/qbo_ws/src/install/qbo_driver:/home/qbo-v2/qbo_ws/install/qbo_driver:/opt/ros/humble /usr/bin/cmake --install /home/qbo-v2/qbo_ws/src/build/qbo_msgs
[3.781s] -- Install configuration: ""
[3.781s] -- Up-to-date: /home/qbo-v2/qbo_ws/src/install/qbo_msgs/share/ament_index/resource_index/rosidl_interfaces/qbo_msgs
[3.782s] -- Up-to-date: /home/qbo-v2/qbo_ws/src/install/qbo_msgs/include/qbo_msgs/qbo_msgs
[3.782s] -- Up-to-date: /home/qbo-v2/qbo_ws/src/install/qbo_msgs/include/qbo_msgs/qbo_msgs/srv
[3.782s] -- Up-to-date: /home/qbo-v2/qbo_ws/src/install/qbo_msgs/include/qbo_msgs/qbo_msgs/srv/text2_speach.h
[3.783s] -- Up-to-date: /home/qbo-v2/qbo_ws/src/install/qbo_msgs/include/qbo_msgs/qbo_msgs/srv/detail
[3.783s] -- Up-to-date: /home/qbo-v2/qbo_ws/src/install/qbo_msgs/include/qbo_msgs/qbo_msgs/srv/detail/text2_speach__functions.h
[3.783s] -- Up-to-date: /home/qbo-v2/qbo_ws/src/install/qbo_msgs/include/qbo_msgs/qbo_msgs/srv/detail/text2_speach__type_support.h
[3.784s] -- Up-to-date: /home/qbo-v2/qbo_ws/src/install/qbo_msgs/include/qbo_msgs/qbo_msgs/srv/detail/text2_speach__struct.h
[3.784s] -- Up-to-date: /home/qbo-v2/qbo_ws/src/install/qbo_msgs/include/qbo_msgs/qbo_msgs/srv/detail/text2_speach__functions.c
[3.784s] -- Up-to-date: /home/qbo-v2/qbo_ws/src/install/qbo_msgs/include/qbo_msgs/qbo_msgs/msg
[3.785s] -- Up-to-date: /home/qbo-v2/qbo_ws/src/install/qbo_msgs/include/qbo_msgs/qbo_msgs/msg/rosidl_generator_c__visibility_control.h
[3.785s] -- Up-to-date: /home/qbo-v2/qbo_ws/src/install/qbo_msgs/include/qbo_msgs/qbo_msgs/msg/detail
[3.786s] -- Up-to-date: /home/qbo-v2/qbo_ws/src/install/qbo_msgs/include/qbo_msgs/qbo_msgs/msg/detail/listen_result__functions.c
[3.786s] -- Up-to-date: /home/qbo-v2/qbo_ws/src/install/qbo_msgs/include/qbo_msgs/qbo_msgs/msg/detail/listen_result__struct.h
[3.786s] -- Up-to-date: /home/qbo-v2/qbo_ws/src/install/qbo_msgs/include/qbo_msgs/qbo_msgs/msg/detail/listen_result__type_support.h
[3.787s] -- Up-to-date: /home/qbo-v2/qbo_ws/src/install/qbo_msgs/include/qbo_msgs/qbo_msgs/msg/detail/listen_result__functions.h
[3.787s] -- Up-to-date: /home/qbo-v2/qbo_ws/src/install/qbo_msgs/include/qbo_msgs/qbo_msgs/msg/listen_result.h
[3.787s] -- Up-to-date: /home/qbo-v2/qbo_ws/src/install/qbo_msgs/share/qbo_msgs/environment/library_path.sh
[3.788s] -- Installing: /home/qbo-v2/qbo_ws/src/install/qbo_msgs/share/qbo_msgs/environment/library_path.dsv
[3.788s] -- Up-to-date: /home/qbo-v2/qbo_ws/src/install/qbo_msgs/lib/libqbo_msgs__rosidl_generator_c.so
[3.788s] -- Up-to-date: /home/qbo-v2/qbo_ws/src/install/qbo_msgs/include/qbo_msgs/qbo_msgs
[3.788s] -- Up-to-date: /home/qbo-v2/qbo_ws/src/install/qbo_msgs/include/qbo_msgs/qbo_msgs/srv
[3.789s] -- Up-to-date: /home/qbo-v2/qbo_ws/src/install/qbo_msgs/include/qbo_msgs/qbo_msgs/srv/detail
[3.789s] -- Up-to-date: /home/qbo-v2/qbo_ws/src/install/qbo_msgs/include/qbo_msgs/qbo_msgs/srv/detail/text2_speach__rosidl_typesupport_fastrtps_c.h
[3.789s] -- Up-to-date: /home/qbo-v2/qbo_ws/src/install/qbo_msgs/include/qbo_msgs/qbo_msgs/msg
[3.790s] -- Up-to-date: /home/qbo-v2/qbo_ws/src/install/qbo_msgs/include/qbo_msgs/qbo_msgs/msg/detail
[3.790s] -- Up-to-date: /home/qbo-v2/qbo_ws/src/install/qbo_msgs/include/qbo_msgs/qbo_msgs/msg/detail/listen_result__rosidl_typesupport_fastrtps_c.h
[3.790s] -- Up-to-date: /home/qbo-v2/qbo_ws/src/install/qbo_msgs/include/qbo_msgs/qbo_msgs/msg/rosidl_typesupport_fastrtps_c__visibility_control.h
[3.791s] -- Up-to-date: /home/qbo-v2/qbo_ws/src/install/qbo_msgs/lib/libqbo_msgs__rosidl_typesupport_fastrtps_c.so
[3.791s] -- Up-to-date: /home/qbo-v2/qbo_ws/src/install/qbo_msgs/include/qbo_msgs/qbo_msgs
[3.791s] -- Up-to-date: /home/qbo-v2/qbo_ws/src/install/qbo_msgs/include/qbo_msgs/qbo_msgs/srv
[3.791s] -- Up-to-date: /home/qbo-v2/qbo_ws/src/install/qbo_msgs/include/qbo_msgs/qbo_msgs/srv/detail
[3.791s] -- Up-to-date: /home/qbo-v2/qbo_ws/src/install/qbo_msgs/include/qbo_msgs/qbo_msgs/srv/detail/text2_speach__rosidl_typesupport_introspection_c.h
[3.792s] -- Up-to-date: /home/qbo-v2/qbo_ws/src/install/qbo_msgs/include/qbo_msgs/qbo_msgs/srv/detail/text2_speach__type_support.c
[3.792s] -- Up-to-date: /home/qbo-v2/qbo_ws/src/install/qbo_msgs/include/qbo_msgs/qbo_msgs/msg
[3.792s] -- Up-to-date: /home/qbo-v2/qbo_ws/src/install/qbo_msgs/include/qbo_msgs/qbo_msgs/msg/detail
[3.792s] -- Up-to-date: /home/qbo-v2/qbo_ws/src/install/qbo_msgs/include/qbo_msgs/qbo_msgs/msg/detail/listen_result__type_support.c
[3.793s] -- Up-to-date: /home/qbo-v2/qbo_ws/src/install/qbo_msgs/include/qbo_msgs/qbo_msgs/msg/detail/listen_result__rosidl_typesupport_introspection_c.h
[3.793s] -- Up-to-date: /home/qbo-v2/qbo_ws/src/install/qbo_msgs/include/qbo_msgs/qbo_msgs/msg/rosidl_typesupport_introspection_c__visibility_control.h
[3.793s] -- Up-to-date: /home/qbo-v2/qbo_ws/src/install/qbo_msgs/lib/libqbo_msgs__rosidl_typesupport_introspection_c.so
[3.793s] -- Up-to-date: /home/qbo-v2/qbo_ws/src/install/qbo_msgs/lib/libqbo_msgs__rosidl_typesupport_c.so
[3.793s] -- Up-to-date: /home/qbo-v2/qbo_ws/src/install/qbo_msgs/include/qbo_msgs/qbo_msgs
[3.794s] -- Up-to-date: /home/qbo-v2/qbo_ws/src/install/qbo_msgs/include/qbo_msgs/qbo_msgs/srv
[3.794s] -- Up-to-date: /home/qbo-v2/qbo_ws/src/install/qbo_msgs/include/qbo_msgs/qbo_msgs/srv/detail
[3.794s] -- Up-to-date: /home/qbo-v2/qbo_ws/src/install/qbo_msgs/include/qbo_msgs/qbo_msgs/srv/detail/text2_speach__builder.hpp
[3.794s] -- Up-to-date: /home/qbo-v2/qbo_ws/src/install/qbo_msgs/include/qbo_msgs/qbo_msgs/srv/detail/text2_speach__type_support.hpp
[3.794s] -- Up-to-date: /home/qbo-v2/qbo_ws/src/install/qbo_msgs/include/qbo_msgs/qbo_msgs/srv/detail/text2_speach__traits.hpp
[3.795s] -- Up-to-date: /home/qbo-v2/qbo_ws/src/install/qbo_msgs/include/qbo_msgs/qbo_msgs/srv/detail/text2_speach__struct.hpp
[3.795s] -- Up-to-date: /home/qbo-v2/qbo_ws/src/install/qbo_msgs/include/qbo_msgs/qbo_msgs/srv/text2_speach.hpp
[3.795s] -- Up-to-date: /home/qbo-v2/qbo_ws/src/install/qbo_msgs/include/qbo_msgs/qbo_msgs/msg
[3.795s] -- Up-to-date: /home/qbo-v2/qbo_ws/src/install/qbo_msgs/include/qbo_msgs/qbo_msgs/msg/detail
[3.796s] -- Up-to-date: /home/qbo-v2/qbo_ws/src/install/qbo_msgs/include/qbo_msgs/qbo_msgs/msg/detail/listen_result__builder.hpp
[3.796s] -- Up-to-date: /home/qbo-v2/qbo_ws/src/install/qbo_msgs/include/qbo_msgs/qbo_msgs/msg/detail/listen_result__struct.hpp
[3.796s] -- Up-to-date: /home/qbo-v2/qbo_ws/src/install/qbo_msgs/include/qbo_msgs/qbo_msgs/msg/detail/listen_result__traits.hpp
[3.796s] -- Up-to-date: /home/qbo-v2/qbo_ws/src/install/qbo_msgs/include/qbo_msgs/qbo_msgs/msg/detail/listen_result__type_support.hpp
[3.796s] -- Up-to-date: /home/qbo-v2/qbo_ws/src/install/qbo_msgs/include/qbo_msgs/qbo_msgs/msg/rosidl_generator_cpp__visibility_control.hpp
[3.797s] -- Up-to-date: /home/qbo-v2/qbo_ws/src/install/qbo_msgs/include/qbo_msgs/qbo_msgs/msg/listen_result.hpp
[3.797s] -- Up-to-date: /home/qbo-v2/qbo_ws/src/install/qbo_msgs/include/qbo_msgs/qbo_msgs
[3.797s] -- Up-to-date: /home/qbo-v2/qbo_ws/src/install/qbo_msgs/include/qbo_msgs/qbo_msgs/srv
[3.797s] -- Up-to-date: /home/qbo-v2/qbo_ws/src/install/qbo_msgs/include/qbo_msgs/qbo_msgs/srv/detail
[3.797s] -- Up-to-date: /home/qbo-v2/qbo_ws/src/install/qbo_msgs/include/qbo_msgs/qbo_msgs/srv/detail/text2_speach__rosidl_typesupport_fastrtps_cpp.hpp
[3.798s] -- Up-to-date: /home/qbo-v2/qbo_ws/src/install/qbo_msgs/include/qbo_msgs/qbo_msgs/srv/detail/dds_fastrtps
[3.798s] -- Up-to-date: /home/qbo-v2/qbo_ws/src/install/qbo_msgs/include/qbo_msgs/qbo_msgs/msg
[3.798s] -- Up-to-date: /home/qbo-v2/qbo_ws/src/install/qbo_msgs/include/qbo_msgs/qbo_msgs/msg/detail
[3.798s] -- Up-to-date: /home/qbo-v2/qbo_ws/src/install/qbo_msgs/include/qbo_msgs/qbo_msgs/msg/detail/listen_result__rosidl_typesupport_fastrtps_cpp.hpp
[3.798s] -- Up-to-date: /home/qbo-v2/qbo_ws/src/install/qbo_msgs/include/qbo_msgs/qbo_msgs/msg/detail/dds_fastrtps
[3.799s] -- Up-to-date: /home/qbo-v2/qbo_ws/src/install/qbo_msgs/include/qbo_msgs/qbo_msgs/msg/rosidl_typesupport_fastrtps_cpp__visibility_control.h
[3.799s] -- Up-to-date: /home/qbo-v2/qbo_ws/src/install/qbo_msgs/lib/libqbo_msgs__rosidl_typesupport_fastrtps_cpp.so
[3.799s] -- Up-to-date: /home/qbo-v2/qbo_ws/src/install/qbo_msgs/include/qbo_msgs/qbo_msgs
[3.799s] -- Up-to-date: /home/qbo-v2/qbo_ws/src/install/qbo_msgs/include/qbo_msgs/qbo_msgs/srv
[3.799s] -- Up-to-date: /home/qbo-v2/qbo_ws/src/install/qbo_msgs/include/qbo_msgs/qbo_msgs/srv/detail
[3.800s] -- Up-to-date: /home/qbo-v2/qbo_ws/src/install/qbo_msgs/include/qbo_msgs/qbo_msgs/srv/detail/text2_speach__type_support.cpp
[3.800s] -- Up-to-date: /home/qbo-v2/qbo_ws/src/install/qbo_msgs/include/qbo_msgs/qbo_msgs/srv/detail/text2_speach__rosidl_typesupport_introspection_cpp.hpp
[3.800s] -- Up-to-date: /home/qbo-v2/qbo_ws/src/install/qbo_msgs/include/qbo_msgs/qbo_msgs/msg
[3.800s] -- Up-to-date: /home/qbo-v2/qbo_ws/src/install/qbo_msgs/include/qbo_msgs/qbo_msgs/msg/detail
[3.801s] -- Up-to-date: /home/qbo-v2/qbo_ws/src/install/qbo_msgs/include/qbo_msgs/qbo_msgs/msg/detail/listen_result__rosidl_typesupport_introspection_cpp.hpp
[3.801s] -- Up-to-date: /home/qbo-v2/qbo_ws/src/install/qbo_msgs/include/qbo_msgs/qbo_msgs/msg/detail/listen_result__type_support.cpp
[3.801s] -- Up-to-date: /home/qbo-v2/qbo_ws/src/install/qbo_msgs/lib/libqbo_msgs__rosidl_typesupport_introspection_cpp.so
[3.801s] -- Up-to-date: /home/qbo-v2/qbo_ws/src/install/qbo_msgs/lib/libqbo_msgs__rosidl_typesupport_cpp.so
[3.801s] -- Up-to-date: /home/qbo-v2/qbo_ws/src/install/qbo_msgs/share/qbo_msgs/environment/pythonpath.sh
[3.802s] -- Installing: /home/qbo-v2/qbo_ws/src/install/qbo_msgs/share/qbo_msgs/environment/pythonpath.dsv
[3.802s] -- Up-to-date: /home/qbo-v2/qbo_ws/src/install/qbo_msgs/local/lib/python3.10/dist-packages/qbo_msgs-0.1.1-py3.10.egg-info
[3.802s] -- Installing: /home/qbo-v2/qbo_ws/src/install/qbo_msgs/local/lib/python3.10/dist-packages/qbo_msgs-0.1.1-py3.10.egg-info/SOURCES.txt
[3.802s] -- Installing: /home/qbo-v2/qbo_ws/src/install/qbo_msgs/local/lib/python3.10/dist-packages/qbo_msgs-0.1.1-py3.10.egg-info/dependency_links.txt
[3.802s] -- Installing: /home/qbo-v2/qbo_ws/src/install/qbo_msgs/local/lib/python3.10/dist-packages/qbo_msgs-0.1.1-py3.10.egg-info/PKG-INFO
[3.803s] -- Installing: /home/qbo-v2/qbo_ws/src/install/qbo_msgs/local/lib/python3.10/dist-packages/qbo_msgs-0.1.1-py3.10.egg-info/top_level.txt
[3.803s] -- Up-to-date: /home/qbo-v2/qbo_ws/src/install/qbo_msgs/local/lib/python3.10/dist-packages/qbo_msgs
[3.803s] -- Up-to-date: /home/qbo-v2/qbo_ws/src/install/qbo_msgs/local/lib/python3.10/dist-packages/qbo_msgs/srv
[3.803s] -- Up-to-date: /home/qbo-v2/qbo_ws/src/install/qbo_msgs/local/lib/python3.10/dist-packages/qbo_msgs/srv/__init__.py
[3.804s] -- Up-to-date: /home/qbo-v2/qbo_ws/src/install/qbo_msgs/local/lib/python3.10/dist-packages/qbo_msgs/srv/_text2_speach.py
[3.804s] -- Up-to-date: /home/qbo-v2/qbo_ws/src/install/qbo_msgs/local/lib/python3.10/dist-packages/qbo_msgs/srv/_text2_speach_s.c
[3.804s] -- Up-to-date: /home/qbo-v2/qbo_ws/src/install/qbo_msgs/local/lib/python3.10/dist-packages/qbo_msgs/qbo_msgs_s__rosidl_typesupport_c.cpython-310-aarch64-linux-gnu.so
[3.804s] -- Up-to-date: /home/qbo-v2/qbo_ws/src/install/qbo_msgs/local/lib/python3.10/dist-packages/qbo_msgs/_qbo_msgs_s.ep.rosidl_typesupport_fastrtps_c.c
[3.804s] -- Up-to-date: /home/qbo-v2/qbo_ws/src/install/qbo_msgs/local/lib/python3.10/dist-packages/qbo_msgs/msg
[3.805s] -- Up-to-date: /home/qbo-v2/qbo_ws/src/install/qbo_msgs/local/lib/python3.10/dist-packages/qbo_msgs/msg/_listen_result.py
[3.805s] -- Up-to-date: /home/qbo-v2/qbo_ws/src/install/qbo_msgs/local/lib/python3.10/dist-packages/qbo_msgs/msg/_listen_result_s.c
[3.805s] -- Up-to-date: /home/qbo-v2/qbo_ws/src/install/qbo_msgs/local/lib/python3.10/dist-packages/qbo_msgs/msg/__init__.py
[3.805s] -- Installing: /home/qbo-v2/qbo_ws/src/install/qbo_msgs/local/lib/python3.10/dist-packages/qbo_msgs/__init__.py
[3.805s] -- Up-to-date: /home/qbo-v2/qbo_ws/src/install/qbo_msgs/local/lib/python3.10/dist-packages/qbo_msgs/qbo_msgs_s__rosidl_typesupport_introspection_c.cpython-310-aarch64-linux-gnu.so
[3.806s] -- Up-to-date: /home/qbo-v2/qbo_ws/src/install/qbo_msgs/local/lib/python3.10/dist-packages/qbo_msgs/qbo_msgs_s__rosidl_typesupport_fastrtps_c.cpython-310-aarch64-linux-gnu.so
[3.806s] -- Up-to-date: /home/qbo-v2/qbo_ws/src/install/qbo_msgs/local/lib/python3.10/dist-packages/qbo_msgs/libqbo_msgs__rosidl_generator_py.so
[3.806s] -- Up-to-date: /home/qbo-v2/qbo_ws/src/install/qbo_msgs/local/lib/python3.10/dist-packages/qbo_msgs/_qbo_msgs_s.ep.rosidl_typesupport_introspection_c.c
[3.806s] -- Up-to-date: /home/qbo-v2/qbo_ws/src/install/qbo_msgs/local/lib/python3.10/dist-packages/qbo_msgs/_qbo_msgs_s.ep.rosidl_typesupport_c.c
[3.850s] Listing '/home/qbo-v2/qbo_ws/src/install/qbo_msgs/local/lib/python3.10/dist-packages/qbo_msgs'...
[3.851s] Compiling '/home/qbo-v2/qbo_ws/src/install/qbo_msgs/local/lib/python3.10/dist-packages/qbo_msgs/__init__.py'...
[3.851s] Listing '/home/qbo-v2/qbo_ws/src/install/qbo_msgs/local/lib/python3.10/dist-packages/qbo_msgs/msg'...
[3.851s] Listing '/home/qbo-v2/qbo_ws/src/install/qbo_msgs/local/lib/python3.10/dist-packages/qbo_msgs/srv'...
[3.858s] -- Up-to-date: /home/qbo-v2/qbo_ws/src/install/qbo_msgs/local/lib/python3.10/dist-packages/qbo_msgs/qbo_msgs_s__rosidl_typesupport_fastrtps_c.cpython-310-aarch64-linux-gnu.so
[3.859s] -- Up-to-date: /home/qbo-v2/qbo_ws/src/install/qbo_msgs/local/lib/python3.10/dist-packages/qbo_msgs/qbo_msgs_s__rosidl_typesupport_introspection_c.cpython-310-aarch64-linux-gnu.so
[3.859s] -- Up-to-date: /home/qbo-v2/qbo_ws/src/install/qbo_msgs/local/lib/python3.10/dist-packages/qbo_msgs/qbo_msgs_s__rosidl_typesupport_c.cpython-310-aarch64-linux-gnu.so
[3.860s] -- Up-to-date: /home/qbo-v2/qbo_ws/src/install/qbo_msgs/lib/libqbo_msgs__rosidl_generator_py.so
[3.860s] -- Up-to-date: /home/qbo-v2/qbo_ws/src/install/qbo_msgs/share/qbo_msgs/msg/ListenResult.idl
[3.860s] -- Up-to-date: /home/qbo-v2/qbo_ws/src/install/qbo_msgs/share/qbo_msgs/srv/Text2Speach.idl
[3.861s] -- Up-to-date: /home/qbo-v2/qbo_ws/src/install/qbo_msgs/share/qbo_msgs/msg/ListenResult.msg
[3.861s] -- Up-to-date: /home/qbo-v2/qbo_ws/src/install/qbo_msgs/share/qbo_msgs/srv/Text2Speach.srv
[3.861s] -- Up-to-date: /home/qbo-v2/qbo_ws/src/install/qbo_msgs/share/qbo_msgs/srv/Text2Speach_Request.msg
[3.861s] -- Up-to-date: /home/qbo-v2/qbo_ws/src/install/qbo_msgs/share/qbo_msgs/srv/Text2Speach_Response.msg
[3.862s] -- Up-to-date: /home/qbo-v2/qbo_ws/src/install/qbo_msgs/share/ament_index/resource_index/package_run_dependencies/qbo_msgs
[3.862s] -- Up-to-date: /home/qbo-v2/qbo_ws/src/install/qbo_msgs/share/ament_index/resource_index/parent_prefix_path/qbo_msgs
[3.862s] -- Up-to-date: /home/qbo-v2/qbo_ws/src/install/qbo_msgs/share/qbo_msgs/environment/ament_prefix_path.sh
[3.863s] -- Installing: /home/qbo-v2/qbo_ws/src/install/qbo_msgs/share/qbo_msgs/environment/ament_prefix_path.dsv
[3.863s] -- Up-to-date: /home/qbo-v2/qbo_ws/src/install/qbo_msgs/share/qbo_msgs/environment/path.sh
[3.863s] -- Installing: /home/qbo-v2/qbo_ws/src/install/qbo_msgs/share/qbo_msgs/environment/path.dsv
[3.864s] -- Up-to-date: /home/qbo-v2/qbo_ws/src/install/qbo_msgs/share/qbo_msgs/local_setup.bash
[3.864s] -- Up-to-date: /home/qbo-v2/qbo_ws/src/install/qbo_msgs/share/qbo_msgs/local_setup.sh
[3.864s] -- Up-to-date: /home/qbo-v2/qbo_ws/src/install/qbo_msgs/share/qbo_msgs/local_setup.zsh
[3.865s] -- Installing: /home/qbo-v2/qbo_ws/src/install/qbo_msgs/share/qbo_msgs/local_setup.dsv
[3.865s] -- Installing: /home/qbo-v2/qbo_ws/src/install/qbo_msgs/share/qbo_msgs/package.dsv
[3.865s] -- Up-to-date: /home/qbo-v2/qbo_ws/src/install/qbo_msgs/share/ament_index/resource_index/packages/qbo_msgs
[3.866s] -- Up-to-date: /home/qbo-v2/qbo_ws/src/install/qbo_msgs/share/qbo_msgs/cmake/export_qbo_msgs__rosidl_generator_cExport.cmake
[3.866s] -- Up-to-date: /home/qbo-v2/qbo_ws/src/install/qbo_msgs/share/qbo_msgs/cmake/export_qbo_msgs__rosidl_generator_cExport-noconfig.cmake
[3.866s] -- Up-to-date: /home/qbo-v2/qbo_ws/src/install/qbo_msgs/share/qbo_msgs/cmake/export_qbo_msgs__rosidl_typesupport_fastrtps_cExport.cmake
[3.866s] -- Up-to-date: /home/qbo-v2/qbo_ws/src/install/qbo_msgs/share/qbo_msgs/cmake/export_qbo_msgs__rosidl_typesupport_fastrtps_cExport-noconfig.cmake
[3.866s] -- Up-to-date: /home/qbo-v2/qbo_ws/src/install/qbo_msgs/share/qbo_msgs/cmake/qbo_msgs__rosidl_typesupport_introspection_cExport.cmake
[3.867s] -- Up-to-date: /home/qbo-v2/qbo_ws/src/install/qbo_msgs/share/qbo_msgs/cmake/qbo_msgs__rosidl_typesupport_introspection_cExport-noconfig.cmake
[3.867s] -- Up-to-date: /home/qbo-v2/qbo_ws/src/install/qbo_msgs/share/qbo_msgs/cmake/qbo_msgs__rosidl_typesupport_cExport.cmake
[3.867s] -- Up-to-date: /home/qbo-v2/qbo_ws/src/install/qbo_msgs/share/qbo_msgs/cmake/qbo_msgs__rosidl_typesupport_cExport-noconfig.cmake
[3.867s] -- Up-to-date: /home/qbo-v2/qbo_ws/src/install/qbo_msgs/share/qbo_msgs/cmake/export_qbo_msgs__rosidl_generator_cppExport.cmake
[3.868s] -- Up-to-date: /home/qbo-v2/qbo_ws/src/install/qbo_msgs/share/qbo_msgs/cmake/export_qbo_msgs__rosidl_typesupport_fastrtps_cppExport.cmake
[3.868s] -- Up-to-date: /home/qbo-v2/qbo_ws/src/install/qbo_msgs/share/qbo_msgs/cmake/export_qbo_msgs__rosidl_typesupport_fastrtps_cppExport-noconfig.cmake
[3.868s] -- Up-to-date: /home/qbo-v2/qbo_ws/src/install/qbo_msgs/share/qbo_msgs/cmake/qbo_msgs__rosidl_typesupport_introspection_cppExport.cmake
[3.868s] -- Up-to-date: /home/qbo-v2/qbo_ws/src/install/qbo_msgs/share/qbo_msgs/cmake/qbo_msgs__rosidl_typesupport_introspection_cppExport-noconfig.cmake
[3.869s] -- Up-to-date: /home/qbo-v2/qbo_ws/src/install/qbo_msgs/share/qbo_msgs/cmake/qbo_msgs__rosidl_typesupport_cppExport.cmake
[3.870s] -- Up-to-date: /home/qbo-v2/qbo_ws/src/install/qbo_msgs/share/qbo_msgs/cmake/qbo_msgs__rosidl_typesupport_cppExport-noconfig.cmake
[3.871s] -- Up-to-date: /home/qbo-v2/qbo_ws/src/install/qbo_msgs/share/qbo_msgs/cmake/export_qbo_msgs__rosidl_generator_pyExport.cmake
[3.872s] -- Up-to-date: /home/qbo-v2/qbo_ws/src/install/qbo_msgs/share/qbo_msgs/cmake/export_qbo_msgs__rosidl_generator_pyExport-noconfig.cmake
[3.872s] -- Up-to-date: /home/qbo-v2/qbo_ws/src/install/qbo_msgs/share/qbo_msgs/cmake/rosidl_cmake-extras.cmake
[3.873s] -- Up-to-date: /home/qbo-v2/qbo_ws/src/install/qbo_msgs/share/qbo_msgs/cmake/ament_cmake_export_include_directories-extras.cmake
[3.873s] -- Up-to-date: /home/qbo-v2/qbo_ws/src/install/qbo_msgs/share/qbo_msgs/cmake/ament_cmake_export_libraries-extras.cmake
[3.874s] -- Up-to-date: /home/qbo-v2/qbo_ws/src/install/qbo_msgs/share/qbo_msgs/cmake/ament_cmake_export_targets-extras.cmake
[3.874s] -- Up-to-date: /home/qbo-v2/qbo_ws/src/install/qbo_msgs/share/qbo_msgs/cmake/rosidl_cmake_export_typesupport_targets-extras.cmake
[3.875s] -- Up-to-date: /home/qbo-v2/qbo_ws/src/install/qbo_msgs/share/qbo_msgs/cmake/ament_cmake_export_dependencies-extras.cmake
[3.875s] -- Up-to-date: /home/qbo-v2/qbo_ws/src/install/qbo_msgs/share/qbo_msgs/cmake/rosidl_cmake_export_typesupport_libraries-extras.cmake
[3.876s] -- Up-to-date: /home/qbo-v2/qbo_ws/src/install/qbo_msgs/share/qbo_msgs/cmake/qbo_msgsConfig.cmake
[3.876s] -- Up-to-date: /home/qbo-v2/qbo_ws/src/install/qbo_msgs/share/qbo_msgs/cmake/qbo_msgsConfig-version.cmake
[3.877s] -- Up-to-date: /home/qbo-v2/qbo_ws/src/install/qbo_msgs/share/qbo_msgs/package.xml
[3.877s] Invoked command in '/home/qbo-v2/qbo_ws/src/build/qbo_msgs' returned '0': CMAKE_PREFIX_PATH=${CMAKE_PREFIX_PATH}:/home/qbo-v2/qbo_ws/src/install/qbo_driver:/home/qbo-v2/qbo_ws/install/qbo_driver:/opt/ros/humble /usr/bin/cmake --install /home/qbo-v2/qbo_ws/src/build/qbo_msgs
