/home/qbo-v2/qbo_ws/src/install/qbo_driver/lib/python3.10/site-packages/src/talk_piper_old.py
/home/qbo-v2/qbo_ws/src/install/qbo_driver/lib/python3.10/site-packages/src/listen_whisper.py
/home/qbo-v2/qbo_ws/src/install/qbo_driver/lib/python3.10/site-packages/src/brainRS.py
/home/qbo-v2/qbo_ws/src/install/qbo_driver/lib/python3.10/site-packages/src/__init__.py
/home/qbo-v2/qbo_ws/src/install/qbo_driver/lib/python3.10/site-packages/src/listen_old.py
/home/qbo-v2/qbo_ws/src/install/qbo_driver/lib/python3.10/site-packages/src/diag_node.py
/home/qbo-v2/qbo_ws/src/install/qbo_driver/lib/python3.10/site-packages/src/talk_piper.py
/home/qbo-v2/qbo_ws/src/install/qbo_driver/lib/python3.10/site-packages/src/hardware_info.py
/home/qbo-v2/qbo_ws/src/install/qbo_driver/lib/python3.10/site-packages/src/__pycache__/talk_piper_old.cpython-310.pyc
/home/qbo-v2/qbo_ws/src/install/qbo_driver/lib/python3.10/site-packages/src/__pycache__/listen_whisper.cpython-310.pyc
/home/qbo-v2/qbo_ws/src/install/qbo_driver/lib/python3.10/site-packages/src/__pycache__/brainRS.cpython-310.pyc
/home/qbo-v2/qbo_ws/src/install/qbo_driver/lib/python3.10/site-packages/src/__pycache__/__init__.cpython-310.pyc
/home/qbo-v2/qbo_ws/src/install/qbo_driver/lib/python3.10/site-packages/src/__pycache__/listen_old.cpython-310.pyc
/home/qbo-v2/qbo_ws/src/install/qbo_driver/lib/python3.10/site-packages/src/__pycache__/diag_node.cpython-310.pyc
/home/qbo-v2/qbo_ws/src/install/qbo_driver/lib/python3.10/site-packages/src/__pycache__/talk_piper.cpython-310.pyc
/home/qbo-v2/qbo_ws/src/install/qbo_driver/lib/python3.10/site-packages/src/__pycache__/hardware_info.cpython-310.pyc
/home/qbo-v2/qbo_ws/src/install/qbo_driver/share/ament_index/resource_index/packages/qbo_driver
/home/qbo-v2/qbo_ws/src/install/qbo_driver/share/qbo_driver/package.xml
/home/qbo-v2/qbo_ws/src/install/qbo_driver/share/qbo_driver/launch/diag_launch.py
/home/qbo-v2/qbo_ws/src/install/qbo_driver/share/qbo_driver/thresholds.yaml
/home/qbo-v2/qbo_ws/src/install/qbo_driver/share/qbo_driver/diagnostic_aggregator.yaml
/home/qbo-v2/qbo_ws/src/install/qbo_driver/share/qbo_driver/qbo.rive
/home/qbo-v2/qbo_ws/src/install/qbo_driver/lib/python3.10/site-packages/qbo_driver-0.1.1-py3.10.egg-info/SOURCES.txt
/home/qbo-v2/qbo_ws/src/install/qbo_driver/lib/python3.10/site-packages/qbo_driver-0.1.1-py3.10.egg-info/dependency_links.txt
/home/qbo-v2/qbo_ws/src/install/qbo_driver/lib/python3.10/site-packages/qbo_driver-0.1.1-py3.10.egg-info/PKG-INFO
/home/qbo-v2/qbo_ws/src/install/qbo_driver/lib/python3.10/site-packages/qbo_driver-0.1.1-py3.10.egg-info/top_level.txt
/home/qbo-v2/qbo_ws/src/install/qbo_driver/lib/python3.10/site-packages/qbo_driver-0.1.1-py3.10.egg-info/entry_points.txt
/home/qbo-v2/qbo_ws/src/install/qbo_driver/lib/python3.10/site-packages/qbo_driver-0.1.1-py3.10.egg-info/zip-safe
/home/qbo-v2/qbo_ws/src/install/qbo_driver/lib/python3.10/site-packages/qbo_driver-0.1.1-py3.10.egg-info/requires.txt
/home/qbo-v2/qbo_ws/src/install/qbo_driver/lib/qbo_driver/diag_node
/home/qbo-v2/qbo_ws/src/install/qbo_driver/lib/qbo_driver/qbo_brain
/home/qbo-v2/qbo_ws/src/install/qbo_driver/lib/qbo_driver/qbo_listen
/home/qbo-v2/qbo_ws/src/install/qbo_driver/lib/qbo_driver/qbo_talk
