[0.017s] Invoking command in '/home/qbo-v2/qbo_ws/src/build/qbo_msgs': CMAKE_PREFIX_PATH=${CMAKE_PREFIX_PATH}:/home/qbo-v2/qbo_ws/src/install/qbo_driver:/home/qbo-v2/qbo_ws/install/qbo_driver:/opt/ros/humble /usr/bin/cmake /home/qbo-v2/qbo_ws/src/qbo_msgs -DCMAKE_INSTALL_PREFIX=/home/qbo-v2/qbo_ws/src/install/qbo_msgs
[0.120s] -- The C compiler identification is GNU 11.4.0
[0.227s] -- The CXX compiler identification is GNU 11.4.0
[0.249s] -- Detecting C compiler ABI info
[0.382s] -- Detecting C compiler ABI info - done
[0.406s] -- Check for working C compiler: /usr/bin/cc - skipped
[0.407s] -- Detecting C compile features
[0.408s] -- Detecting C compile features - done
[0.419s] -- Detecting CXX compiler ABI info
[0.580s] -- Detecting CXX compiler ABI info - done
[0.605s] -- Check for working CXX compiler: /usr/bin/c++ - skipped
[0.605s] -- Detecting CXX compile features
[0.607s] -- Detecting CXX compile features - done
[0.614s] -- Found ament_cmake: 1.3.11 (/opt/ros/humble/share/ament_cmake/cmake)
[1.356s] -- Found Python3: /usr/bin/python3 (found version "3.10.12") found components: Interpreter 
[1.556s] -- Found rosidl_default_generators: 1.2.0 (/opt/ros/humble/share/rosidl_default_generators/cmake)
[1.565s] -- Using all available rosidl_typesupport_c: rosidl_typesupport_fastrtps_c;rosidl_typesupport_introspection_c
[1.581s] -- Found rosidl_adapter: 3.1.6 (/opt/ros/humble/share/rosidl_adapter/cmake)
[1.651s] -- Using all available rosidl_typesupport_cpp: rosidl_typesupport_fastrtps_cpp;rosidl_typesupport_introspection_cpp
[2.205s] -- Found ament_cmake_ros: 0.10.0 (/opt/ros/humble/share/ament_cmake_ros/cmake)
[2.602s] -- Using all available rosidl_typesupport_c: rosidl_typesupport_fastrtps_c;rosidl_typesupport_introspection_c
[3.116s] -- Using all available rosidl_typesupport_cpp: rosidl_typesupport_fastrtps_cpp;rosidl_typesupport_introspection_cpp
[3.165s] -- Found PythonInterp: /usr/bin/python3 (found suitable version "3.10.12", minimum required is "3.6") 
[3.168s] -- Found python_cmake_module: 0.10.0 (/opt/ros/humble/share/python_cmake_module/cmake)
[3.227s] -- Found PythonLibs: /usr/lib/aarch64-linux-gnu/libpython3.10.so (found suitable version "3.10.12", minimum required is "3.5") 
[3.228s] -- Using PYTHON_EXECUTABLE: /usr/bin/python3
[3.228s] -- Using PYTHON_INCLUDE_DIRS: /usr/include/python3.10
[3.228s] -- Using PYTHON_LIBRARIES: /usr/lib/aarch64-linux-gnu/libpython3.10.so
[3.271s] -- Found PythonExtra: .so  
[3.365s] -- Configuring done
[3.423s] -- Generating done
[3.443s] -- Build files have been written to: /home/qbo-v2/qbo_ws/src/build/qbo_msgs
[3.456s] Invoked command in '/home/qbo-v2/qbo_ws/src/build/qbo_msgs' returned '0': CMAKE_PREFIX_PATH=${CMAKE_PREFIX_PATH}:/home/qbo-v2/qbo_ws/src/install/qbo_driver:/home/qbo-v2/qbo_ws/install/qbo_driver:/opt/ros/humble /usr/bin/cmake /home/qbo-v2/qbo_ws/src/qbo_msgs -DCMAKE_INSTALL_PREFIX=/home/qbo-v2/qbo_ws/src/install/qbo_msgs
[3.459s] Invoking command in '/home/qbo-v2/qbo_ws/src/build/qbo_msgs': CMAKE_PREFIX_PATH=${CMAKE_PREFIX_PATH}:/home/qbo-v2/qbo_ws/src/install/qbo_driver:/home/qbo-v2/qbo_ws/install/qbo_driver:/opt/ros/humble /usr/bin/cmake --build /home/qbo-v2/qbo_ws/src/build/qbo_msgs -- -j8 -l8
[3.524s] [35m[1mConsolidate compiler generated dependencies of target qbo_msgs__rosidl_generator_c[0m
[3.540s] [  3%] Built target qbo_msgs__cpp
[3.544s] [ 12%] Built target qbo_msgs__rosidl_generator_c
[3.556s] [ 12%] Built target ament_cmake_python_copy_qbo_msgs
[3.556s] [35m[1mConsolidate compiler generated dependencies of target qbo_msgs__rosidl_typesupport_cpp[0m
[3.557s] [35m[1mConsolidate compiler generated dependencies of target qbo_msgs__rosidl_typesupport_introspection_cpp[0m
[3.558s] [35m[1mConsolidate compiler generated dependencies of target qbo_msgs__rosidl_typesupport_fastrtps_cpp[0m
[3.561s] [35m[1mConsolidate compiler generated dependencies of target qbo_msgs__rosidl_typesupport_introspection_c[0m
[3.561s] [35m[1mConsolidate compiler generated dependencies of target qbo_msgs__rosidl_typesupport_fastrtps_c[0m
[3.561s] [35m[1mConsolidate compiler generated dependencies of target qbo_msgs__rosidl_typesupport_c[0m
[3.578s] [ 38%] Built target qbo_msgs__rosidl_typesupport_fastrtps_cpp
[3.578s] [ 38%] Built target qbo_msgs__rosidl_typesupport_introspection_c
[3.579s] [ 41%] Built target qbo_msgs__rosidl_typesupport_cpp
[3.579s] [ 51%] Built target qbo_msgs__rosidl_typesupport_c
[3.580s] [ 61%] Built target qbo_msgs__rosidl_typesupport_introspection_cpp
[3.581s] [ 70%] Built target qbo_msgs__rosidl_typesupport_fastrtps_c
[3.616s] [ 70%] Built target qbo_msgs
[3.648s] [ 74%] Built target qbo_msgs__py
[3.666s] [35m[1mConsolidate compiler generated dependencies of target qbo_msgs__rosidl_generator_py[0m
[3.686s] [ 80%] Built target qbo_msgs__rosidl_generator_py
[3.703s] [35m[1mConsolidate compiler generated dependencies of target qbo_msgs__rosidl_typesupport_c__pyext[0m
[3.704s] [35m[1mConsolidate compiler generated dependencies of target qbo_msgs__rosidl_typesupport_fastrtps_c__pyext[0m
[3.704s] [35m[1mConsolidate compiler generated dependencies of target qbo_msgs__rosidl_typesupport_introspection_c__pyext[0m
[3.726s] [ 96%] Built target qbo_msgs__rosidl_typesupport_c__pyext
[3.726s] [ 96%] Built target qbo_msgs__rosidl_typesupport_introspection_c__pyext
[3.726s] [100%] Built target qbo_msgs__rosidl_typesupport_fastrtps_c__pyext
[3.971s] running egg_info
[4.001s] writing qbo_msgs.egg-info/PKG-INFO
[4.002s] writing dependency_links to qbo_msgs.egg-info/dependency_links.txt
[4.002s] writing top-level names to qbo_msgs.egg-info/top_level.txt
[4.091s] reading manifest file 'qbo_msgs.egg-info/SOURCES.txt'
[4.093s] writing manifest file 'qbo_msgs.egg-info/SOURCES.txt'
[4.157s] [100%] Built target ament_cmake_python_build_qbo_msgs_egg
[4.182s] Invoked command in '/home/qbo-v2/qbo_ws/src/build/qbo_msgs' returned '0': CMAKE_PREFIX_PATH=${CMAKE_PREFIX_PATH}:/home/qbo-v2/qbo_ws/src/install/qbo_driver:/home/qbo-v2/qbo_ws/install/qbo_driver:/opt/ros/humble /usr/bin/cmake --build /home/qbo-v2/qbo_ws/src/build/qbo_msgs -- -j8 -l8
[4.202s] Invoking command in '/home/qbo-v2/qbo_ws/src/build/qbo_msgs': CMAKE_PREFIX_PATH=${CMAKE_PREFIX_PATH}:/home/qbo-v2/qbo_ws/src/install/qbo_driver:/home/qbo-v2/qbo_ws/install/qbo_driver:/opt/ros/humble /usr/bin/cmake --install /home/qbo-v2/qbo_ws/src/build/qbo_msgs
[4.216s] -- Install configuration: ""
[4.216s] -- Up-to-date: /home/qbo-v2/qbo_ws/src/install/qbo_msgs/share/ament_index/resource_index/rosidl_interfaces/qbo_msgs
[4.216s] -- Up-to-date: /home/qbo-v2/qbo_ws/src/install/qbo_msgs/include/qbo_msgs/qbo_msgs
[4.217s] -- Up-to-date: /home/qbo-v2/qbo_ws/src/install/qbo_msgs/include/qbo_msgs/qbo_msgs/msg
[4.217s] -- Up-to-date: /home/qbo-v2/qbo_ws/src/install/qbo_msgs/include/qbo_msgs/qbo_msgs/msg/rosidl_generator_c__visibility_control.h
[4.217s] -- Up-to-date: /home/qbo-v2/qbo_ws/src/install/qbo_msgs/include/qbo_msgs/qbo_msgs/msg/detail
[4.217s] -- Up-to-date: /home/qbo-v2/qbo_ws/src/install/qbo_msgs/include/qbo_msgs/qbo_msgs/msg/detail/listen_result__functions.c
[4.217s] -- Up-to-date: /home/qbo-v2/qbo_ws/src/install/qbo_msgs/include/qbo_msgs/qbo_msgs/msg/detail/listen_result__struct.h
[4.218s] -- Up-to-date: /home/qbo-v2/qbo_ws/src/install/qbo_msgs/include/qbo_msgs/qbo_msgs/msg/detail/listen_result__type_support.h
[4.218s] -- Up-to-date: /home/qbo-v2/qbo_ws/src/install/qbo_msgs/include/qbo_msgs/qbo_msgs/msg/detail/listen_result__functions.h
[4.218s] -- Up-to-date: /home/qbo-v2/qbo_ws/src/install/qbo_msgs/include/qbo_msgs/qbo_msgs/msg/listen_result.h
[4.219s] -- Up-to-date: /home/qbo-v2/qbo_ws/src/install/qbo_msgs/share/qbo_msgs/environment/library_path.sh
[4.219s] -- Installing: /home/qbo-v2/qbo_ws/src/install/qbo_msgs/share/qbo_msgs/environment/library_path.dsv
[4.219s] -- Up-to-date: /home/qbo-v2/qbo_ws/src/install/qbo_msgs/lib/libqbo_msgs__rosidl_generator_c.so
[4.219s] -- Up-to-date: /home/qbo-v2/qbo_ws/src/install/qbo_msgs/include/qbo_msgs/qbo_msgs
[4.219s] -- Up-to-date: /home/qbo-v2/qbo_ws/src/install/qbo_msgs/include/qbo_msgs/qbo_msgs/msg
[4.220s] -- Up-to-date: /home/qbo-v2/qbo_ws/src/install/qbo_msgs/include/qbo_msgs/qbo_msgs/msg/detail
[4.220s] -- Up-to-date: /home/qbo-v2/qbo_ws/src/install/qbo_msgs/include/qbo_msgs/qbo_msgs/msg/detail/listen_result__rosidl_typesupport_fastrtps_c.h
[4.220s] -- Up-to-date: /home/qbo-v2/qbo_ws/src/install/qbo_msgs/include/qbo_msgs/qbo_msgs/msg/rosidl_typesupport_fastrtps_c__visibility_control.h
[4.221s] -- Up-to-date: /home/qbo-v2/qbo_ws/src/install/qbo_msgs/lib/libqbo_msgs__rosidl_typesupport_fastrtps_c.so
[4.221s] -- Up-to-date: /home/qbo-v2/qbo_ws/src/install/qbo_msgs/include/qbo_msgs/qbo_msgs
[4.221s] -- Up-to-date: /home/qbo-v2/qbo_ws/src/install/qbo_msgs/include/qbo_msgs/qbo_msgs/msg
[4.221s] -- Up-to-date: /home/qbo-v2/qbo_ws/src/install/qbo_msgs/include/qbo_msgs/qbo_msgs/msg/detail
[4.222s] -- Up-to-date: /home/qbo-v2/qbo_ws/src/install/qbo_msgs/include/qbo_msgs/qbo_msgs/msg/detail/listen_result__type_support.c
[4.222s] -- Up-to-date: /home/qbo-v2/qbo_ws/src/install/qbo_msgs/include/qbo_msgs/qbo_msgs/msg/detail/listen_result__rosidl_typesupport_introspection_c.h
[4.222s] -- Up-to-date: /home/qbo-v2/qbo_ws/src/install/qbo_msgs/include/qbo_msgs/qbo_msgs/msg/rosidl_typesupport_introspection_c__visibility_control.h
[4.222s] -- Up-to-date: /home/qbo-v2/qbo_ws/src/install/qbo_msgs/lib/libqbo_msgs__rosidl_typesupport_introspection_c.so
[4.222s] -- Up-to-date: /home/qbo-v2/qbo_ws/src/install/qbo_msgs/lib/libqbo_msgs__rosidl_typesupport_c.so
[4.223s] -- Up-to-date: /home/qbo-v2/qbo_ws/src/install/qbo_msgs/include/qbo_msgs/qbo_msgs
[4.223s] -- Up-to-date: /home/qbo-v2/qbo_ws/src/install/qbo_msgs/include/qbo_msgs/qbo_msgs/msg
[4.223s] -- Up-to-date: /home/qbo-v2/qbo_ws/src/install/qbo_msgs/include/qbo_msgs/qbo_msgs/msg/detail
[4.223s] -- Up-to-date: /home/qbo-v2/qbo_ws/src/install/qbo_msgs/include/qbo_msgs/qbo_msgs/msg/detail/listen_result__builder.hpp
[4.224s] -- Up-to-date: /home/qbo-v2/qbo_ws/src/install/qbo_msgs/include/qbo_msgs/qbo_msgs/msg/detail/listen_result__struct.hpp
[4.224s] -- Up-to-date: /home/qbo-v2/qbo_ws/src/install/qbo_msgs/include/qbo_msgs/qbo_msgs/msg/detail/listen_result__traits.hpp
[4.224s] -- Up-to-date: /home/qbo-v2/qbo_ws/src/install/qbo_msgs/include/qbo_msgs/qbo_msgs/msg/detail/listen_result__type_support.hpp
[4.224s] -- Up-to-date: /home/qbo-v2/qbo_ws/src/install/qbo_msgs/include/qbo_msgs/qbo_msgs/msg/rosidl_generator_cpp__visibility_control.hpp
[4.225s] -- Up-to-date: /home/qbo-v2/qbo_ws/src/install/qbo_msgs/include/qbo_msgs/qbo_msgs/msg/listen_result.hpp
[4.225s] -- Up-to-date: /home/qbo-v2/qbo_ws/src/install/qbo_msgs/include/qbo_msgs/qbo_msgs
[4.225s] -- Up-to-date: /home/qbo-v2/qbo_ws/src/install/qbo_msgs/include/qbo_msgs/qbo_msgs/msg
[4.225s] -- Up-to-date: /home/qbo-v2/qbo_ws/src/install/qbo_msgs/include/qbo_msgs/qbo_msgs/msg/detail
[4.225s] -- Up-to-date: /home/qbo-v2/qbo_ws/src/install/qbo_msgs/include/qbo_msgs/qbo_msgs/msg/detail/listen_result__rosidl_typesupport_fastrtps_cpp.hpp
[4.226s] -- Up-to-date: /home/qbo-v2/qbo_ws/src/install/qbo_msgs/include/qbo_msgs/qbo_msgs/msg/detail/dds_fastrtps
[4.226s] -- Up-to-date: /home/qbo-v2/qbo_ws/src/install/qbo_msgs/include/qbo_msgs/qbo_msgs/msg/rosidl_typesupport_fastrtps_cpp__visibility_control.h
[4.226s] -- Up-to-date: /home/qbo-v2/qbo_ws/src/install/qbo_msgs/lib/libqbo_msgs__rosidl_typesupport_fastrtps_cpp.so
[4.226s] -- Up-to-date: /home/qbo-v2/qbo_ws/src/install/qbo_msgs/include/qbo_msgs/qbo_msgs
[4.226s] -- Up-to-date: /home/qbo-v2/qbo_ws/src/install/qbo_msgs/include/qbo_msgs/qbo_msgs/msg
[4.226s] -- Up-to-date: /home/qbo-v2/qbo_ws/src/install/qbo_msgs/include/qbo_msgs/qbo_msgs/msg/detail
[4.227s] -- Up-to-date: /home/qbo-v2/qbo_ws/src/install/qbo_msgs/include/qbo_msgs/qbo_msgs/msg/detail/listen_result__rosidl_typesupport_introspection_cpp.hpp
[4.227s] -- Up-to-date: /home/qbo-v2/qbo_ws/src/install/qbo_msgs/include/qbo_msgs/qbo_msgs/msg/detail/listen_result__type_support.cpp
[4.227s] -- Up-to-date: /home/qbo-v2/qbo_ws/src/install/qbo_msgs/lib/libqbo_msgs__rosidl_typesupport_introspection_cpp.so
[4.227s] -- Up-to-date: /home/qbo-v2/qbo_ws/src/install/qbo_msgs/lib/libqbo_msgs__rosidl_typesupport_cpp.so
[4.227s] -- Up-to-date: /home/qbo-v2/qbo_ws/src/install/qbo_msgs/share/qbo_msgs/environment/pythonpath.sh
[4.228s] -- Installing: /home/qbo-v2/qbo_ws/src/install/qbo_msgs/share/qbo_msgs/environment/pythonpath.dsv
[4.228s] -- Up-to-date: /home/qbo-v2/qbo_ws/src/install/qbo_msgs/local/lib/python3.10/dist-packages/qbo_msgs-0.0.0-py3.10.egg-info
[4.228s] -- Installing: /home/qbo-v2/qbo_ws/src/install/qbo_msgs/local/lib/python3.10/dist-packages/qbo_msgs-0.0.0-py3.10.egg-info/SOURCES.txt
[4.228s] -- Installing: /home/qbo-v2/qbo_ws/src/install/qbo_msgs/local/lib/python3.10/dist-packages/qbo_msgs-0.0.0-py3.10.egg-info/dependency_links.txt
[4.228s] -- Installing: /home/qbo-v2/qbo_ws/src/install/qbo_msgs/local/lib/python3.10/dist-packages/qbo_msgs-0.0.0-py3.10.egg-info/PKG-INFO
[4.228s] -- Installing: /home/qbo-v2/qbo_ws/src/install/qbo_msgs/local/lib/python3.10/dist-packages/qbo_msgs-0.0.0-py3.10.egg-info/top_level.txt
[4.229s] -- Up-to-date: /home/qbo-v2/qbo_ws/src/install/qbo_msgs/local/lib/python3.10/dist-packages/qbo_msgs
[4.229s] -- Up-to-date: /home/qbo-v2/qbo_ws/src/install/qbo_msgs/local/lib/python3.10/dist-packages/qbo_msgs/qbo_msgs_s__rosidl_typesupport_c.cpython-310-aarch64-linux-gnu.so
[4.229s] -- Up-to-date: /home/qbo-v2/qbo_ws/src/install/qbo_msgs/local/lib/python3.10/dist-packages/qbo_msgs/_qbo_msgs_s.ep.rosidl_typesupport_fastrtps_c.c
[4.229s] -- Up-to-date: /home/qbo-v2/qbo_ws/src/install/qbo_msgs/local/lib/python3.10/dist-packages/qbo_msgs/msg
[4.229s] -- Up-to-date: /home/qbo-v2/qbo_ws/src/install/qbo_msgs/local/lib/python3.10/dist-packages/qbo_msgs/msg/_listen_result.py
[4.230s] -- Up-to-date: /home/qbo-v2/qbo_ws/src/install/qbo_msgs/local/lib/python3.10/dist-packages/qbo_msgs/msg/_listen_result_s.c
[4.230s] -- Up-to-date: /home/qbo-v2/qbo_ws/src/install/qbo_msgs/local/lib/python3.10/dist-packages/qbo_msgs/msg/__init__.py
[4.230s] -- Installing: /home/qbo-v2/qbo_ws/src/install/qbo_msgs/local/lib/python3.10/dist-packages/qbo_msgs/__init__.py
[4.230s] -- Up-to-date: /home/qbo-v2/qbo_ws/src/install/qbo_msgs/local/lib/python3.10/dist-packages/qbo_msgs/qbo_msgs_s__rosidl_typesupport_introspection_c.cpython-310-aarch64-linux-gnu.so
[4.230s] -- Up-to-date: /home/qbo-v2/qbo_ws/src/install/qbo_msgs/local/lib/python3.10/dist-packages/qbo_msgs/qbo_msgs_s__rosidl_typesupport_fastrtps_c.cpython-310-aarch64-linux-gnu.so
[4.231s] -- Up-to-date: /home/qbo-v2/qbo_ws/src/install/qbo_msgs/local/lib/python3.10/dist-packages/qbo_msgs/libqbo_msgs__rosidl_generator_py.so
[4.231s] -- Up-to-date: /home/qbo-v2/qbo_ws/src/install/qbo_msgs/local/lib/python3.10/dist-packages/qbo_msgs/_qbo_msgs_s.ep.rosidl_typesupport_introspection_c.c
[4.231s] -- Up-to-date: /home/qbo-v2/qbo_ws/src/install/qbo_msgs/local/lib/python3.10/dist-packages/qbo_msgs/_qbo_msgs_s.ep.rosidl_typesupport_c.c
[4.289s] Listing '/home/qbo-v2/qbo_ws/src/install/qbo_msgs/local/lib/python3.10/dist-packages/qbo_msgs'...
[4.290s] Compiling '/home/qbo-v2/qbo_ws/src/install/qbo_msgs/local/lib/python3.10/dist-packages/qbo_msgs/__init__.py'...
[4.290s] Listing '/home/qbo-v2/qbo_ws/src/install/qbo_msgs/local/lib/python3.10/dist-packages/qbo_msgs/msg'...
[4.299s] -- Up-to-date: /home/qbo-v2/qbo_ws/src/install/qbo_msgs/local/lib/python3.10/dist-packages/qbo_msgs/qbo_msgs_s__rosidl_typesupport_fastrtps_c.cpython-310-aarch64-linux-gnu.so
[4.300s] -- Up-to-date: /home/qbo-v2/qbo_ws/src/install/qbo_msgs/local/lib/python3.10/dist-packages/qbo_msgs/qbo_msgs_s__rosidl_typesupport_introspection_c.cpython-310-aarch64-linux-gnu.so
[4.300s] -- Up-to-date: /home/qbo-v2/qbo_ws/src/install/qbo_msgs/local/lib/python3.10/dist-packages/qbo_msgs/qbo_msgs_s__rosidl_typesupport_c.cpython-310-aarch64-linux-gnu.so
[4.301s] -- Up-to-date: /home/qbo-v2/qbo_ws/src/install/qbo_msgs/lib/libqbo_msgs__rosidl_generator_py.so
[4.301s] -- Up-to-date: /home/qbo-v2/qbo_ws/src/install/qbo_msgs/share/qbo_msgs/msg/ListenResult.idl
[4.301s] -- Up-to-date: /home/qbo-v2/qbo_ws/src/install/qbo_msgs/share/qbo_msgs/msg/ListenResult.msg
[4.302s] -- Up-to-date: /home/qbo-v2/qbo_ws/src/install/qbo_msgs/share/ament_index/resource_index/package_run_dependencies/qbo_msgs
[4.302s] -- Up-to-date: /home/qbo-v2/qbo_ws/src/install/qbo_msgs/share/ament_index/resource_index/parent_prefix_path/qbo_msgs
[4.303s] -- Up-to-date: /home/qbo-v2/qbo_ws/src/install/qbo_msgs/share/qbo_msgs/environment/ament_prefix_path.sh
[4.303s] -- Installing: /home/qbo-v2/qbo_ws/src/install/qbo_msgs/share/qbo_msgs/environment/ament_prefix_path.dsv
[4.303s] -- Up-to-date: /home/qbo-v2/qbo_ws/src/install/qbo_msgs/share/qbo_msgs/environment/path.sh
[4.303s] -- Installing: /home/qbo-v2/qbo_ws/src/install/qbo_msgs/share/qbo_msgs/environment/path.dsv
[4.304s] -- Up-to-date: /home/qbo-v2/qbo_ws/src/install/qbo_msgs/share/qbo_msgs/local_setup.bash
[4.304s] -- Up-to-date: /home/qbo-v2/qbo_ws/src/install/qbo_msgs/share/qbo_msgs/local_setup.sh
[4.304s] -- Up-to-date: /home/qbo-v2/qbo_ws/src/install/qbo_msgs/share/qbo_msgs/local_setup.zsh
[4.305s] -- Installing: /home/qbo-v2/qbo_ws/src/install/qbo_msgs/share/qbo_msgs/local_setup.dsv
[4.305s] -- Installing: /home/qbo-v2/qbo_ws/src/install/qbo_msgs/share/qbo_msgs/package.dsv
[4.305s] -- Up-to-date: /home/qbo-v2/qbo_ws/src/install/qbo_msgs/share/ament_index/resource_index/packages/qbo_msgs
[4.306s] -- Up-to-date: /home/qbo-v2/qbo_ws/src/install/qbo_msgs/share/qbo_msgs/cmake/export_qbo_msgs__rosidl_generator_cExport.cmake
[4.306s] -- Up-to-date: /home/qbo-v2/qbo_ws/src/install/qbo_msgs/share/qbo_msgs/cmake/export_qbo_msgs__rosidl_generator_cExport-noconfig.cmake
[4.306s] -- Up-to-date: /home/qbo-v2/qbo_ws/src/install/qbo_msgs/share/qbo_msgs/cmake/export_qbo_msgs__rosidl_typesupport_fastrtps_cExport.cmake
[4.307s] -- Up-to-date: /home/qbo-v2/qbo_ws/src/install/qbo_msgs/share/qbo_msgs/cmake/export_qbo_msgs__rosidl_typesupport_fastrtps_cExport-noconfig.cmake
[4.307s] -- Up-to-date: /home/qbo-v2/qbo_ws/src/install/qbo_msgs/share/qbo_msgs/cmake/qbo_msgs__rosidl_typesupport_introspection_cExport.cmake
[4.307s] -- Up-to-date: /home/qbo-v2/qbo_ws/src/install/qbo_msgs/share/qbo_msgs/cmake/qbo_msgs__rosidl_typesupport_introspection_cExport-noconfig.cmake
[4.307s] -- Up-to-date: /home/qbo-v2/qbo_ws/src/install/qbo_msgs/share/qbo_msgs/cmake/qbo_msgs__rosidl_typesupport_cExport.cmake
[4.307s] -- Up-to-date: /home/qbo-v2/qbo_ws/src/install/qbo_msgs/share/qbo_msgs/cmake/qbo_msgs__rosidl_typesupport_cExport-noconfig.cmake
[4.308s] -- Up-to-date: /home/qbo-v2/qbo_ws/src/install/qbo_msgs/share/qbo_msgs/cmake/export_qbo_msgs__rosidl_generator_cppExport.cmake
[4.308s] -- Up-to-date: /home/qbo-v2/qbo_ws/src/install/qbo_msgs/share/qbo_msgs/cmake/export_qbo_msgs__rosidl_typesupport_fastrtps_cppExport.cmake
[4.308s] -- Up-to-date: /home/qbo-v2/qbo_ws/src/install/qbo_msgs/share/qbo_msgs/cmake/export_qbo_msgs__rosidl_typesupport_fastrtps_cppExport-noconfig.cmake
[4.308s] -- Up-to-date: /home/qbo-v2/qbo_ws/src/install/qbo_msgs/share/qbo_msgs/cmake/qbo_msgs__rosidl_typesupport_introspection_cppExport.cmake
[4.309s] -- Up-to-date: /home/qbo-v2/qbo_ws/src/install/qbo_msgs/share/qbo_msgs/cmake/qbo_msgs__rosidl_typesupport_introspection_cppExport-noconfig.cmake
[4.309s] -- Up-to-date: /home/qbo-v2/qbo_ws/src/install/qbo_msgs/share/qbo_msgs/cmake/qbo_msgs__rosidl_typesupport_cppExport.cmake
[4.309s] -- Up-to-date: /home/qbo-v2/qbo_ws/src/install/qbo_msgs/share/qbo_msgs/cmake/qbo_msgs__rosidl_typesupport_cppExport-noconfig.cmake
[4.309s] -- Up-to-date: /home/qbo-v2/qbo_ws/src/install/qbo_msgs/share/qbo_msgs/cmake/export_qbo_msgs__rosidl_generator_pyExport.cmake
[4.309s] -- Up-to-date: /home/qbo-v2/qbo_ws/src/install/qbo_msgs/share/qbo_msgs/cmake/export_qbo_msgs__rosidl_generator_pyExport-noconfig.cmake
[4.310s] -- Up-to-date: /home/qbo-v2/qbo_ws/src/install/qbo_msgs/share/qbo_msgs/cmake/rosidl_cmake-extras.cmake
[4.310s] -- Up-to-date: /home/qbo-v2/qbo_ws/src/install/qbo_msgs/share/qbo_msgs/cmake/ament_cmake_export_include_directories-extras.cmake
[4.310s] -- Up-to-date: /home/qbo-v2/qbo_ws/src/install/qbo_msgs/share/qbo_msgs/cmake/ament_cmake_export_libraries-extras.cmake
[4.312s] -- Up-to-date: /home/qbo-v2/qbo_ws/src/install/qbo_msgs/share/qbo_msgs/cmake/ament_cmake_export_targets-extras.cmake
[4.312s] -- Up-to-date: /home/qbo-v2/qbo_ws/src/install/qbo_msgs/share/qbo_msgs/cmake/rosidl_cmake_export_typesupport_targets-extras.cmake
[4.312s] -- Up-to-date: /home/qbo-v2/qbo_ws/src/install/qbo_msgs/share/qbo_msgs/cmake/ament_cmake_export_dependencies-extras.cmake
[4.313s] -- Up-to-date: /home/qbo-v2/qbo_ws/src/install/qbo_msgs/share/qbo_msgs/cmake/rosidl_cmake_export_typesupport_libraries-extras.cmake
[4.314s] -- Up-to-date: /home/qbo-v2/qbo_ws/src/install/qbo_msgs/share/qbo_msgs/cmake/qbo_msgsConfig.cmake
[4.315s] -- Up-to-date: /home/qbo-v2/qbo_ws/src/install/qbo_msgs/share/qbo_msgs/cmake/qbo_msgsConfig-version.cmake
[4.315s] -- Up-to-date: /home/qbo-v2/qbo_ws/src/install/qbo_msgs/share/qbo_msgs/package.xml
[4.316s] Invoked command in '/home/qbo-v2/qbo_ws/src/build/qbo_msgs' returned '0': CMAKE_PREFIX_PATH=${CMAKE_PREFIX_PATH}:/home/qbo-v2/qbo_ws/src/install/qbo_driver:/home/qbo-v2/qbo_ws/install/qbo_driver:/opt/ros/humble /usr/bin/cmake --install /home/qbo-v2/qbo_ws/src/build/qbo_msgs
