[1.019s] Invoking command in '/home/qbo-v2/qbo_ws/src/qbo_driver': PYTHONPATH=/home/qbo-v2/qbo_ws/src/build/qbo_driver/prefix_override:/usr/lib/python3/dist-packages/colcon_core/task/python/colcon_distutils_commands:/home/qbo-v2/qbo_ws/src/install/qbo_driver/lib/python3.10/site-packages:${PYTHONPATH} /usr/bin/python3 -W ignore:setup.py install is deprecated -W ignore:easy_install command is deprecated setup.py egg_info --egg-base ../build/qbo_driver build --build-base /home/qbo-v2/qbo_ws/src/build/qbo_driver/build install --record /home/qbo-v2/qbo_ws/src/build/qbo_driver/install.log --single-version-externally-managed install_data
[1.398s] running egg_info
[1.420s] writing ../build/qbo_driver/qbo_driver.egg-info/PKG-INFO
[1.421s] writing dependency_links to ../build/qbo_driver/qbo_driver.egg-info/dependency_links.txt
[1.421s] writing entry points to ../build/qbo_driver/qbo_driver.egg-info/entry_points.txt
[1.422s] writing requirements to ../build/qbo_driver/qbo_driver.egg-info/requires.txt
[1.422s] writing top-level names to ../build/qbo_driver/qbo_driver.egg-info/top_level.txt
[1.469s] reading manifest file '../build/qbo_driver/qbo_driver.egg-info/SOURCES.txt'
[1.471s] writing manifest file '../build/qbo_driver/qbo_driver.egg-info/SOURCES.txt'
[1.471s] running build
[1.471s] running build_py
[1.472s] copying src/talk_piper_old.py -> /home/qbo-v2/qbo_ws/src/build/qbo_driver/build/lib/src
[1.472s] copying src/listen_whisper.py -> /home/qbo-v2/qbo_ws/src/build/qbo_driver/build/lib/src
[1.472s] copying src/brainRS.py -> /home/qbo-v2/qbo_ws/src/build/qbo_driver/build/lib/src
[1.472s] copying src/__init__.py -> /home/qbo-v2/qbo_ws/src/build/qbo_driver/build/lib/src
[1.473s] copying src/listen_old.py -> /home/qbo-v2/qbo_ws/src/build/qbo_driver/build/lib/src
[1.473s] copying src/diag_node.py -> /home/qbo-v2/qbo_ws/src/build/qbo_driver/build/lib/src
[1.473s] copying src/talk_piper.py -> /home/qbo-v2/qbo_ws/src/build/qbo_driver/build/lib/src
[1.474s] copying src/hardware_info.py -> /home/qbo-v2/qbo_ws/src/build/qbo_driver/build/lib/src
[1.474s] running install
[1.480s] running install_lib
[1.504s] copying /home/qbo-v2/qbo_ws/src/build/qbo_driver/build/lib/src/talk_piper.py -> /home/qbo-v2/qbo_ws/src/install/qbo_driver/lib/python3.10/site-packages/src
[1.505s] byte-compiling /home/qbo-v2/qbo_ws/src/install/qbo_driver/lib/python3.10/site-packages/src/talk_piper.py to talk_piper.cpython-310.pyc
[1.507s] running install_data
[1.507s] copying resource/qbo_driver -> /home/qbo-v2/qbo_ws/src/install/qbo_driver/share/ament_index/resource_index/packages
[1.508s] copying package.xml -> /home/qbo-v2/qbo_ws/src/install/qbo_driver/share/qbo_driver
[1.508s] copying launch/diag_launch.py -> /home/qbo-v2/qbo_ws/src/install/qbo_driver/share/qbo_driver/launch
[1.508s] copying config/thresholds.yaml -> /home/qbo-v2/qbo_ws/src/install/qbo_driver/share/qbo_driver
[1.509s] copying config/diagnostic_aggregator.yaml -> /home/qbo-v2/qbo_ws/src/install/qbo_driver/share/qbo_driver
[1.509s] copying config/RS/qbo.rive -> /home/qbo-v2/qbo_ws/src/install/qbo_driver/share/qbo_driver
[1.509s] running install_egg_info
[1.534s] removing '/home/qbo-v2/qbo_ws/src/install/qbo_driver/lib/python3.10/site-packages/qbo_driver-0.1.1-py3.10.egg-info' (and everything under it)
[1.534s] Copying ../build/qbo_driver/qbo_driver.egg-info to /home/qbo-v2/qbo_ws/src/install/qbo_driver/lib/python3.10/site-packages/qbo_driver-0.1.1-py3.10.egg-info
[1.536s] running install_scripts
[1.714s] Installing diag_node script to /home/qbo-v2/qbo_ws/src/install/qbo_driver/lib/qbo_driver
[1.714s] Installing qbo_brain script to /home/qbo-v2/qbo_ws/src/install/qbo_driver/lib/qbo_driver
[1.715s] Installing qbo_listen script to /home/qbo-v2/qbo_ws/src/install/qbo_driver/lib/qbo_driver
[1.715s] Installing qbo_talk script to /home/qbo-v2/qbo_ws/src/install/qbo_driver/lib/qbo_driver
[1.715s] writing list of installed files to '/home/qbo-v2/qbo_ws/src/build/qbo_driver/install.log'
[1.769s] Invoked command in '/home/qbo-v2/qbo_ws/src/qbo_driver' returned '0': PYTHONPATH=/home/qbo-v2/qbo_ws/src/build/qbo_driver/prefix_override:/usr/lib/python3/dist-packages/colcon_core/task/python/colcon_distutils_commands:/home/qbo-v2/qbo_ws/src/install/qbo_driver/lib/python3.10/site-packages:${PYTHONPATH} /usr/bin/python3 -W ignore:setup.py install is deprecated -W ignore:easy_install command is deprecated setup.py egg_info --egg-base ../build/qbo_driver build --build-base /home/qbo-v2/qbo_ws/src/build/qbo_driver/build install --record /home/qbo-v2/qbo_ws/src/build/qbo_driver/install.log --single-version-externally-managed install_data
