[1.258s] Invoking command in '/home/qbo-v2/qbo_ws/src/qbo_driver': PYTHONPATH=/home/qbo-v2/qbo_ws/src/build/qbo_driver/prefix_override:/usr/lib/python3/dist-packages/colcon_core/task/python/colcon_distutils_commands:/home/qbo-v2/qbo_ws/src/install/qbo_driver/lib/python3.10/site-packages:${PYTHONPATH} /usr/bin/python3 -W ignore:setup.py install is deprecated -W ignore:easy_install command is deprecated setup.py egg_info --egg-base ../build/qbo_driver build --build-base /home/qbo-v2/qbo_ws/src/build/qbo_driver/build install --record /home/qbo-v2/qbo_ws/src/build/qbo_driver/install.log --single-version-externally-managed install_data
[1.732s] running egg_info
[1.760s] writing ../build/qbo_driver/qbo_driver.egg-info/PKG-INFO
[1.761s] writing dependency_links to ../build/qbo_driver/qbo_driver.egg-info/dependency_links.txt
[1.762s] writing entry points to ../build/qbo_driver/qbo_driver.egg-info/entry_points.txt
[1.762s] writing requirements to ../build/qbo_driver/qbo_driver.egg-info/requires.txt
[1.762s] writing top-level names to ../build/qbo_driver/qbo_driver.egg-info/top_level.txt
[1.823s] reading manifest file '../build/qbo_driver/qbo_driver.egg-info/SOURCES.txt'
[1.825s] writing manifest file '../build/qbo_driver/qbo_driver.egg-info/SOURCES.txt'
[1.826s] running build
[1.826s] running build_py
[1.826s] copying qbo_driver/listen.py -> /home/qbo-v2/qbo_ws/src/build/qbo_driver/build/lib/qbo_driver
[1.827s] copying qbo_driver/__init__.py -> /home/qbo-v2/qbo_ws/src/build/qbo_driver/build/lib/qbo_driver
[1.827s] copying qbo_driver/listen_old.py -> /home/qbo-v2/qbo_ws/src/build/qbo_driver/build/lib/qbo_driver
[1.827s] copying qbo_driver/diag_node.py -> /home/qbo-v2/qbo_ws/src/build/qbo_driver/build/lib/qbo_driver
[1.828s] copying qbo_driver/hardware_info.py -> /home/qbo-v2/qbo_ws/src/build/qbo_driver/build/lib/qbo_driver
[1.828s] running install
[1.837s] running install_lib
[1.866s] copying /home/qbo-v2/qbo_ws/src/build/qbo_driver/build/lib/qbo_driver/listen.py -> /home/qbo-v2/qbo_ws/src/install/qbo_driver/lib/python3.10/site-packages/qbo_driver
[1.867s] byte-compiling /home/qbo-v2/qbo_ws/src/install/qbo_driver/lib/python3.10/site-packages/qbo_driver/listen.py to listen.cpython-310.pyc
[1.871s] running install_data
[1.871s] copying resource/qbo_driver -> /home/qbo-v2/qbo_ws/src/install/qbo_driver/share/ament_index/resource_index/packages
[1.872s] copying package.xml -> /home/qbo-v2/qbo_ws/src/install/qbo_driver/share/qbo_driver
[1.872s] copying launch/diag_launch.py -> /home/qbo-v2/qbo_ws/src/install/qbo_driver/share/qbo_driver/launch
[1.873s] copying qbo_driver/thresholds.yaml -> /home/qbo-v2/qbo_ws/src/install/qbo_driver/share/qbo_driver
[1.873s] copying qbo_driver/diagnostic_aggregator.yaml -> /home/qbo-v2/qbo_ws/src/install/qbo_driver/share/qbo_driver
[1.873s] running install_egg_info
[1.905s] removing '/home/qbo-v2/qbo_ws/src/install/qbo_driver/lib/python3.10/site-packages/qbo_driver-0.1.1-py3.10.egg-info' (and everything under it)
[1.905s] Copying ../build/qbo_driver/qbo_driver.egg-info to /home/qbo-v2/qbo_ws/src/install/qbo_driver/lib/python3.10/site-packages/qbo_driver-0.1.1-py3.10.egg-info
[1.907s] running install_scripts
[2.135s] Installing diag_node script to /home/qbo-v2/qbo_ws/src/install/qbo_driver/lib/qbo_driver
[2.136s] Installing qbo_listen script to /home/qbo-v2/qbo_ws/src/install/qbo_driver/lib/qbo_driver
[2.137s] writing list of installed files to '/home/qbo-v2/qbo_ws/src/build/qbo_driver/install.log'
[2.196s] Invoked command in '/home/qbo-v2/qbo_ws/src/qbo_driver' returned '0': PYTHONPATH=/home/qbo-v2/qbo_ws/src/build/qbo_driver/prefix_override:/usr/lib/python3/dist-packages/colcon_core/task/python/colcon_distutils_commands:/home/qbo-v2/qbo_ws/src/install/qbo_driver/lib/python3.10/site-packages:${PYTHONPATH} /usr/bin/python3 -W ignore:setup.py install is deprecated -W ignore:easy_install command is deprecated setup.py egg_info --egg-base ../build/qbo_driver build --build-base /home/qbo-v2/qbo_ws/src/build/qbo_driver/build install --record /home/qbo-v2/qbo_ws/src/build/qbo_driver/install.log --single-version-externally-managed install_data
