[1.244s] Invoking command in '/home/qbo-v2/qbo_ws/src/qbo_driver': PYTHONPATH=/home/qbo-v2/qbo_ws/src/build/qbo_driver/prefix_override:/usr/lib/python3/dist-packages/colcon_core/task/python/colcon_distutils_commands:/home/qbo-v2/qbo_ws/src/install/qbo_driver/lib/python3.10/site-packages:${PYTHONPATH} /usr/bin/python3 -W ignore:setup.py install is deprecated -W ignore:easy_install command is deprecated setup.py egg_info --egg-base ../build/qbo_driver build --build-base /home/qbo-v2/qbo_ws/src/build/qbo_driver/build install --record /home/qbo-v2/qbo_ws/src/build/qbo_driver/install.log --single-version-externally-managed install_data
[1.722s] running egg_info
[1.751s] writing ../build/qbo_driver/qbo_driver.egg-info/PKG-INFO
[1.752s] writing dependency_links to ../build/qbo_driver/qbo_driver.egg-info/dependency_links.txt
[1.752s] writing entry points to ../build/qbo_driver/qbo_driver.egg-info/entry_points.txt
[1.753s] writing requirements to ../build/qbo_driver/qbo_driver.egg-info/requires.txt
[1.753s] writing top-level names to ../build/qbo_driver/qbo_driver.egg-info/top_level.txt
[1.814s] reading manifest file '../build/qbo_driver/qbo_driver.egg-info/SOURCES.txt'
[1.816s] writing manifest file '../build/qbo_driver/qbo_driver.egg-info/SOURCES.txt'
[1.817s] running build
[1.817s] running build_py
[1.817s] copying qbo_driver/listen.py -> /home/qbo-v2/qbo_ws/src/build/qbo_driver/build/lib/qbo_driver
[1.818s] copying qbo_driver/__init__.py -> /home/qbo-v2/qbo_ws/src/build/qbo_driver/build/lib/qbo_driver
[1.818s] copying qbo_driver/listen_old.py -> /home/qbo-v2/qbo_ws/src/build/qbo_driver/build/lib/qbo_driver
[1.819s] copying qbo_driver/diag_node.py -> /home/qbo-v2/qbo_ws/src/build/qbo_driver/build/lib/qbo_driver
[1.819s] copying qbo_driver/hardware_info.py -> /home/qbo-v2/qbo_ws/src/build/qbo_driver/build/lib/qbo_driver
[1.820s] running install
[1.828s] running install_lib
[1.858s] running install_data
[1.859s] copying resource/qbo_driver -> /home/qbo-v2/qbo_ws/src/install/qbo_driver/share/ament_index/resource_index/packages
[1.859s] copying package.xml -> /home/qbo-v2/qbo_ws/src/install/qbo_driver/share/qbo_driver
[1.860s] copying launch/diag_launch.py -> /home/qbo-v2/qbo_ws/src/install/qbo_driver/share/qbo_driver/launch
[1.860s] copying qbo_driver/thresholds.yaml -> /home/qbo-v2/qbo_ws/src/install/qbo_driver/share/qbo_driver
[1.861s] copying qbo_driver/diagnostic_aggregator.yaml -> /home/qbo-v2/qbo_ws/src/install/qbo_driver/share/qbo_driver
[1.861s] running install_egg_info
[1.892s] removing '/home/qbo-v2/qbo_ws/src/install/qbo_driver/lib/python3.10/site-packages/qbo_driver-0.1.1-py3.10.egg-info' (and everything under it)
[1.893s] Copying ../build/qbo_driver/qbo_driver.egg-info to /home/qbo-v2/qbo_ws/src/install/qbo_driver/lib/python3.10/site-packages/qbo_driver-0.1.1-py3.10.egg-info
[1.895s] running install_scripts
[2.126s] Installing diag_node script to /home/qbo-v2/qbo_ws/src/install/qbo_driver/lib/qbo_driver
[2.127s] Installing qbo_listen script to /home/qbo-v2/qbo_ws/src/install/qbo_driver/lib/qbo_driver
[2.128s] writing list of installed files to '/home/qbo-v2/qbo_ws/src/build/qbo_driver/install.log'
[2.187s] Invoked command in '/home/qbo-v2/qbo_ws/src/qbo_driver' returned '0': PYTHONPATH=/home/qbo-v2/qbo_ws/src/build/qbo_driver/prefix_override:/usr/lib/python3/dist-packages/colcon_core/task/python/colcon_distutils_commands:/home/qbo-v2/qbo_ws/src/install/qbo_driver/lib/python3.10/site-packages:${PYTHONPATH} /usr/bin/python3 -W ignore:setup.py install is deprecated -W ignore:easy_install command is deprecated setup.py egg_info --egg-base ../build/qbo_driver build --build-base /home/qbo-v2/qbo_ws/src/build/qbo_driver/build install --record /home/qbo-v2/qbo_ws/src/build/qbo_driver/install.log --single-version-externally-managed install_data
