-- The C compiler identification is GNU 11.4.0
-- The CXX compiler identification is GNU 11.4.0
-- Detecting C compiler ABI info
-- Detecting C compiler ABI info - done
-- Check for working C compiler: /usr/bin/cc - skipped
-- Detecting C compile features
-- Detecting C compile features - done
-- Detecting CXX compiler ABI info
-- Detecting CXX compiler ABI info - done
-- Check for working CXX compiler: /usr/bin/c++ - skipped
-- Detecting CXX compile features
-- Detecting CXX compile features - done
-- Found ament_cmake: 1.3.11 (/opt/ros/humble/share/ament_cmake/cmake)
-- Found Python3: /usr/bin/python3 (found version "3.10.12") found components: Interpreter 
-- Found rosidl_default_generators: 1.2.0 (/opt/ros/humble/share/rosidl_default_generators/cmake)
-- Using all available rosidl_typesupport_c: rosidl_typesupport_fastrtps_c;rosidl_typesupport_introspection_c
-- Found rosidl_adapter: 3.1.6 (/opt/ros/humble/share/rosidl_adapter/cmake)
-- Using all available rosidl_typesupport_cpp: rosidl_typesupport_fastrtps_cpp;rosidl_typesupport_introspection_cpp
-- Found ament_cmake_ros: 0.10.0 (/opt/ros/humble/share/ament_cmake_ros/cmake)
-- Using all available rosidl_typesupport_c: rosidl_typesupport_fastrtps_c;rosidl_typesupport_introspection_c
-- Using all available rosidl_typesupport_cpp: rosidl_typesupport_fastrtps_cpp;rosidl_typesupport_introspection_cpp
-- Found PythonInterp: /usr/bin/python3 (found suitable version "3.10.12", minimum required is "3.6") 
-- Found python_cmake_module: 0.10.0 (/opt/ros/humble/share/python_cmake_module/cmake)
-- Found PythonLibs: /usr/lib/aarch64-linux-gnu/libpython3.10.so (found suitable version "3.10.12", minimum required is "3.5") 
-- Using PYTHON_EXECUTABLE: /usr/bin/python3
-- Using PYTHON_INCLUDE_DIRS: /usr/include/python3.10
-- Using PYTHON_LIBRARIES: /usr/lib/aarch64-linux-gnu/libpython3.10.so
-- Found PythonExtra: .so  
-- Configuring done
-- Generating done
-- Build files have been written to: /home/qbo-v2/qbo_ws/src/build/qbo_msgs
[  2%] [34m[1mGenerating C code for ROS interfaces[0m
[  5%] [34m[1mGenerating C++ code for ROS interfaces[0m
[  5%] Built target ament_cmake_python_copy_qbo_msgs
running egg_info
writing qbo_msgs.egg-info/PKG-INFO
writing dependency_links to qbo_msgs.egg-info/dependency_links.txt
writing top-level names to qbo_msgs.egg-info/top_level.txt
reading manifest file 'qbo_msgs.egg-info/SOURCES.txt'
writing manifest file 'qbo_msgs.egg-info/SOURCES.txt'
[  5%] Built target ament_cmake_python_build_qbo_msgs_egg
[  5%] Built target qbo_msgs__cpp
[35m[1mConsolidate compiler generated dependencies of target qbo_msgs__rosidl_generator_c[0m
[  7%] [34m[1mGenerating C++ type support for eProsima Fast-RTPS[0m
[ 10%] [34m[1mGenerating C++ introspection for ROS interfaces[0m
[ 12%] [34m[1mGenerating C++ type support dispatch for ROS interfaces[0m
[ 17%] [32mBuilding C object CMakeFiles/qbo_msgs__rosidl_generator_c.dir/rosidl_generator_c/qbo_msgs/msg/detail/listen_result__functions.c.o[0m
[ 17%] [32mBuilding C object CMakeFiles/qbo_msgs__rosidl_generator_c.dir/rosidl_generator_c/qbo_msgs/srv/detail/text2_speach__functions.c.o[0m
[ 20%] [32m[1mLinking C shared library libqbo_msgs__rosidl_generator_c.so[0m
[ 20%] Built target qbo_msgs__rosidl_generator_c
[ 28%] [34m[1mGenerating C type support for eProsima Fast-RTPS[0m
[ 28%] [34m[1mGenerating C introspection for ROS interfaces[0m
[ 28%] [34m[1mGenerating C type support dispatch for ROS interfaces[0m
[35m[1mConsolidate compiler generated dependencies of target qbo_msgs__rosidl_typesupport_cpp[0m
[ 30%] [32mBuilding CXX object CMakeFiles/qbo_msgs__rosidl_typesupport_cpp.dir/rosidl_typesupport_cpp/qbo_msgs/msg/listen_result__type_support.cpp.o[0m
[ 33%] [32mBuilding CXX object CMakeFiles/qbo_msgs__rosidl_typesupport_cpp.dir/rosidl_typesupport_cpp/qbo_msgs/srv/text2_speach__type_support.cpp.o[0m
[35m[1mConsolidate compiler generated dependencies of target qbo_msgs__rosidl_typesupport_introspection_cpp[0m
[ 38%] [32mBuilding CXX object CMakeFiles/qbo_msgs__rosidl_typesupport_introspection_cpp.dir/rosidl_typesupport_introspection_cpp/qbo_msgs/msg/detail/listen_result__type_support.cpp.o[0m
[ 38%] [32mBuilding CXX object CMakeFiles/qbo_msgs__rosidl_typesupport_introspection_cpp.dir/rosidl_typesupport_introspection_cpp/qbo_msgs/srv/detail/text2_speach__type_support.cpp.o[0m
[35m[1mConsolidate compiler generated dependencies of target qbo_msgs__rosidl_typesupport_fastrtps_cpp[0m
[ 41%] [32mBuilding CXX object CMakeFiles/qbo_msgs__rosidl_typesupport_fastrtps_cpp.dir/rosidl_typesupport_fastrtps_cpp/qbo_msgs/msg/detail/dds_fastrtps/listen_result__type_support.cpp.o[0m
[35m[1mConsolidate compiler generated dependencies of target qbo_msgs__rosidl_typesupport_c[0m
[ 43%] [32mBuilding CXX object CMakeFiles/qbo_msgs__rosidl_typesupport_c.dir/rosidl_typesupport_c/qbo_msgs/msg/listen_result__type_support.cpp.o[0m
[ 46%] [32mBuilding CXX object CMakeFiles/qbo_msgs__rosidl_typesupport_c.dir/rosidl_typesupport_c/qbo_msgs/srv/text2_speach__type_support.cpp.o[0m
[35m[1mConsolidate compiler generated dependencies of target qbo_msgs__rosidl_typesupport_introspection_c[0m
[35m[1mConsolidate compiler generated dependencies of target qbo_msgs__rosidl_typesupport_fastrtps_c[0m
[ 48%] [32mBuilding C object CMakeFiles/qbo_msgs__rosidl_typesupport_introspection_c.dir/rosidl_typesupport_introspection_c/qbo_msgs/msg/detail/listen_result__type_support.c.o[0m
[ 51%] [32mBuilding CXX object CMakeFiles/qbo_msgs__rosidl_typesupport_fastrtps_c.dir/rosidl_typesupport_fastrtps_c/qbo_msgs/msg/detail/listen_result__type_support_c.cpp.o[0m
[ 53%] [32m[1mLinking CXX shared library libqbo_msgs__rosidl_typesupport_c.so[0m
[ 56%] [32mBuilding C object CMakeFiles/qbo_msgs__rosidl_typesupport_introspection_c.dir/rosidl_typesupport_introspection_c/qbo_msgs/srv/detail/text2_speach__type_support.c.o[0m
[ 56%] Built target qbo_msgs__rosidl_typesupport_c
[ 58%] [32mBuilding CXX object CMakeFiles/qbo_msgs__rosidl_typesupport_fastrtps_cpp.dir/rosidl_typesupport_fastrtps_cpp/qbo_msgs/srv/detail/dds_fastrtps/text2_speach__type_support.cpp.o[0m
[ 61%] [32m[1mLinking C shared library libqbo_msgs__rosidl_typesupport_introspection_c.so[0m
[ 61%] Built target qbo_msgs__rosidl_typesupport_introspection_c
[ 64%] [32mBuilding CXX object CMakeFiles/qbo_msgs__rosidl_typesupport_fastrtps_c.dir/rosidl_typesupport_fastrtps_c/qbo_msgs/srv/detail/text2_speach__type_support_c.cpp.o[0m
[ 66%] [32m[1mLinking CXX shared library libqbo_msgs__rosidl_typesupport_cpp.so[0m
[ 66%] Built target qbo_msgs__rosidl_typesupport_cpp
[ 69%] [32m[1mLinking CXX shared library libqbo_msgs__rosidl_typesupport_introspection_cpp.so[0m
[ 69%] Built target qbo_msgs__rosidl_typesupport_introspection_cpp
[ 71%] [32m[1mLinking CXX shared library libqbo_msgs__rosidl_typesupport_fastrtps_c.so[0m
[ 74%] [32m[1mLinking CXX shared library libqbo_msgs__rosidl_typesupport_fastrtps_cpp.so[0m
[ 74%] Built target qbo_msgs__rosidl_typesupport_fastrtps_cpp
[ 74%] Built target qbo_msgs__rosidl_typesupport_fastrtps_c
[ 74%] Built target qbo_msgs
[ 76%] [34m[1mGenerating Python code for ROS interfaces[0m
[ 76%] Built target qbo_msgs__py
[35m[1mConsolidate compiler generated dependencies of target qbo_msgs__rosidl_generator_py[0m
[ 82%] [32mBuilding C object CMakeFiles/qbo_msgs__rosidl_generator_py.dir/rosidl_generator_py/qbo_msgs/msg/_listen_result_s.c.o[0m
[ 82%] [32mBuilding C object CMakeFiles/qbo_msgs__rosidl_generator_py.dir/rosidl_generator_py/qbo_msgs/srv/_text2_speach_s.c.o[0m
[ 84%] [32m[1mLinking C shared library rosidl_generator_py/qbo_msgs/libqbo_msgs__rosidl_generator_py.so[0m
[ 84%] Built target qbo_msgs__rosidl_generator_py
[35m[1mConsolidate compiler generated dependencies of target qbo_msgs__rosidl_typesupport_c__pyext[0m
[35m[1mConsolidate compiler generated dependencies of target qbo_msgs__rosidl_typesupport_fastrtps_c__pyext[0m
[35m[1mConsolidate compiler generated dependencies of target qbo_msgs__rosidl_typesupport_introspection_c__pyext[0m
[ 89%] [32mBuilding C object CMakeFiles/qbo_msgs__rosidl_typesupport_fastrtps_c__pyext.dir/rosidl_generator_py/qbo_msgs/_qbo_msgs_s.ep.rosidl_typesupport_fastrtps_c.c.o[0m
[ 89%] [32mBuilding C object CMakeFiles/qbo_msgs__rosidl_typesupport_c__pyext.dir/rosidl_generator_py/qbo_msgs/_qbo_msgs_s.ep.rosidl_typesupport_c.c.o[0m
[ 92%] [32mBuilding C object CMakeFiles/qbo_msgs__rosidl_typesupport_introspection_c__pyext.dir/rosidl_generator_py/qbo_msgs/_qbo_msgs_s.ep.rosidl_typesupport_introspection_c.c.o[0m
[ 94%] [32m[1mLinking C shared library rosidl_generator_py/qbo_msgs/qbo_msgs_s__rosidl_typesupport_c.cpython-310-aarch64-linux-gnu.so[0m
[ 97%] [32m[1mLinking C shared library rosidl_generator_py/qbo_msgs/qbo_msgs_s__rosidl_typesupport_introspection_c.cpython-310-aarch64-linux-gnu.so[0m
[100%] [32m[1mLinking C shared library rosidl_generator_py/qbo_msgs/qbo_msgs_s__rosidl_typesupport_fastrtps_c.cpython-310-aarch64-linux-gnu.so[0m
[100%] Built target qbo_msgs__rosidl_typesupport_c__pyext
[100%] Built target qbo_msgs__rosidl_typesupport_introspection_c__pyext
[100%] Built target qbo_msgs__rosidl_typesupport_fastrtps_c__pyext
-- Install configuration: ""
-- Installing: /home/qbo-v2/qbo_ws/src/install/qbo_msgs/share/ament_index/resource_index/rosidl_interfaces/qbo_msgs
-- Up-to-date: /home/qbo-v2/qbo_ws/src/install/qbo_msgs/include/qbo_msgs/qbo_msgs
-- Installing: /home/qbo-v2/qbo_ws/src/install/qbo_msgs/include/qbo_msgs/qbo_msgs/srv
-- Installing: /home/qbo-v2/qbo_ws/src/install/qbo_msgs/include/qbo_msgs/qbo_msgs/srv/text2_speach.h
-- Installing: /home/qbo-v2/qbo_ws/src/install/qbo_msgs/include/qbo_msgs/qbo_msgs/srv/detail
-- Installing: /home/qbo-v2/qbo_ws/src/install/qbo_msgs/include/qbo_msgs/qbo_msgs/srv/detail/text2_speach__functions.h
-- Installing: /home/qbo-v2/qbo_ws/src/install/qbo_msgs/include/qbo_msgs/qbo_msgs/srv/detail/text2_speach__type_support.h
-- Installing: /home/qbo-v2/qbo_ws/src/install/qbo_msgs/include/qbo_msgs/qbo_msgs/srv/detail/text2_speach__struct.h
-- Installing: /home/qbo-v2/qbo_ws/src/install/qbo_msgs/include/qbo_msgs/qbo_msgs/srv/detail/text2_speach__functions.c
-- Up-to-date: /home/qbo-v2/qbo_ws/src/install/qbo_msgs/include/qbo_msgs/qbo_msgs/msg
-- Up-to-date: /home/qbo-v2/qbo_ws/src/install/qbo_msgs/include/qbo_msgs/qbo_msgs/msg/rosidl_generator_c__visibility_control.h
-- Up-to-date: /home/qbo-v2/qbo_ws/src/install/qbo_msgs/include/qbo_msgs/qbo_msgs/msg/detail
-- Installing: /home/qbo-v2/qbo_ws/src/install/qbo_msgs/include/qbo_msgs/qbo_msgs/msg/detail/listen_result__functions.c
-- Installing: /home/qbo-v2/qbo_ws/src/install/qbo_msgs/include/qbo_msgs/qbo_msgs/msg/detail/listen_result__struct.h
-- Installing: /home/qbo-v2/qbo_ws/src/install/qbo_msgs/include/qbo_msgs/qbo_msgs/msg/detail/listen_result__type_support.h
-- Installing: /home/qbo-v2/qbo_ws/src/install/qbo_msgs/include/qbo_msgs/qbo_msgs/msg/detail/listen_result__functions.h
-- Installing: /home/qbo-v2/qbo_ws/src/install/qbo_msgs/include/qbo_msgs/qbo_msgs/msg/listen_result.h
-- Up-to-date: /home/qbo-v2/qbo_ws/src/install/qbo_msgs/share/qbo_msgs/environment/library_path.sh
-- Installing: /home/qbo-v2/qbo_ws/src/install/qbo_msgs/share/qbo_msgs/environment/library_path.dsv
-- Installing: /home/qbo-v2/qbo_ws/src/install/qbo_msgs/lib/libqbo_msgs__rosidl_generator_c.so
-- Set runtime path of "/home/qbo-v2/qbo_ws/src/install/qbo_msgs/lib/libqbo_msgs__rosidl_generator_c.so" to ""
-- Up-to-date: /home/qbo-v2/qbo_ws/src/install/qbo_msgs/include/qbo_msgs/qbo_msgs
-- Up-to-date: /home/qbo-v2/qbo_ws/src/install/qbo_msgs/include/qbo_msgs/qbo_msgs/srv
-- Up-to-date: /home/qbo-v2/qbo_ws/src/install/qbo_msgs/include/qbo_msgs/qbo_msgs/srv/detail
-- Installing: /home/qbo-v2/qbo_ws/src/install/qbo_msgs/include/qbo_msgs/qbo_msgs/srv/detail/text2_speach__rosidl_typesupport_fastrtps_c.h
-- Up-to-date: /home/qbo-v2/qbo_ws/src/install/qbo_msgs/include/qbo_msgs/qbo_msgs/msg
-- Up-to-date: /home/qbo-v2/qbo_ws/src/install/qbo_msgs/include/qbo_msgs/qbo_msgs/msg/detail
-- Installing: /home/qbo-v2/qbo_ws/src/install/qbo_msgs/include/qbo_msgs/qbo_msgs/msg/detail/listen_result__rosidl_typesupport_fastrtps_c.h
-- Up-to-date: /home/qbo-v2/qbo_ws/src/install/qbo_msgs/include/qbo_msgs/qbo_msgs/msg/rosidl_typesupport_fastrtps_c__visibility_control.h
-- Installing: /home/qbo-v2/qbo_ws/src/install/qbo_msgs/lib/libqbo_msgs__rosidl_typesupport_fastrtps_c.so
-- Set runtime path of "/home/qbo-v2/qbo_ws/src/install/qbo_msgs/lib/libqbo_msgs__rosidl_typesupport_fastrtps_c.so" to ""
-- Up-to-date: /home/qbo-v2/qbo_ws/src/install/qbo_msgs/include/qbo_msgs/qbo_msgs
-- Up-to-date: /home/qbo-v2/qbo_ws/src/install/qbo_msgs/include/qbo_msgs/qbo_msgs/srv
-- Up-to-date: /home/qbo-v2/qbo_ws/src/install/qbo_msgs/include/qbo_msgs/qbo_msgs/srv/detail
-- Installing: /home/qbo-v2/qbo_ws/src/install/qbo_msgs/include/qbo_msgs/qbo_msgs/srv/detail/text2_speach__rosidl_typesupport_introspection_c.h
-- Installing: /home/qbo-v2/qbo_ws/src/install/qbo_msgs/include/qbo_msgs/qbo_msgs/srv/detail/text2_speach__type_support.c
-- Up-to-date: /home/qbo-v2/qbo_ws/src/install/qbo_msgs/include/qbo_msgs/qbo_msgs/msg
-- Up-to-date: /home/qbo-v2/qbo_ws/src/install/qbo_msgs/include/qbo_msgs/qbo_msgs/msg/detail
-- Installing: /home/qbo-v2/qbo_ws/src/install/qbo_msgs/include/qbo_msgs/qbo_msgs/msg/detail/listen_result__type_support.c
-- Installing: /home/qbo-v2/qbo_ws/src/install/qbo_msgs/include/qbo_msgs/qbo_msgs/msg/detail/listen_result__rosidl_typesupport_introspection_c.h
-- Up-to-date: /home/qbo-v2/qbo_ws/src/install/qbo_msgs/include/qbo_msgs/qbo_msgs/msg/rosidl_typesupport_introspection_c__visibility_control.h
-- Installing: /home/qbo-v2/qbo_ws/src/install/qbo_msgs/lib/libqbo_msgs__rosidl_typesupport_introspection_c.so
-- Set runtime path of "/home/qbo-v2/qbo_ws/src/install/qbo_msgs/lib/libqbo_msgs__rosidl_typesupport_introspection_c.so" to ""
-- Installing: /home/qbo-v2/qbo_ws/src/install/qbo_msgs/lib/libqbo_msgs__rosidl_typesupport_c.so
-- Set runtime path of "/home/qbo-v2/qbo_ws/src/install/qbo_msgs/lib/libqbo_msgs__rosidl_typesupport_c.so" to ""
-- Up-to-date: /home/qbo-v2/qbo_ws/src/install/qbo_msgs/include/qbo_msgs/qbo_msgs
-- Up-to-date: /home/qbo-v2/qbo_ws/src/install/qbo_msgs/include/qbo_msgs/qbo_msgs/srv
-- Up-to-date: /home/qbo-v2/qbo_ws/src/install/qbo_msgs/include/qbo_msgs/qbo_msgs/srv/detail
-- Installing: /home/qbo-v2/qbo_ws/src/install/qbo_msgs/include/qbo_msgs/qbo_msgs/srv/detail/text2_speach__builder.hpp
-- Installing: /home/qbo-v2/qbo_ws/src/install/qbo_msgs/include/qbo_msgs/qbo_msgs/srv/detail/text2_speach__type_support.hpp
-- Installing: /home/qbo-v2/qbo_ws/src/install/qbo_msgs/include/qbo_msgs/qbo_msgs/srv/detail/text2_speach__traits.hpp
-- Installing: /home/qbo-v2/qbo_ws/src/install/qbo_msgs/include/qbo_msgs/qbo_msgs/srv/detail/text2_speach__struct.hpp
-- Installing: /home/qbo-v2/qbo_ws/src/install/qbo_msgs/include/qbo_msgs/qbo_msgs/srv/text2_speach.hpp
-- Up-to-date: /home/qbo-v2/qbo_ws/src/install/qbo_msgs/include/qbo_msgs/qbo_msgs/msg
-- Up-to-date: /home/qbo-v2/qbo_ws/src/install/qbo_msgs/include/qbo_msgs/qbo_msgs/msg/detail
-- Installing: /home/qbo-v2/qbo_ws/src/install/qbo_msgs/include/qbo_msgs/qbo_msgs/msg/detail/listen_result__builder.hpp
-- Installing: /home/qbo-v2/qbo_ws/src/install/qbo_msgs/include/qbo_msgs/qbo_msgs/msg/detail/listen_result__struct.hpp
-- Installing: /home/qbo-v2/qbo_ws/src/install/qbo_msgs/include/qbo_msgs/qbo_msgs/msg/detail/listen_result__traits.hpp
-- Installing: /home/qbo-v2/qbo_ws/src/install/qbo_msgs/include/qbo_msgs/qbo_msgs/msg/detail/listen_result__type_support.hpp
-- Up-to-date: /home/qbo-v2/qbo_ws/src/install/qbo_msgs/include/qbo_msgs/qbo_msgs/msg/rosidl_generator_cpp__visibility_control.hpp
-- Installing: /home/qbo-v2/qbo_ws/src/install/qbo_msgs/include/qbo_msgs/qbo_msgs/msg/listen_result.hpp
-- Up-to-date: /home/qbo-v2/qbo_ws/src/install/qbo_msgs/include/qbo_msgs/qbo_msgs
-- Up-to-date: /home/qbo-v2/qbo_ws/src/install/qbo_msgs/include/qbo_msgs/qbo_msgs/srv
-- Up-to-date: /home/qbo-v2/qbo_ws/src/install/qbo_msgs/include/qbo_msgs/qbo_msgs/srv/detail
-- Installing: /home/qbo-v2/qbo_ws/src/install/qbo_msgs/include/qbo_msgs/qbo_msgs/srv/detail/text2_speach__rosidl_typesupport_fastrtps_cpp.hpp
-- Installing: /home/qbo-v2/qbo_ws/src/install/qbo_msgs/include/qbo_msgs/qbo_msgs/srv/detail/dds_fastrtps
-- Up-to-date: /home/qbo-v2/qbo_ws/src/install/qbo_msgs/include/qbo_msgs/qbo_msgs/msg
-- Up-to-date: /home/qbo-v2/qbo_ws/src/install/qbo_msgs/include/qbo_msgs/qbo_msgs/msg/detail
-- Installing: /home/qbo-v2/qbo_ws/src/install/qbo_msgs/include/qbo_msgs/qbo_msgs/msg/detail/listen_result__rosidl_typesupport_fastrtps_cpp.hpp
-- Up-to-date: /home/qbo-v2/qbo_ws/src/install/qbo_msgs/include/qbo_msgs/qbo_msgs/msg/detail/dds_fastrtps
-- Up-to-date: /home/qbo-v2/qbo_ws/src/install/qbo_msgs/include/qbo_msgs/qbo_msgs/msg/rosidl_typesupport_fastrtps_cpp__visibility_control.h
-- Installing: /home/qbo-v2/qbo_ws/src/install/qbo_msgs/lib/libqbo_msgs__rosidl_typesupport_fastrtps_cpp.so
-- Set runtime path of "/home/qbo-v2/qbo_ws/src/install/qbo_msgs/lib/libqbo_msgs__rosidl_typesupport_fastrtps_cpp.so" to ""
-- Up-to-date: /home/qbo-v2/qbo_ws/src/install/qbo_msgs/include/qbo_msgs/qbo_msgs
-- Up-to-date: /home/qbo-v2/qbo_ws/src/install/qbo_msgs/include/qbo_msgs/qbo_msgs/srv
-- Up-to-date: /home/qbo-v2/qbo_ws/src/install/qbo_msgs/include/qbo_msgs/qbo_msgs/srv/detail
-- Installing: /home/qbo-v2/qbo_ws/src/install/qbo_msgs/include/qbo_msgs/qbo_msgs/srv/detail/text2_speach__type_support.cpp
-- Installing: /home/qbo-v2/qbo_ws/src/install/qbo_msgs/include/qbo_msgs/qbo_msgs/srv/detail/text2_speach__rosidl_typesupport_introspection_cpp.hpp
-- Up-to-date: /home/qbo-v2/qbo_ws/src/install/qbo_msgs/include/qbo_msgs/qbo_msgs/msg
-- Up-to-date: /home/qbo-v2/qbo_ws/src/install/qbo_msgs/include/qbo_msgs/qbo_msgs/msg/detail
-- Installing: /home/qbo-v2/qbo_ws/src/install/qbo_msgs/include/qbo_msgs/qbo_msgs/msg/detail/listen_result__rosidl_typesupport_introspection_cpp.hpp
-- Installing: /home/qbo-v2/qbo_ws/src/install/qbo_msgs/include/qbo_msgs/qbo_msgs/msg/detail/listen_result__type_support.cpp
-- Installing: /home/qbo-v2/qbo_ws/src/install/qbo_msgs/lib/libqbo_msgs__rosidl_typesupport_introspection_cpp.so
-- Set runtime path of "/home/qbo-v2/qbo_ws/src/install/qbo_msgs/lib/libqbo_msgs__rosidl_typesupport_introspection_cpp.so" to ""
-- Installing: /home/qbo-v2/qbo_ws/src/install/qbo_msgs/lib/libqbo_msgs__rosidl_typesupport_cpp.so
-- Set runtime path of "/home/qbo-v2/qbo_ws/src/install/qbo_msgs/lib/libqbo_msgs__rosidl_typesupport_cpp.so" to ""
-- Up-to-date: /home/qbo-v2/qbo_ws/src/install/qbo_msgs/share/qbo_msgs/environment/pythonpath.sh
-- Installing: /home/qbo-v2/qbo_ws/src/install/qbo_msgs/share/qbo_msgs/environment/pythonpath.dsv
-- Installing: /home/qbo-v2/qbo_ws/src/install/qbo_msgs/local/lib/python3.10/dist-packages/qbo_msgs-0.1.1-py3.10.egg-info
-- Installing: /home/qbo-v2/qbo_ws/src/install/qbo_msgs/local/lib/python3.10/dist-packages/qbo_msgs-0.1.1-py3.10.egg-info/SOURCES.txt
-- Installing: /home/qbo-v2/qbo_ws/src/install/qbo_msgs/local/lib/python3.10/dist-packages/qbo_msgs-0.1.1-py3.10.egg-info/dependency_links.txt
-- Installing: /home/qbo-v2/qbo_ws/src/install/qbo_msgs/local/lib/python3.10/dist-packages/qbo_msgs-0.1.1-py3.10.egg-info/PKG-INFO
-- Installing: /home/qbo-v2/qbo_ws/src/install/qbo_msgs/local/lib/python3.10/dist-packages/qbo_msgs-0.1.1-py3.10.egg-info/top_level.txt
-- Up-to-date: /home/qbo-v2/qbo_ws/src/install/qbo_msgs/local/lib/python3.10/dist-packages/qbo_msgs
-- Installing: /home/qbo-v2/qbo_ws/src/install/qbo_msgs/local/lib/python3.10/dist-packages/qbo_msgs/srv
-- Installing: /home/qbo-v2/qbo_ws/src/install/qbo_msgs/local/lib/python3.10/dist-packages/qbo_msgs/srv/__init__.py
-- Installing: /home/qbo-v2/qbo_ws/src/install/qbo_msgs/local/lib/python3.10/dist-packages/qbo_msgs/srv/_text2_speach.py
-- Installing: /home/qbo-v2/qbo_ws/src/install/qbo_msgs/local/lib/python3.10/dist-packages/qbo_msgs/srv/_text2_speach_s.c
-- Installing: /home/qbo-v2/qbo_ws/src/install/qbo_msgs/local/lib/python3.10/dist-packages/qbo_msgs/qbo_msgs_s__rosidl_typesupport_c.cpython-310-aarch64-linux-gnu.so
-- Installing: /home/qbo-v2/qbo_ws/src/install/qbo_msgs/local/lib/python3.10/dist-packages/qbo_msgs/_qbo_msgs_s.ep.rosidl_typesupport_fastrtps_c.c
-- Up-to-date: /home/qbo-v2/qbo_ws/src/install/qbo_msgs/local/lib/python3.10/dist-packages/qbo_msgs/msg
-- Installing: /home/qbo-v2/qbo_ws/src/install/qbo_msgs/local/lib/python3.10/dist-packages/qbo_msgs/msg/_listen_result.py
-- Installing: /home/qbo-v2/qbo_ws/src/install/qbo_msgs/local/lib/python3.10/dist-packages/qbo_msgs/msg/_listen_result_s.c
-- Installing: /home/qbo-v2/qbo_ws/src/install/qbo_msgs/local/lib/python3.10/dist-packages/qbo_msgs/msg/__init__.py
-- Installing: /home/qbo-v2/qbo_ws/src/install/qbo_msgs/local/lib/python3.10/dist-packages/qbo_msgs/__init__.py
-- Installing: /home/qbo-v2/qbo_ws/src/install/qbo_msgs/local/lib/python3.10/dist-packages/qbo_msgs/qbo_msgs_s__rosidl_typesupport_introspection_c.cpython-310-aarch64-linux-gnu.so
-- Installing: /home/qbo-v2/qbo_ws/src/install/qbo_msgs/local/lib/python3.10/dist-packages/qbo_msgs/qbo_msgs_s__rosidl_typesupport_fastrtps_c.cpython-310-aarch64-linux-gnu.so
-- Installing: /home/qbo-v2/qbo_ws/src/install/qbo_msgs/local/lib/python3.10/dist-packages/qbo_msgs/libqbo_msgs__rosidl_generator_py.so
-- Installing: /home/qbo-v2/qbo_ws/src/install/qbo_msgs/local/lib/python3.10/dist-packages/qbo_msgs/_qbo_msgs_s.ep.rosidl_typesupport_introspection_c.c
-- Installing: /home/qbo-v2/qbo_ws/src/install/qbo_msgs/local/lib/python3.10/dist-packages/qbo_msgs/_qbo_msgs_s.ep.rosidl_typesupport_c.c
Listing '/home/qbo-v2/qbo_ws/src/install/qbo_msgs/local/lib/python3.10/dist-packages/qbo_msgs'...
Compiling '/home/qbo-v2/qbo_ws/src/install/qbo_msgs/local/lib/python3.10/dist-packages/qbo_msgs/__init__.py'...
Listing '/home/qbo-v2/qbo_ws/src/install/qbo_msgs/local/lib/python3.10/dist-packages/qbo_msgs/msg'...
Compiling '/home/qbo-v2/qbo_ws/src/install/qbo_msgs/local/lib/python3.10/dist-packages/qbo_msgs/msg/__init__.py'...
Compiling '/home/qbo-v2/qbo_ws/src/install/qbo_msgs/local/lib/python3.10/dist-packages/qbo_msgs/msg/_listen_result.py'...
Listing '/home/qbo-v2/qbo_ws/src/install/qbo_msgs/local/lib/python3.10/dist-packages/qbo_msgs/srv'...
Compiling '/home/qbo-v2/qbo_ws/src/install/qbo_msgs/local/lib/python3.10/dist-packages/qbo_msgs/srv/__init__.py'...
Compiling '/home/qbo-v2/qbo_ws/src/install/qbo_msgs/local/lib/python3.10/dist-packages/qbo_msgs/srv/_text2_speach.py'...
-- Installing: /home/qbo-v2/qbo_ws/src/install/qbo_msgs/local/lib/python3.10/dist-packages/qbo_msgs/qbo_msgs_s__rosidl_typesupport_fastrtps_c.cpython-310-aarch64-linux-gnu.so
-- Set runtime path of "/home/qbo-v2/qbo_ws/src/install/qbo_msgs/local/lib/python3.10/dist-packages/qbo_msgs/qbo_msgs_s__rosidl_typesupport_fastrtps_c.cpython-310-aarch64-linux-gnu.so" to ""
-- Installing: /home/qbo-v2/qbo_ws/src/install/qbo_msgs/local/lib/python3.10/dist-packages/qbo_msgs/qbo_msgs_s__rosidl_typesupport_introspection_c.cpython-310-aarch64-linux-gnu.so
-- Set runtime path of "/home/qbo-v2/qbo_ws/src/install/qbo_msgs/local/lib/python3.10/dist-packages/qbo_msgs/qbo_msgs_s__rosidl_typesupport_introspection_c.cpython-310-aarch64-linux-gnu.so" to ""
-- Installing: /home/qbo-v2/qbo_ws/src/install/qbo_msgs/local/lib/python3.10/dist-packages/qbo_msgs/qbo_msgs_s__rosidl_typesupport_c.cpython-310-aarch64-linux-gnu.so
-- Set runtime path of "/home/qbo-v2/qbo_ws/src/install/qbo_msgs/local/lib/python3.10/dist-packages/qbo_msgs/qbo_msgs_s__rosidl_typesupport_c.cpython-310-aarch64-linux-gnu.so" to ""
-- Installing: /home/qbo-v2/qbo_ws/src/install/qbo_msgs/lib/libqbo_msgs__rosidl_generator_py.so
-- Set runtime path of "/home/qbo-v2/qbo_ws/src/install/qbo_msgs/lib/libqbo_msgs__rosidl_generator_py.so" to ""
-- Up-to-date: /home/qbo-v2/qbo_ws/src/install/qbo_msgs/share/qbo_msgs/msg/ListenResult.idl
-- Installing: /home/qbo-v2/qbo_ws/src/install/qbo_msgs/share/qbo_msgs/srv/Text2Speach.idl
-- Up-to-date: /home/qbo-v2/qbo_ws/src/install/qbo_msgs/share/qbo_msgs/msg/ListenResult.msg
-- Installing: /home/qbo-v2/qbo_ws/src/install/qbo_msgs/share/qbo_msgs/srv/Text2Speach.srv
-- Installing: /home/qbo-v2/qbo_ws/src/install/qbo_msgs/share/qbo_msgs/srv/Text2Speach_Request.msg
-- Installing: /home/qbo-v2/qbo_ws/src/install/qbo_msgs/share/qbo_msgs/srv/Text2Speach_Response.msg
-- Up-to-date: /home/qbo-v2/qbo_ws/src/install/qbo_msgs/share/ament_index/resource_index/package_run_dependencies/qbo_msgs
-- Installing: /home/qbo-v2/qbo_ws/src/install/qbo_msgs/share/ament_index/resource_index/parent_prefix_path/qbo_msgs
-- Up-to-date: /home/qbo-v2/qbo_ws/src/install/qbo_msgs/share/qbo_msgs/environment/ament_prefix_path.sh
-- Installing: /home/qbo-v2/qbo_ws/src/install/qbo_msgs/share/qbo_msgs/environment/ament_prefix_path.dsv
-- Up-to-date: /home/qbo-v2/qbo_ws/src/install/qbo_msgs/share/qbo_msgs/environment/path.sh
-- Installing: /home/qbo-v2/qbo_ws/src/install/qbo_msgs/share/qbo_msgs/environment/path.dsv
-- Up-to-date: /home/qbo-v2/qbo_ws/src/install/qbo_msgs/share/qbo_msgs/local_setup.bash
-- Up-to-date: /home/qbo-v2/qbo_ws/src/install/qbo_msgs/share/qbo_msgs/local_setup.sh
-- Up-to-date: /home/qbo-v2/qbo_ws/src/install/qbo_msgs/share/qbo_msgs/local_setup.zsh
-- Installing: /home/qbo-v2/qbo_ws/src/install/qbo_msgs/share/qbo_msgs/local_setup.dsv
-- Installing: /home/qbo-v2/qbo_ws/src/install/qbo_msgs/share/qbo_msgs/package.dsv
-- Up-to-date: /home/qbo-v2/qbo_ws/src/install/qbo_msgs/share/ament_index/resource_index/packages/qbo_msgs
-- Up-to-date: /home/qbo-v2/qbo_ws/src/install/qbo_msgs/share/qbo_msgs/cmake/export_qbo_msgs__rosidl_generator_cExport.cmake
-- Up-to-date: /home/qbo-v2/qbo_ws/src/install/qbo_msgs/share/qbo_msgs/cmake/export_qbo_msgs__rosidl_generator_cExport-noconfig.cmake
-- Up-to-date: /home/qbo-v2/qbo_ws/src/install/qbo_msgs/share/qbo_msgs/cmake/export_qbo_msgs__rosidl_typesupport_fastrtps_cExport.cmake
-- Up-to-date: /home/qbo-v2/qbo_ws/src/install/qbo_msgs/share/qbo_msgs/cmake/export_qbo_msgs__rosidl_typesupport_fastrtps_cExport-noconfig.cmake
-- Up-to-date: /home/qbo-v2/qbo_ws/src/install/qbo_msgs/share/qbo_msgs/cmake/qbo_msgs__rosidl_typesupport_introspection_cExport.cmake
-- Up-to-date: /home/qbo-v2/qbo_ws/src/install/qbo_msgs/share/qbo_msgs/cmake/qbo_msgs__rosidl_typesupport_introspection_cExport-noconfig.cmake
-- Up-to-date: /home/qbo-v2/qbo_ws/src/install/qbo_msgs/share/qbo_msgs/cmake/qbo_msgs__rosidl_typesupport_cExport.cmake
-- Up-to-date: /home/qbo-v2/qbo_ws/src/install/qbo_msgs/share/qbo_msgs/cmake/qbo_msgs__rosidl_typesupport_cExport-noconfig.cmake
-- Up-to-date: /home/qbo-v2/qbo_ws/src/install/qbo_msgs/share/qbo_msgs/cmake/export_qbo_msgs__rosidl_generator_cppExport.cmake
-- Up-to-date: /home/qbo-v2/qbo_ws/src/install/qbo_msgs/share/qbo_msgs/cmake/export_qbo_msgs__rosidl_typesupport_fastrtps_cppExport.cmake
-- Up-to-date: /home/qbo-v2/qbo_ws/src/install/qbo_msgs/share/qbo_msgs/cmake/export_qbo_msgs__rosidl_typesupport_fastrtps_cppExport-noconfig.cmake
-- Up-to-date: /home/qbo-v2/qbo_ws/src/install/qbo_msgs/share/qbo_msgs/cmake/qbo_msgs__rosidl_typesupport_introspection_cppExport.cmake
-- Up-to-date: /home/qbo-v2/qbo_ws/src/install/qbo_msgs/share/qbo_msgs/cmake/qbo_msgs__rosidl_typesupport_introspection_cppExport-noconfig.cmake
-- Up-to-date: /home/qbo-v2/qbo_ws/src/install/qbo_msgs/share/qbo_msgs/cmake/qbo_msgs__rosidl_typesupport_cppExport.cmake
-- Up-to-date: /home/qbo-v2/qbo_ws/src/install/qbo_msgs/share/qbo_msgs/cmake/qbo_msgs__rosidl_typesupport_cppExport-noconfig.cmake
-- Up-to-date: /home/qbo-v2/qbo_ws/src/install/qbo_msgs/share/qbo_msgs/cmake/export_qbo_msgs__rosidl_generator_pyExport.cmake
-- Up-to-date: /home/qbo-v2/qbo_ws/src/install/qbo_msgs/share/qbo_msgs/cmake/export_qbo_msgs__rosidl_generator_pyExport-noconfig.cmake
-- Installing: /home/qbo-v2/qbo_ws/src/install/qbo_msgs/share/qbo_msgs/cmake/rosidl_cmake-extras.cmake
-- Up-to-date: /home/qbo-v2/qbo_ws/src/install/qbo_msgs/share/qbo_msgs/cmake/ament_cmake_export_include_directories-extras.cmake
-- Up-to-date: /home/qbo-v2/qbo_ws/src/install/qbo_msgs/share/qbo_msgs/cmake/ament_cmake_export_libraries-extras.cmake
-- Up-to-date: /home/qbo-v2/qbo_ws/src/install/qbo_msgs/share/qbo_msgs/cmake/ament_cmake_export_targets-extras.cmake
-- Up-to-date: /home/qbo-v2/qbo_ws/src/install/qbo_msgs/share/qbo_msgs/cmake/rosidl_cmake_export_typesupport_targets-extras.cmake
-- Up-to-date: /home/qbo-v2/qbo_ws/src/install/qbo_msgs/share/qbo_msgs/cmake/ament_cmake_export_dependencies-extras.cmake
-- Up-to-date: /home/qbo-v2/qbo_ws/src/install/qbo_msgs/share/qbo_msgs/cmake/rosidl_cmake_export_typesupport_libraries-extras.cmake
-- Installing: /home/qbo-v2/qbo_ws/src/install/qbo_msgs/share/qbo_msgs/cmake/qbo_msgsConfig.cmake
-- Installing: /home/qbo-v2/qbo_ws/src/install/qbo_msgs/share/qbo_msgs/cmake/qbo_msgsConfig-version.cmake
-- Installing: /home/qbo-v2/qbo_ws/src/install/qbo_msgs/share/qbo_msgs/package.xml
