[1.070s] Invoking command in '/home/qbo-v2/qbo_ws/src/qbo_driver': AMENT_PREFIX_PATH=/home/qbo-v2/qbo_ws/src/install/qbo_msgs:${AMENT_PREFIX_PATH} CMAKE_PREFIX_PATH=/home/qbo-v2/qbo_ws/src/install/qbo_msgs:${CMAKE_PREFIX_PATH} LD_LIBRARY_PATH=/home/qbo-v2/qbo_ws/src/install/qbo_msgs/lib:${LD_LIBRARY_PATH} PYTHONPATH=/home/qbo-v2/qbo_ws/src/build/qbo_driver/prefix_override:/usr/lib/python3/dist-packages/colcon_core/task/python/colcon_distutils_commands:/home/qbo-v2/qbo_ws/src/install/qbo_driver/lib/python3.10/site-packages:/home/qbo-v2/qbo_ws/src/install/qbo_msgs/local/lib/python3.10/dist-packages:${PYTHONPATH} /usr/bin/python3 -W ignore:setup.py install is deprecated -W ignore:easy_install command is deprecated setup.py egg_info --egg-base ../build/qbo_driver build --build-base /home/qbo-v2/qbo_ws/src/build/qbo_driver/build install --record /home/qbo-v2/qbo_ws/src/build/qbo_driver/install.log --single-version-externally-managed install_data
[1.441s] running egg_info
[1.463s] writing ../build/qbo_driver/qbo_driver.egg-info/PKG-INFO
[1.467s] writing dependency_links to ../build/qbo_driver/qbo_driver.egg-info/dependency_links.txt
[1.468s] writing entry points to ../build/qbo_driver/qbo_driver.egg-info/entry_points.txt
[1.468s] writing requirements to ../build/qbo_driver/qbo_driver.egg-info/requires.txt
[1.468s] writing top-level names to ../build/qbo_driver/qbo_driver.egg-info/top_level.txt
[1.516s] reading manifest file '../build/qbo_driver/qbo_driver.egg-info/SOURCES.txt'
[1.520s] writing manifest file '../build/qbo_driver/qbo_driver.egg-info/SOURCES.txt'
[1.520s] running build
[1.520s] running build_py
[1.521s] copying src/talk_piper_old.py -> /home/qbo-v2/qbo_ws/src/build/qbo_driver/build/lib/src
[1.521s] copying src/listen_whisper.py -> /home/qbo-v2/qbo_ws/src/build/qbo_driver/build/lib/src
[1.521s] copying src/brainRS.py -> /home/qbo-v2/qbo_ws/src/build/qbo_driver/build/lib/src
[1.522s] copying src/__init__.py -> /home/qbo-v2/qbo_ws/src/build/qbo_driver/build/lib/src
[1.522s] copying src/listen_old.py -> /home/qbo-v2/qbo_ws/src/build/qbo_driver/build/lib/src
[1.523s] copying src/diag_node.py -> /home/qbo-v2/qbo_ws/src/build/qbo_driver/build/lib/src
[1.523s] copying src/talk_piper.py -> /home/qbo-v2/qbo_ws/src/build/qbo_driver/build/lib/src
[1.523s] copying src/hardware_info.py -> /home/qbo-v2/qbo_ws/src/build/qbo_driver/build/lib/src
[1.524s] running install
[1.531s] running install_lib
[1.555s] copying /home/qbo-v2/qbo_ws/src/build/qbo_driver/build/lib/src/talk_piper_old.py -> /home/qbo-v2/qbo_ws/src/install/qbo_driver/lib/python3.10/site-packages/src
[1.555s] copying /home/qbo-v2/qbo_ws/src/build/qbo_driver/build/lib/src/listen_whisper.py -> /home/qbo-v2/qbo_ws/src/install/qbo_driver/lib/python3.10/site-packages/src
[1.556s] copying /home/qbo-v2/qbo_ws/src/build/qbo_driver/build/lib/src/talk_piper.py -> /home/qbo-v2/qbo_ws/src/install/qbo_driver/lib/python3.10/site-packages/src
[1.557s] byte-compiling /home/qbo-v2/qbo_ws/src/install/qbo_driver/lib/python3.10/site-packages/src/talk_piper_old.py to talk_piper_old.cpython-310.pyc
[1.558s] byte-compiling /home/qbo-v2/qbo_ws/src/install/qbo_driver/lib/python3.10/site-packages/src/listen_whisper.py to listen_whisper.cpython-310.pyc
[1.561s] byte-compiling /home/qbo-v2/qbo_ws/src/install/qbo_driver/lib/python3.10/site-packages/src/talk_piper.py to talk_piper.cpython-310.pyc
[1.562s] running install_data
[1.564s] copying resource/qbo_driver -> /home/qbo-v2/qbo_ws/src/install/qbo_driver/share/ament_index/resource_index/packages
[1.564s] copying package.xml -> /home/qbo-v2/qbo_ws/src/install/qbo_driver/share/qbo_driver
[1.565s] copying launch/diag_launch.py -> /home/qbo-v2/qbo_ws/src/install/qbo_driver/share/qbo_driver/launch
[1.565s] copying config/thresholds.yaml -> /home/qbo-v2/qbo_ws/src/install/qbo_driver/share/qbo_driver
[1.566s] copying config/diagnostic_aggregator.yaml -> /home/qbo-v2/qbo_ws/src/install/qbo_driver/share/qbo_driver
[1.567s] copying config/RS/qbo.rive -> /home/qbo-v2/qbo_ws/src/install/qbo_driver/share/qbo_driver
[1.567s] running install_egg_info
[1.591s] removing '/home/qbo-v2/qbo_ws/src/install/qbo_driver/lib/python3.10/site-packages/qbo_driver-0.1.1-py3.10.egg-info' (and everything under it)
[1.592s] Copying ../build/qbo_driver/qbo_driver.egg-info to /home/qbo-v2/qbo_ws/src/install/qbo_driver/lib/python3.10/site-packages/qbo_driver-0.1.1-py3.10.egg-info
[1.594s] running install_scripts
[1.818s] Installing diag_node script to /home/qbo-v2/qbo_ws/src/install/qbo_driver/lib/qbo_driver
[1.819s] Installing qbo_brain script to /home/qbo-v2/qbo_ws/src/install/qbo_driver/lib/qbo_driver
[1.820s] Installing qbo_listen script to /home/qbo-v2/qbo_ws/src/install/qbo_driver/lib/qbo_driver
[1.820s] Installing qbo_talk script to /home/qbo-v2/qbo_ws/src/install/qbo_driver/lib/qbo_driver
[1.820s] writing list of installed files to '/home/qbo-v2/qbo_ws/src/build/qbo_driver/install.log'
[1.872s] Invoked command in '/home/qbo-v2/qbo_ws/src/qbo_driver' returned '0': AMENT_PREFIX_PATH=/home/qbo-v2/qbo_ws/src/install/qbo_msgs:${AMENT_PREFIX_PATH} CMAKE_PREFIX_PATH=/home/qbo-v2/qbo_ws/src/install/qbo_msgs:${CMAKE_PREFIX_PATH} LD_LIBRARY_PATH=/home/qbo-v2/qbo_ws/src/install/qbo_msgs/lib:${LD_LIBRARY_PATH} PYTHONPATH=/home/qbo-v2/qbo_ws/src/build/qbo_driver/prefix_override:/usr/lib/python3/dist-packages/colcon_core/task/python/colcon_distutils_commands:/home/qbo-v2/qbo_ws/src/install/qbo_driver/lib/python3.10/site-packages:/home/qbo-v2/qbo_ws/src/install/qbo_msgs/local/lib/python3.10/dist-packages:${PYTHONPATH} /usr/bin/python3 -W ignore:setup.py install is deprecated -W ignore:easy_install command is deprecated setup.py egg_info --egg-base ../build/qbo_driver build --build-base /home/qbo-v2/qbo_ws/src/build/qbo_driver/build install --record /home/qbo-v2/qbo_ws/src/build/qbo_driver/install.log --single-version-externally-managed install_data
